<?xml version="1.0" encoding="UTF-8"?>
<testsuite xmlns:xsi="http://www.w3.org/2001/XMLSchema-instance" xsi:noNamespaceSchemaLocation="https://maven.apache.org/surefire/maven-surefire-plugin/xsd/surefire-test-report-3.0.xsd" version="3.0" name="com.soaresdev.productorderapi.controllers.v1.UserControllerTest" time="0.496" tests="34" errors="0" skipped="0" failures="0">
  <properties>
[...]
</properties>
  <testcase name="shouldReturn404WhenIsAuthenticatedAndUserNotFoundInDeleteRoleFromUser" classname="com.soaresdev.productorderapi.controllers.v1.UserControllerTest" time="0.013">
    <system-out><![CDATA[2024-02-01T22:20:43.972-03:00  INFO 11768 --- [           main] t.c.s.AnnotationConfigContextLoaderUtils : Could not detect default configuration classes for test class [com.soaresdev.productorderapi.controllers.v1.UserControllerTest]: UserControllerTest does not declare any static, non-private, non-final, nested classes annotated with @Configuration.
2024-02-01T22:20:43.975-03:00  INFO 11768 --- [           main] .b.t.c.SpringBootTestContextBootstrapper : Found @SpringBootConfiguration com.soaresdev.productorderapi.ProductOrderApiApplication for test class com.soaresdev.productorderapi.controllers.v1.UserControllerTest

  .   ____          _            __ _ _
 /\\ / ___'_ __ _ _(_)_ __  __ _ \ \ \ \
( ( )\___ | '_ | '_| | '_ \/ _` | \ \ \ \
 \\/  ___)| |_)| | | | | || (_| |  ) ) ) )
  '  |____| .__|_| |_|_| |_\__, | / / / /
 =========|_|==============|___/=/_/_/_/
 :: Spring Boot ::                (v3.1.0)

2024-02-01T22:20:43.990-03:00  INFO 11768 --- [           main] c.s.p.controllers.v1.UserControllerTest  : Starting UserControllerTest using Java 17.0.4 with PID 11768 (started by hiago in C:\Users\hiago\OneDrive\Documentos\Programacao\Projetos JAVA\product-order-api)
2024-02-01T22:20:43.991-03:00  INFO 11768 --- [           main] c.s.p.controllers.v1.UserControllerTest  : The following 1 profile is active: "prod"
2024-02-01T22:20:44.178-03:00  INFO 11768 --- [           main] o.s.s.web.DefaultSecurityFilterChain     : Will secure any request with [org.springframework.security.web.session.DisableEncodeUrlFilter@75f67ea7, org.springframework.security.web.context.request.async.WebAsyncManagerIntegrationFilter@549561ab, org.springframework.security.web.context.SecurityContextHolderFilter@71e839ee, org.springframework.security.web.header.HeaderWriterFilter@2026af0, org.springframework.security.web.authentication.logout.LogoutFilter@6b994b71, com.soaresdev.productorderapi.security.jwt.JwtTokenFilter@785aeba9, org.springframework.security.web.savedrequest.RequestCacheAwareFilter@36a65069, org.springframework.security.web.servletapi.SecurityContextHolderAwareRequestFilter@2762e9a7, org.springframework.security.web.authentication.AnonymousAuthenticationFilter@1bd98c48, org.springframework.security.web.session.SessionManagementFilter@31c9bb2f, org.springframework.security.web.access.ExceptionTranslationFilter@397fced4, org.springframework.security.web.access.intercept.AuthorizationFilter@5f2788f2]
2024-02-01T22:20:44.207-03:00  INFO 11768 --- [           main] o.s.b.t.m.w.SpringBootMockServletContext : Initializing Spring TestDispatcherServlet ''
2024-02-01T22:20:44.207-03:00  INFO 11768 --- [           main] o.s.t.web.servlet.TestDispatcherServlet  : Initializing Servlet ''
2024-02-01T22:20:44.207-03:00  INFO 11768 --- [           main] o.s.t.web.servlet.TestDispatcherServlet  : Completed initialization in 0 ms
2024-02-01T22:20:44.210-03:00  INFO 11768 --- [           main] c.s.p.controllers.v1.UserControllerTest  : Started UserControllerTest in 0.232 seconds (process running for 6.922)

MockHttpServletRequest:
      HTTP Method = DELETE
      Request URI = /v1/users/2722f0f6-1db2-4cce-b6f8-389dc96dc147/roles
       Parameters = {}
          Headers = [Content-Type:"application/json;charset=UTF-8", Content-Length:"24"]
             Body = {"roleName":"ROLE_USER"}
    Session Attrs = {}

Handler:
             Type = com.soaresdev.productorderapi.controllers.v1.UserController
           Method = com.soaresdev.productorderapi.controllers.v1.UserController#deleteRole(String, UserRoleInsertDTO)

Async:
    Async started = false
     Async result = null

Resolved Exception:
             Type = jakarta.persistence.EntityNotFoundException

ModelAndView:
        View name = null
             View = null
            Model = null

FlashMap:
       Attributes = null

MockHttpServletResponse:
           Status = 404
    Error message = null
          Headers = [Vary:"Origin", "Access-Control-Request-Method", "Access-Control-Request-Headers", Content-Type:"application/json", X-Content-Type-Options:"nosniff", X-XSS-Protection:"0", Cache-Control:"no-cache, no-store, max-age=0, must-revalidate", Pragma:"no-cache", Expires:"0", X-Frame-Options:"DENY"]
     Content type = application/json
             Body = {"timestamp":"2024-02-02T01:20:44.220233800Z","status":404,"error":"EntityNotFoundException","message":"User not found","path":"/v1/users/2722f0f6-1db2-4cce-b6f8-389dc96dc147/roles"}
    Forwarded URL = null
   Redirected URL = null
          Cookies = []
]]></system-out>
  </testcase>
  <testcase name="shouldReturn400WhenSendInvalidUserInUpdateUserByUUID" classname="com.soaresdev.productorderapi.controllers.v1.UserControllerTest" time="0.013">
    <system-out><![CDATA[
MockHttpServletRequest:
      HTTP Method = PUT
      Request URI = /v1/users/2722f0f6-1db2-4cce-b6f8-389dc96dc147
       Parameters = {}
          Headers = [Content-Type:"application/json;charset=UTF-8", Content-Length:"73"]
             Body = {"name":"1-testing","email":"testing","password":"123","phone":"testing"}
    Session Attrs = {}

Handler:
             Type = com.soaresdev.productorderapi.controllers.v1.UserController
           Method = com.soaresdev.productorderapi.controllers.v1.UserController#updateByUUID(String, UserInsertDTO)

Async:
    Async started = false
     Async result = null

Resolved Exception:
             Type = org.springframework.web.bind.MethodArgumentNotValidException

ModelAndView:
        View name = null
             View = null
            Model = null

FlashMap:
       Attributes = null

MockHttpServletResponse:
           Status = 400
    Error message = null
          Headers = [Vary:"Origin", "Access-Control-Request-Method", "Access-Control-Request-Headers", Content-Type:"application/json", X-Content-Type-Options:"nosniff", X-XSS-Protection:"0", Cache-Control:"no-cache, no-store, max-age=0, must-revalidate", Pragma:"no-cache", Expires:"0", X-Frame-Options:"DENY"]
     Content type = application/json
             Body = {"timestamp":"2024-02-02T01:20:44.234758900Z","status":400,"errors":["email: Invalid email","name: Invalid name","password: Password must contain at least 6 characters, with at least one number","phone: Invalid phone"],"path":"/v1/users/2722f0f6-1db2-4cce-b6f8-389dc96dc147"}
    Forwarded URL = null
   Redirected URL = null
          Cookies = []
]]></system-out>
  </testcase>
  <testcase name="shouldReturn400WhenSendInvalidRoleInDeleteRoleFromUser" classname="com.soaresdev.productorderapi.controllers.v1.UserControllerTest" time="0.005">
    <system-out><![CDATA[
MockHttpServletRequest:
      HTTP Method = DELETE
      Request URI = /v1/users/2722f0f6-1db2-4cce-b6f8-389dc96dc147/roles
       Parameters = {}
          Headers = [Content-Type:"application/json;charset=UTF-8", Content-Length:"17"]
             Body = {"roleName":null}
    Session Attrs = {}

Handler:
             Type = com.soaresdev.productorderapi.controllers.v1.UserController
           Method = com.soaresdev.productorderapi.controllers.v1.UserController#deleteRole(String, UserRoleInsertDTO)

Async:
    Async started = false
     Async result = null

Resolved Exception:
             Type = org.springframework.web.bind.MethodArgumentNotValidException

ModelAndView:
        View name = null
             View = null
            Model = null

FlashMap:
       Attributes = null

MockHttpServletResponse:
           Status = 400
    Error message = null
          Headers = [Vary:"Origin", "Access-Control-Request-Method", "Access-Control-Request-Headers", Content-Type:"application/json", X-Content-Type-Options:"nosniff", X-XSS-Protection:"0", Cache-Control:"no-cache, no-store, max-age=0, must-revalidate", Pragma:"no-cache", Expires:"0", X-Frame-Options:"DENY"]
     Content type = application/json
             Body = {"timestamp":"2024-02-02T01:20:44.243779200Z","status":400,"errors":["roleName: Role name can not be null"],"path":"/v1/users/2722f0f6-1db2-4cce-b6f8-389dc96dc147/roles"}
    Forwarded URL = null
   Redirected URL = null
          Cookies = []
]]></system-out>
  </testcase>
  <testcase name="shouldInsertUserAsXmlAndReturn201" classname="com.soaresdev.productorderapi.controllers.v1.UserControllerTest" time="0.017">
    <system-out><![CDATA[
MockHttpServletRequest:
      HTTP Method = POST
      Request URI = /v1/users
       Parameters = {}
          Headers = [Content-Type:"application/xml;charset=UTF-8", Accept:"application/xml", Content-Length:"140"]
             Body = <UserInsertDTO><name>testing</name><email>testing@gmail.com</email><password>testing123</password><phone>21487451236</phone></UserInsertDTO>
    Session Attrs = {}

Handler:
             Type = com.soaresdev.productorderapi.controllers.v1.UserController
           Method = com.soaresdev.productorderapi.controllers.v1.UserController#insert(UserInsertDTO)

Async:
    Async started = false
     Async result = null

Resolved Exception:
             Type = null

ModelAndView:
        View name = null
             View = null
            Model = null

FlashMap:
       Attributes = null

MockHttpServletResponse:
           Status = 201
    Error message = null
          Headers = [Vary:"Origin", "Access-Control-Request-Method", "Access-Control-Request-Headers", Location:"http://localhost/v1/users/2722f0f6-1db2-4cce-b6f8-389dc96dc147", Content-Type:"application/xml", X-Content-Type-Options:"nosniff", X-XSS-Protection:"0", Cache-Control:"no-cache, no-store, max-age=0, must-revalidate", Pragma:"no-cache", Expires:"0", X-Frame-Options:"DENY"]
     Content type = application/xml
             Body = <UserDTO><id>2722f0f6-1db2-4cce-b6f8-389dc96dc147</id><name>testing</name><email>testing@gmail.com</email><phone>21487451236</phone></UserDTO>
    Forwarded URL = null
   Redirected URL = http://localhost/v1/users/2722f0f6-1db2-4cce-b6f8-389dc96dc147
          Cookies = []
]]></system-out>
  </testcase>
  <testcase name="shouldReturn403WhenIsNotAuthenticatedInDeleteRoleFromUser" classname="com.soaresdev.productorderapi.controllers.v1.UserControllerTest" time="0.003">
    <system-out><![CDATA[
MockHttpServletRequest:
      HTTP Method = DELETE
      Request URI = /v1/users/2722f0f6-1db2-4cce-b6f8-389dc96dc147/roles
       Parameters = {}
          Headers = [Content-Type:"application/json;charset=UTF-8", Content-Length:"24"]
             Body = {"roleName":"ROLE_USER"}
    Session Attrs = {}

Handler:
             Type = null

Async:
    Async started = false
     Async result = null

Resolved Exception:
             Type = null

ModelAndView:
        View name = null
             View = null
            Model = null

FlashMap:
       Attributes = null

MockHttpServletResponse:
           Status = 403
    Error message = Access Denied
          Headers = [X-Content-Type-Options:"nosniff", X-XSS-Protection:"0", Cache-Control:"no-cache, no-store, max-age=0, must-revalidate", Pragma:"no-cache", Expires:"0", X-Frame-Options:"DENY"]
     Content type = null
             Body = 
    Forwarded URL = null
   Redirected URL = null
          Cookies = []
]]></system-out>
  </testcase>
  <testcase name="shouldUpdateUserAsJsonByUUIDAndReturn200WhenIsAuthenticated" classname="com.soaresdev.productorderapi.controllers.v1.UserControllerTest" time="0.007">
    <system-out><![CDATA[
MockHttpServletRequest:
      HTTP Method = PUT
      Request URI = /v1/users/2722f0f6-1db2-4cce-b6f8-389dc96dc147
       Parameters = {}
          Headers = [Content-Type:"application/json;charset=UTF-8", Accept:"application/json", Content-Length:"92"]
             Body = {"name":"testing","email":"testing@gmail.com","password":"testing123","phone":"21487451236"}
    Session Attrs = {}

Handler:
             Type = com.soaresdev.productorderapi.controllers.v1.UserController
           Method = com.soaresdev.productorderapi.controllers.v1.UserController#updateByUUID(String, UserInsertDTO)

Async:
    Async started = false
     Async result = null

Resolved Exception:
             Type = null

ModelAndView:
        View name = null
             View = null
            Model = null

FlashMap:
       Attributes = null

MockHttpServletResponse:
           Status = 200
    Error message = null
          Headers = [Vary:"Origin", "Access-Control-Request-Method", "Access-Control-Request-Headers", Content-Type:"application/json", X-Content-Type-Options:"nosniff", X-XSS-Protection:"0", Cache-Control:"no-cache, no-store, max-age=0, must-revalidate", Pragma:"no-cache", Expires:"0", X-Frame-Options:"DENY"]
     Content type = application/json
             Body = {"id":"2722f0f6-1db2-4cce-b6f8-389dc96dc147","name":"testing","email":"testing@gmail.com","phone":"21487451236"}
    Forwarded URL = null
   Redirected URL = null
          Cookies = []
]]></system-out>
  </testcase>
  <testcase name="shouldInsertUserAsJsonAndReturn201" classname="com.soaresdev.productorderapi.controllers.v1.UserControllerTest" time="0.004">
    <system-out><![CDATA[
MockHttpServletRequest:
      HTTP Method = POST
      Request URI = /v1/users
       Parameters = {}
          Headers = [Content-Type:"application/json;charset=UTF-8", Accept:"application/json", Content-Length:"92"]
             Body = {"name":"testing","email":"testing@gmail.com","password":"testing123","phone":"21487451236"}
    Session Attrs = {}

Handler:
             Type = com.soaresdev.productorderapi.controllers.v1.UserController
           Method = com.soaresdev.productorderapi.controllers.v1.UserController#insert(UserInsertDTO)

Async:
    Async started = false
     Async result = null

Resolved Exception:
             Type = null

ModelAndView:
        View name = null
             View = null
            Model = null

FlashMap:
       Attributes = null

MockHttpServletResponse:
           Status = 201
    Error message = null
          Headers = [Vary:"Origin", "Access-Control-Request-Method", "Access-Control-Request-Headers", Location:"http://localhost/v1/users/2722f0f6-1db2-4cce-b6f8-389dc96dc147", Content-Type:"application/json", X-Content-Type-Options:"nosniff", X-XSS-Protection:"0", Cache-Control:"no-cache, no-store, max-age=0, must-revalidate", Pragma:"no-cache", Expires:"0", X-Frame-Options:"DENY"]
     Content type = application/json
             Body = {"id":"2722f0f6-1db2-4cce-b6f8-389dc96dc147","name":"testing","email":"testing@gmail.com","phone":"21487451236"}
    Forwarded URL = null
   Redirected URL = http://localhost/v1/users/2722f0f6-1db2-4cce-b6f8-389dc96dc147
          Cookies = []
]]></system-out>
  </testcase>
  <testcase name="shouldFindUserByUUIDAsJsonAndReturn200WhenIsAuthenticated" classname="com.soaresdev.productorderapi.controllers.v1.UserControllerTest" time="0.004">
    <system-out><![CDATA[
MockHttpServletRequest:
      HTTP Method = GET
      Request URI = /v1/users/2722f0f6-1db2-4cce-b6f8-389dc96dc147
       Parameters = {}
          Headers = [Accept:"application/json"]
             Body = null
    Session Attrs = {}

Handler:
             Type = com.soaresdev.productorderapi.controllers.v1.UserController
           Method = com.soaresdev.productorderapi.controllers.v1.UserController#findByUUID(String)

Async:
    Async started = false
     Async result = null

Resolved Exception:
             Type = null

ModelAndView:
        View name = null
             View = null
            Model = null

FlashMap:
       Attributes = null

MockHttpServletResponse:
           Status = 200
    Error message = null
          Headers = [Vary:"Origin", "Access-Control-Request-Method", "Access-Control-Request-Headers", Content-Type:"application/json", X-Content-Type-Options:"nosniff", X-XSS-Protection:"0", Cache-Control:"no-cache, no-store, max-age=0, must-revalidate", Pragma:"no-cache", Expires:"0", X-Frame-Options:"DENY"]
     Content type = application/json
             Body = {"id":"2722f0f6-1db2-4cce-b6f8-389dc96dc147","name":"testing","email":"testing@gmail.com","phone":"21487451236"}
    Forwarded URL = null
   Redirected URL = null
          Cookies = []
]]></system-out>
  </testcase>
  <testcase name="shouldFindAllUsersAsJsonAndReturn200WhenIsAuthenticated" classname="com.soaresdev.productorderapi.controllers.v1.UserControllerTest" time="0.01">
    <system-out><![CDATA[
MockHttpServletRequest:
      HTTP Method = GET
      Request URI = /v1/users
       Parameters = {}
          Headers = [Accept:"application/json"]
             Body = null
    Session Attrs = {}

Handler:
             Type = com.soaresdev.productorderapi.controllers.v1.UserController
           Method = com.soaresdev.productorderapi.controllers.v1.UserController#findAll(Pageable)

Async:
    Async started = false
     Async result = null

Resolved Exception:
             Type = null

ModelAndView:
        View name = null
             View = null
            Model = null

FlashMap:
       Attributes = null

MockHttpServletResponse:
           Status = 200
    Error message = null
          Headers = [Vary:"Origin", "Access-Control-Request-Method", "Access-Control-Request-Headers", Content-Type:"application/json", X-Content-Type-Options:"nosniff", X-XSS-Protection:"0", Cache-Control:"no-cache, no-store, max-age=0, must-revalidate", Pragma:"no-cache", Expires:"0", X-Frame-Options:"DENY"]
     Content type = application/json
             Body = {"content":[{"id":"2722f0f6-1db2-4cce-b6f8-389dc96dc147","name":"testing","email":"testing@gmail.com","phone":"21487451236"}],"pageable":"INSTANCE","last":true,"totalPages":1,"totalElements":1,"size":1,"number":0,"sort":{"empty":true,"unsorted":true,"sorted":false},"first":true,"numberOfElements":1,"empty":false}
    Forwarded URL = null
   Redirected URL = null
          Cookies = []
]]></system-out>
  </testcase>
  <testcase name="shouldReturn400WhenSendInvalidUserInInsertUser" classname="com.soaresdev.productorderapi.controllers.v1.UserControllerTest" time="0.004">
    <system-out><![CDATA[
MockHttpServletRequest:
      HTTP Method = POST
      Request URI = /v1/users
       Parameters = {}
          Headers = [Content-Type:"application/json;charset=UTF-8", Content-Length:"73"]
             Body = {"name":"1-testing","email":"testing","password":"123","phone":"testing"}
    Session Attrs = {}

Handler:
             Type = com.soaresdev.productorderapi.controllers.v1.UserController
           Method = com.soaresdev.productorderapi.controllers.v1.UserController#insert(UserInsertDTO)

Async:
    Async started = false
     Async result = null

Resolved Exception:
             Type = org.springframework.web.bind.MethodArgumentNotValidException

ModelAndView:
        View name = null
             View = null
            Model = null

FlashMap:
       Attributes = null

MockHttpServletResponse:
           Status = 400
    Error message = null
          Headers = [Vary:"Origin", "Access-Control-Request-Method", "Access-Control-Request-Headers", Content-Type:"application/json", X-Content-Type-Options:"nosniff", X-XSS-Protection:"0", Cache-Control:"no-cache, no-store, max-age=0, must-revalidate", Pragma:"no-cache", Expires:"0", X-Frame-Options:"DENY"]
     Content type = application/json
             Body = {"timestamp":"2024-02-02T01:20:44.301706600Z","status":400,"errors":["email: Invalid email","name: Invalid name","password: Password must contain at least 6 characters, with at least one number","phone: Invalid phone"],"path":"/v1/users"}
    Forwarded URL = null
   Redirected URL = null
          Cookies = []
]]></system-out>
  </testcase>
  <testcase name="shouldReturn403WhenIsNotAdminInAddRoleInUser" classname="com.soaresdev.productorderapi.controllers.v1.UserControllerTest" time="0.005">
    <system-out><![CDATA[
MockHttpServletRequest:
      HTTP Method = POST
      Request URI = /v1/users/2722f0f6-1db2-4cce-b6f8-389dc96dc147/roles
       Parameters = {}
          Headers = [Content-Type:"application/json;charset=UTF-8", Content-Length:"24"]
             Body = {"roleName":"ROLE_USER"}
    Session Attrs = {}

Handler:
             Type = com.soaresdev.productorderapi.controllers.v1.UserController
           Method = com.soaresdev.productorderapi.controllers.v1.UserController#addRole(String, UserRoleInsertDTO)

Async:
    Async started = false
     Async result = null

Resolved Exception:
             Type = org.springframework.security.access.AccessDeniedException

ModelAndView:
        View name = null
             View = null
            Model = null

FlashMap:
       Attributes = null

MockHttpServletResponse:
           Status = 403
    Error message = null
          Headers = [Vary:"Origin", "Access-Control-Request-Method", "Access-Control-Request-Headers", Content-Type:"application/json", X-Content-Type-Options:"nosniff", X-XSS-Protection:"0", Cache-Control:"no-cache, no-store, max-age=0, must-revalidate", Pragma:"no-cache", Expires:"0", X-Frame-Options:"DENY"]
     Content type = application/json
             Body = {"timestamp":"2024-02-02T01:20:44.309696800Z","status":403,"error":"AccessDeniedException","message":"Access Denied","path":"/v1/users/2722f0f6-1db2-4cce-b6f8-389dc96dc147/roles"}
    Forwarded URL = null
   Redirected URL = null
          Cookies = []
]]></system-out>
  </testcase>
  <testcase name="shouldReturn404WhenIsAuthenticatedAndRoleNotFoundInUserInDeleteRoleFromUser" classname="com.soaresdev.productorderapi.controllers.v1.UserControllerTest" time="0.004">
    <system-out><![CDATA[
MockHttpServletRequest:
      HTTP Method = DELETE
      Request URI = /v1/users/2722f0f6-1db2-4cce-b6f8-389dc96dc147/roles
       Parameters = {}
          Headers = [Content-Type:"application/json;charset=UTF-8", Content-Length:"24"]
             Body = {"roleName":"ROLE_USER"}
    Session Attrs = {}

Handler:
             Type = com.soaresdev.productorderapi.controllers.v1.UserController
           Method = com.soaresdev.productorderapi.controllers.v1.UserController#deleteRole(String, UserRoleInsertDTO)

Async:
    Async started = false
     Async result = null

Resolved Exception:
             Type = jakarta.persistence.EntityNotFoundException

ModelAndView:
        View name = null
             View = null
            Model = null

FlashMap:
       Attributes = null

MockHttpServletResponse:
           Status = 404
    Error message = null
          Headers = [Vary:"Origin", "Access-Control-Request-Method", "Access-Control-Request-Headers", Content-Type:"application/json", X-Content-Type-Options:"nosniff", X-XSS-Protection:"0", Cache-Control:"no-cache, no-store, max-age=0, must-revalidate", Pragma:"no-cache", Expires:"0", X-Frame-Options:"DENY"]
     Content type = application/json
             Body = {"timestamp":"2024-02-02T01:20:44.315615600Z","status":404,"error":"EntityNotFoundException","message":"Role not found in this user","path":"/v1/users/2722f0f6-1db2-4cce-b6f8-389dc96dc147/roles"}
    Forwarded URL = null
   Redirected URL = null
          Cookies = []
]]></system-out>
  </testcase>
  <testcase name="shouldAddRoleInUserAndReturn204WhenIsAuthenticated" classname="com.soaresdev.productorderapi.controllers.v1.UserControllerTest" time="0.005">
    <system-out><![CDATA[
MockHttpServletRequest:
      HTTP Method = POST
      Request URI = /v1/users/2722f0f6-1db2-4cce-b6f8-389dc96dc147/roles
       Parameters = {}
          Headers = [Content-Type:"application/json;charset=UTF-8", Content-Length:"24"]
             Body = {"roleName":"ROLE_USER"}
    Session Attrs = {}

Handler:
             Type = com.soaresdev.productorderapi.controllers.v1.UserController
           Method = com.soaresdev.productorderapi.controllers.v1.UserController#addRole(String, UserRoleInsertDTO)

Async:
    Async started = false
     Async result = null

Resolved Exception:
             Type = null

ModelAndView:
        View name = null
             View = null
            Model = null

FlashMap:
       Attributes = null

MockHttpServletResponse:
           Status = 204
    Error message = null
          Headers = [Vary:"Origin", "Access-Control-Request-Method", "Access-Control-Request-Headers", X-Content-Type-Options:"nosniff", X-XSS-Protection:"0", Cache-Control:"no-cache, no-store, max-age=0, must-revalidate", Pragma:"no-cache", Expires:"0", X-Frame-Options:"DENY"]
     Content type = null
             Body = 
    Forwarded URL = null
   Redirected URL = null
          Cookies = []
]]></system-out>
  </testcase>
  <testcase name="shouldReturn403WhenNotAdminAndDifferentUsersInDeleteUserByUUID" classname="com.soaresdev.productorderapi.controllers.v1.UserControllerTest" time="0.005">
    <system-out><![CDATA[
MockHttpServletRequest:
      HTTP Method = DELETE
      Request URI = /v1/users/2722f0f6-1db2-4cce-b6f8-389dc96dc147
       Parameters = {}
          Headers = []
             Body = null
    Session Attrs = {}

Handler:
             Type = com.soaresdev.productorderapi.controllers.v1.UserController
           Method = com.soaresdev.productorderapi.controllers.v1.UserController#deleteByUUID(String)

Async:
    Async started = false
     Async result = null

Resolved Exception:
             Type = org.springframework.security.access.AccessDeniedException

ModelAndView:
        View name = null
             View = null
            Model = null

FlashMap:
       Attributes = null

MockHttpServletResponse:
           Status = 403
    Error message = null
          Headers = [Vary:"Origin", "Access-Control-Request-Method", "Access-Control-Request-Headers", Content-Type:"application/json", X-Content-Type-Options:"nosniff", X-XSS-Protection:"0", Cache-Control:"no-cache, no-store, max-age=0, must-revalidate", Pragma:"no-cache", Expires:"0", X-Frame-Options:"DENY"]
     Content type = application/json
             Body = {"timestamp":"2024-02-02T01:20:44.329521600Z","status":403,"error":"AccessDeniedException","message":"Access denied","path":"/v1/users/2722f0f6-1db2-4cce-b6f8-389dc96dc147"}
    Forwarded URL = null
   Redirected URL = null
          Cookies = []
]]></system-out>
  </testcase>
  <testcase name="shouldReturn400WhenSendInvalidRoleInAddRoleInUser" classname="com.soaresdev.productorderapi.controllers.v1.UserControllerTest" time="0.004">
    <system-out><![CDATA[
MockHttpServletRequest:
      HTTP Method = POST
      Request URI = /v1/users/2722f0f6-1db2-4cce-b6f8-389dc96dc147/roles
       Parameters = {}
          Headers = [Content-Type:"application/json;charset=UTF-8", Content-Length:"17"]
             Body = {"roleName":null}
    Session Attrs = {}

Handler:
             Type = com.soaresdev.productorderapi.controllers.v1.UserController
           Method = com.soaresdev.productorderapi.controllers.v1.UserController#addRole(String, UserRoleInsertDTO)

Async:
    Async started = false
     Async result = null

Resolved Exception:
             Type = org.springframework.web.bind.MethodArgumentNotValidException

ModelAndView:
        View name = null
             View = null
            Model = null

FlashMap:
       Attributes = null

MockHttpServletResponse:
           Status = 400
    Error message = null
          Headers = [Vary:"Origin", "Access-Control-Request-Method", "Access-Control-Request-Headers", Content-Type:"application/json", X-Content-Type-Options:"nosniff", X-XSS-Protection:"0", Cache-Control:"no-cache, no-store, max-age=0, must-revalidate", Pragma:"no-cache", Expires:"0", X-Frame-Options:"DENY"]
     Content type = application/json
             Body = {"timestamp":"2024-02-02T01:20:44.335015400Z","status":400,"errors":["roleName: Role name can not be null"],"path":"/v1/users/2722f0f6-1db2-4cce-b6f8-389dc96dc147/roles"}
    Forwarded URL = null
   Redirected URL = null
          Cookies = []
]]></system-out>
  </testcase>
  <testcase name="shouldDeleteRoleFromUserAndReturn204WhenIsAuthenticated" classname="com.soaresdev.productorderapi.controllers.v1.UserControllerTest" time="0.006">
    <system-out><![CDATA[
MockHttpServletRequest:
      HTTP Method = DELETE
      Request URI = /v1/users/2722f0f6-1db2-4cce-b6f8-389dc96dc147/roles
       Parameters = {}
          Headers = [Content-Type:"application/json;charset=UTF-8", Content-Length:"24"]
             Body = {"roleName":"ROLE_USER"}
    Session Attrs = {}

Handler:
             Type = com.soaresdev.productorderapi.controllers.v1.UserController
           Method = com.soaresdev.productorderapi.controllers.v1.UserController#deleteRole(String, UserRoleInsertDTO)

Async:
    Async started = false
     Async result = null

Resolved Exception:
             Type = null

ModelAndView:
        View name = null
             View = null
            Model = null

FlashMap:
       Attributes = null

MockHttpServletResponse:
           Status = 204
    Error message = null
          Headers = [Vary:"Origin", "Access-Control-Request-Method", "Access-Control-Request-Headers", X-Content-Type-Options:"nosniff", X-XSS-Protection:"0", Cache-Control:"no-cache, no-store, max-age=0, must-revalidate", Pragma:"no-cache", Expires:"0", X-Frame-Options:"DENY"]
     Content type = null
             Body = 
    Forwarded URL = null
   Redirected URL = null
          Cookies = []
]]></system-out>
  </testcase>
  <testcase name="shouldReturn403WhenIsNotAuthenticatedInFindAllUsers" classname="com.soaresdev.productorderapi.controllers.v1.UserControllerTest" time="0.002">
    <system-out><![CDATA[
MockHttpServletRequest:
      HTTP Method = GET
      Request URI = /v1/users
       Parameters = {}
          Headers = []
             Body = null
    Session Attrs = {}

Handler:
             Type = null

Async:
    Async started = false
     Async result = null

Resolved Exception:
             Type = null

ModelAndView:
        View name = null
             View = null
            Model = null

FlashMap:
       Attributes = null

MockHttpServletResponse:
           Status = 403
    Error message = Access Denied
          Headers = [X-Content-Type-Options:"nosniff", X-XSS-Protection:"0", Cache-Control:"no-cache, no-store, max-age=0, must-revalidate", Pragma:"no-cache", Expires:"0", X-Frame-Options:"DENY"]
     Content type = null
             Body = 
    Forwarded URL = null
   Redirected URL = null
          Cookies = []
]]></system-out>
  </testcase>
  <testcase name="shouldReturn409WhenEmailExistsInUpdateUserByUUID" classname="com.soaresdev.productorderapi.controllers.v1.UserControllerTest" time="0.005">
    <system-out><![CDATA[
MockHttpServletRequest:
      HTTP Method = PUT
      Request URI = /v1/users/2722f0f6-1db2-4cce-b6f8-389dc96dc147
       Parameters = {}
          Headers = [Content-Type:"application/json;charset=UTF-8", Content-Length:"92"]
             Body = {"name":"testing","email":"testing@gmail.com","password":"testing123","phone":"21487451236"}
    Session Attrs = {}

Handler:
             Type = com.soaresdev.productorderapi.controllers.v1.UserController
           Method = com.soaresdev.productorderapi.controllers.v1.UserController#updateByUUID(String, UserInsertDTO)

Async:
    Async started = false
     Async result = null

Resolved Exception:
             Type = jakarta.persistence.EntityExistsException

ModelAndView:
        View name = null
             View = null
            Model = null

FlashMap:
       Attributes = null

MockHttpServletResponse:
           Status = 409
    Error message = null
          Headers = [Vary:"Origin", "Access-Control-Request-Method", "Access-Control-Request-Headers", Content-Type:"application/json", X-Content-Type-Options:"nosniff", X-XSS-Protection:"0", Cache-Control:"no-cache, no-store, max-age=0, must-revalidate", Pragma:"no-cache", Expires:"0", X-Frame-Options:"DENY"]
     Content type = application/json
             Body = {"timestamp":"2024-02-02T01:20:44.350805200Z","status":409,"error":"EntityExistsException","message":"Email already exists","path":"/v1/users/2722f0f6-1db2-4cce-b6f8-389dc96dc147"}
    Forwarded URL = null
   Redirected URL = null
          Cookies = []
]]></system-out>
  </testcase>
  <testcase name="shouldReturn403WhenNotAdminAndDifferentUsersInUpdateUserByUUID" classname="com.soaresdev.productorderapi.controllers.v1.UserControllerTest" time="0.006">
    <system-out><![CDATA[
MockHttpServletRequest:
      HTTP Method = PUT
      Request URI = /v1/users/2722f0f6-1db2-4cce-b6f8-389dc96dc147
       Parameters = {}
          Headers = [Content-Type:"application/json;charset=UTF-8", Content-Length:"92"]
             Body = {"name":"testing","email":"testing@gmail.com","password":"testing123","phone":"21487451236"}
    Session Attrs = {}

Handler:
             Type = com.soaresdev.productorderapi.controllers.v1.UserController
           Method = com.soaresdev.productorderapi.controllers.v1.UserController#updateByUUID(String, UserInsertDTO)

Async:
    Async started = false
     Async result = null

Resolved Exception:
             Type = org.springframework.security.access.AccessDeniedException

ModelAndView:
        View name = null
             View = null
            Model = null

FlashMap:
       Attributes = null

MockHttpServletResponse:
           Status = 403
    Error message = null
          Headers = [Vary:"Origin", "Access-Control-Request-Method", "Access-Control-Request-Headers", Content-Type:"application/json", X-Content-Type-Options:"nosniff", X-XSS-Protection:"0", Cache-Control:"no-cache, no-store, max-age=0, must-revalidate", Pragma:"no-cache", Expires:"0", X-Frame-Options:"DENY"]
     Content type = application/json
             Body = {"timestamp":"2024-02-02T01:20:44.358114700Z","status":403,"error":"AccessDeniedException","message":"Access denied","path":"/v1/users/2722f0f6-1db2-4cce-b6f8-389dc96dc147"}
    Forwarded URL = null
   Redirected URL = null
          Cookies = []
]]></system-out>
  </testcase>
  <testcase name="shouldReturn404WhenIsAuthenticatedAndUserNotFoundInFindUserByUUID" classname="com.soaresdev.productorderapi.controllers.v1.UserControllerTest" time="0.005">
    <system-out><![CDATA[
MockHttpServletRequest:
      HTTP Method = GET
      Request URI = /v1/users/2722f0f6-1db2-4cce-b6f8-389dc96dc147
       Parameters = {}
          Headers = []
             Body = null
    Session Attrs = {}

Handler:
             Type = com.soaresdev.productorderapi.controllers.v1.UserController
           Method = com.soaresdev.productorderapi.controllers.v1.UserController#findByUUID(String)

Async:
    Async started = false
     Async result = null

Resolved Exception:
             Type = jakarta.persistence.EntityNotFoundException

ModelAndView:
        View name = null
             View = null
            Model = null

FlashMap:
       Attributes = null

MockHttpServletResponse:
           Status = 404
    Error message = null
          Headers = [Vary:"Origin", "Access-Control-Request-Method", "Access-Control-Request-Headers", Content-Type:"application/json", X-Content-Type-Options:"nosniff", X-XSS-Protection:"0", Cache-Control:"no-cache, no-store, max-age=0, must-revalidate", Pragma:"no-cache", Expires:"0", X-Frame-Options:"DENY"]
     Content type = application/json
             Body = {"timestamp":"2024-02-02T01:20:44.364126300Z","status":404,"error":"EntityNotFoundException","message":"User not found","path":"/v1/users/2722f0f6-1db2-4cce-b6f8-389dc96dc147"}
    Forwarded URL = null
   Redirected URL = null
          Cookies = []
]]></system-out>
  </testcase>
  <testcase name="shouldUpdateUserAsXmlByUUIDAndReturn200WhenIsAuthenticated" classname="com.soaresdev.productorderapi.controllers.v1.UserControllerTest" time="0.014">
    <system-out><![CDATA[
MockHttpServletRequest:
      HTTP Method = PUT
      Request URI = /v1/users/2722f0f6-1db2-4cce-b6f8-389dc96dc147
       Parameters = {}
          Headers = [Content-Type:"application/xml;charset=UTF-8", Accept:"application/xml", Content-Length:"140"]
             Body = <UserInsertDTO><name>testing</name><email>testing@gmail.com</email><password>testing123</password><phone>21487451236</phone></UserInsertDTO>
    Session Attrs = {}

Handler:
             Type = com.soaresdev.productorderapi.controllers.v1.UserController
           Method = com.soaresdev.productorderapi.controllers.v1.UserController#updateByUUID(String, UserInsertDTO)

Async:
    Async started = false
     Async result = null

Resolved Exception:
             Type = null

ModelAndView:
        View name = null
             View = null
            Model = null

FlashMap:
       Attributes = null

MockHttpServletResponse:
           Status = 200
    Error message = null
          Headers = [Vary:"Origin", "Access-Control-Request-Method", "Access-Control-Request-Headers", Content-Type:"application/xml", X-Content-Type-Options:"nosniff", X-XSS-Protection:"0", Cache-Control:"no-cache, no-store, max-age=0, must-revalidate", Pragma:"no-cache", Expires:"0", X-Frame-Options:"DENY"]
     Content type = application/xml
             Body = <UserDTO><id>2722f0f6-1db2-4cce-b6f8-389dc96dc147</id><name>testing</name><email>testing@gmail.com</email><phone>21487451236</phone></UserDTO>
    Forwarded URL = null
   Redirected URL = null
          Cookies = []
]]></system-out>
  </testcase>
  <testcase name="shouldReturn403WhenIsNotAuthenticatedInAddRoleInUser" classname="com.soaresdev.productorderapi.controllers.v1.UserControllerTest" time="0.004">
    <system-out><![CDATA[
MockHttpServletRequest:
      HTTP Method = POST
      Request URI = /v1/users/2722f0f6-1db2-4cce-b6f8-389dc96dc147/roles
       Parameters = {}
          Headers = [Content-Type:"application/json;charset=UTF-8", Content-Length:"24"]
             Body = {"roleName":"ROLE_USER"}
    Session Attrs = {}

Handler:
             Type = null

Async:
    Async started = false
     Async result = null

Resolved Exception:
             Type = null

ModelAndView:
        View name = null
             View = null
            Model = null

FlashMap:
       Attributes = null

MockHttpServletResponse:
           Status = 403
    Error message = Access Denied
          Headers = [X-Content-Type-Options:"nosniff", X-XSS-Protection:"0", Cache-Control:"no-cache, no-store, max-age=0, must-revalidate", Pragma:"no-cache", Expires:"0", X-Frame-Options:"DENY"]
     Content type = null
             Body = 
    Forwarded URL = null
   Redirected URL = null
          Cookies = []
]]></system-out>
  </testcase>
  <testcase name="shouldReturn409WhenRoleExistsInUserInAddRoleInUser" classname="com.soaresdev.productorderapi.controllers.v1.UserControllerTest" time="0.005">
    <system-out><![CDATA[
MockHttpServletRequest:
      HTTP Method = POST
      Request URI = /v1/users/2722f0f6-1db2-4cce-b6f8-389dc96dc147/roles
       Parameters = {}
          Headers = [Content-Type:"application/json;charset=UTF-8", Content-Length:"24"]
             Body = {"roleName":"ROLE_USER"}
    Session Attrs = {}

Handler:
             Type = com.soaresdev.productorderapi.controllers.v1.UserController
           Method = com.soaresdev.productorderapi.controllers.v1.UserController#addRole(String, UserRoleInsertDTO)

Async:
    Async started = false
     Async result = null

Resolved Exception:
             Type = jakarta.persistence.EntityExistsException

ModelAndView:
        View name = null
             View = null
            Model = null

FlashMap:
       Attributes = null

MockHttpServletResponse:
           Status = 409
    Error message = null
          Headers = [Vary:"Origin", "Access-Control-Request-Method", "Access-Control-Request-Headers", Content-Type:"application/json", X-Content-Type-Options:"nosniff", X-XSS-Protection:"0", Cache-Control:"no-cache, no-store, max-age=0, must-revalidate", Pragma:"no-cache", Expires:"0", X-Frame-Options:"DENY"]
     Content type = application/json
             Body = {"timestamp":"2024-02-02T01:20:44.391199600Z","status":409,"error":"EntityExistsException","message":"Role already exists in this user","path":"/v1/users/2722f0f6-1db2-4cce-b6f8-389dc96dc147/roles"}
    Forwarded URL = null
   Redirected URL = null
          Cookies = []
]]></system-out>
  </testcase>
  <testcase name="shouldReturn404WhenIsAuthenticatedAndUserNotFoundInDeleteUserByUUID" classname="com.soaresdev.productorderapi.controllers.v1.UserControllerTest" time="0.004">
    <system-out><![CDATA[
MockHttpServletRequest:
      HTTP Method = DELETE
      Request URI = /v1/users/2722f0f6-1db2-4cce-b6f8-389dc96dc147
       Parameters = {}
          Headers = []
             Body = null
    Session Attrs = {}

Handler:
             Type = com.soaresdev.productorderapi.controllers.v1.UserController
           Method = com.soaresdev.productorderapi.controllers.v1.UserController#deleteByUUID(String)

Async:
    Async started = false
     Async result = null

Resolved Exception:
             Type = jakarta.persistence.EntityNotFoundException

ModelAndView:
        View name = null
             View = null
            Model = null

FlashMap:
       Attributes = null

MockHttpServletResponse:
           Status = 404
    Error message = null
          Headers = [Vary:"Origin", "Access-Control-Request-Method", "Access-Control-Request-Headers", Content-Type:"application/json", X-Content-Type-Options:"nosniff", X-XSS-Protection:"0", Cache-Control:"no-cache, no-store, max-age=0, must-revalidate", Pragma:"no-cache", Expires:"0", X-Frame-Options:"DENY"]
     Content type = application/json
             Body = {"timestamp":"2024-02-02T01:20:44.397471000Z","status":404,"error":"EntityNotFoundException","message":"User not found","path":"/v1/users/2722f0f6-1db2-4cce-b6f8-389dc96dc147"}
    Forwarded URL = null
   Redirected URL = null
          Cookies = []
]]></system-out>
  </testcase>
  <testcase name="shouldReturn404WhenIsAuthenticatedAndUserNotFoundInUpdateUserByUUID" classname="com.soaresdev.productorderapi.controllers.v1.UserControllerTest" time="0.004">
    <system-out><![CDATA[
MockHttpServletRequest:
      HTTP Method = PUT
      Request URI = /v1/users/2722f0f6-1db2-4cce-b6f8-389dc96dc147
       Parameters = {}
          Headers = [Content-Type:"application/json;charset=UTF-8", Content-Length:"92"]
             Body = {"name":"testing","email":"testing@gmail.com","password":"testing123","phone":"21487451236"}
    Session Attrs = {}

Handler:
             Type = com.soaresdev.productorderapi.controllers.v1.UserController
           Method = com.soaresdev.productorderapi.controllers.v1.UserController#updateByUUID(String, UserInsertDTO)

Async:
    Async started = false
     Async result = null

Resolved Exception:
             Type = jakarta.persistence.EntityNotFoundException

ModelAndView:
        View name = null
             View = null
            Model = null

FlashMap:
       Attributes = null

MockHttpServletResponse:
           Status = 404
    Error message = null
          Headers = [Vary:"Origin", "Access-Control-Request-Method", "Access-Control-Request-Headers", Content-Type:"application/json", X-Content-Type-Options:"nosniff", X-XSS-Protection:"0", Cache-Control:"no-cache, no-store, max-age=0, must-revalidate", Pragma:"no-cache", Expires:"0", X-Frame-Options:"DENY"]
     Content type = application/json
             Body = {"timestamp":"2024-02-02T01:20:44.402797100Z","status":404,"error":"EntityNotFoundException","message":"User not found","path":"/v1/users/2722f0f6-1db2-4cce-b6f8-389dc96dc147"}
    Forwarded URL = null
   Redirected URL = null
          Cookies = []
]]></system-out>
  </testcase>
  <testcase name="shouldFindAllUsersAsXmlAndReturn200WhenIsAuthenticated" classname="com.soaresdev.productorderapi.controllers.v1.UserControllerTest" time="0.011">
    <system-out><![CDATA[
MockHttpServletRequest:
      HTTP Method = GET
      Request URI = /v1/users
       Parameters = {}
          Headers = [Accept:"application/xml"]
             Body = null
    Session Attrs = {}

Handler:
             Type = com.soaresdev.productorderapi.controllers.v1.UserController
           Method = com.soaresdev.productorderapi.controllers.v1.UserController#findAll(Pageable)

Async:
    Async started = false
     Async result = null

Resolved Exception:
             Type = null

ModelAndView:
        View name = null
             View = null
            Model = null

FlashMap:
       Attributes = null

MockHttpServletResponse:
           Status = 200
    Error message = null
          Headers = [Vary:"Origin", "Access-Control-Request-Method", "Access-Control-Request-Headers", Content-Type:"application/xml", X-Content-Type-Options:"nosniff", X-XSS-Protection:"0", Cache-Control:"no-cache, no-store, max-age=0, must-revalidate", Pragma:"no-cache", Expires:"0", X-Frame-Options:"DENY"]
     Content type = application/xml
             Body = <PageImpl><content><content><id>2722f0f6-1db2-4cce-b6f8-389dc96dc147</id><name>testing</name><email>testing@gmail.com</email><phone>21487451236</phone></content></content><pageable>INSTANCE</pageable><last>true</last><totalPages>1</totalPages><totalElements>1</totalElements><size>1</size><number>0</number><sort><empty>true</empty><unsorted>true</unsorted><sorted>false</sorted></sort><first>true</first><numberOfElements>1</numberOfElements><empty>false</empty></PageImpl>
    Forwarded URL = null
   Redirected URL = null
          Cookies = []
]]></system-out>
  </testcase>
  <testcase name="shouldReturn403WhenIsNotAuthenticatedInDeleteUserByUUID" classname="com.soaresdev.productorderapi.controllers.v1.UserControllerTest" time="0.003">
    <system-out><![CDATA[
MockHttpServletRequest:
      HTTP Method = DELETE
      Request URI = /v1/users2722f0f6-1db2-4cce-b6f8-389dc96dc147
       Parameters = {}
          Headers = []
             Body = null
    Session Attrs = {}

Handler:
             Type = null

Async:
    Async started = false
     Async result = null

Resolved Exception:
             Type = null

ModelAndView:
        View name = null
             View = null
            Model = null

FlashMap:
       Attributes = null

MockHttpServletResponse:
           Status = 403
    Error message = Access Denied
          Headers = [X-Content-Type-Options:"nosniff", X-XSS-Protection:"0", Cache-Control:"no-cache, no-store, max-age=0, must-revalidate", Pragma:"no-cache", Expires:"0", X-Frame-Options:"DENY"]
     Content type = null
             Body = 
    Forwarded URL = null
   Redirected URL = null
          Cookies = []
]]></system-out>
  </testcase>
  <testcase name="shouldDeleteUserByUUIDAndReturn204WhenIsAuthenticated" classname="com.soaresdev.productorderapi.controllers.v1.UserControllerTest" time="0.004">
    <system-out><![CDATA[
MockHttpServletRequest:
      HTTP Method = DELETE
      Request URI = /v1/users/2722f0f6-1db2-4cce-b6f8-389dc96dc147
       Parameters = {}
          Headers = []
             Body = null
    Session Attrs = {}

Handler:
             Type = com.soaresdev.productorderapi.controllers.v1.UserController
           Method = com.soaresdev.productorderapi.controllers.v1.UserController#deleteByUUID(String)

Async:
    Async started = false
     Async result = null

Resolved Exception:
             Type = null

ModelAndView:
        View name = null
             View = null
            Model = null

FlashMap:
       Attributes = null

MockHttpServletResponse:
           Status = 204
    Error message = null
          Headers = [Vary:"Origin", "Access-Control-Request-Method", "Access-Control-Request-Headers", X-Content-Type-Options:"nosniff", X-XSS-Protection:"0", Cache-Control:"no-cache, no-store, max-age=0, must-revalidate", Pragma:"no-cache", Expires:"0", X-Frame-Options:"DENY"]
     Content type = null
             Body = 
    Forwarded URL = null
   Redirected URL = null
          Cookies = []
]]></system-out>
  </testcase>
  <testcase name="shouldReturn403WhenIsNotAuthenticatedInUpdateUserByUUID" classname="com.soaresdev.productorderapi.controllers.v1.UserControllerTest" time="0.003">
    <system-out><![CDATA[
MockHttpServletRequest:
      HTTP Method = PUT
      Request URI = /v1/users/2722f0f6-1db2-4cce-b6f8-389dc96dc147
       Parameters = {}
          Headers = [Content-Type:"application/json;charset=UTF-8", Content-Length:"92"]
             Body = {"name":"testing","email":"testing@gmail.com","password":"testing123","phone":"21487451236"}
    Session Attrs = {}

Handler:
             Type = null

Async:
    Async started = false
     Async result = null

Resolved Exception:
             Type = null

ModelAndView:
        View name = null
             View = null
            Model = null

FlashMap:
       Attributes = null

MockHttpServletResponse:
           Status = 403
    Error message = Access Denied
          Headers = [X-Content-Type-Options:"nosniff", X-XSS-Protection:"0", Cache-Control:"no-cache, no-store, max-age=0, must-revalidate", Pragma:"no-cache", Expires:"0", X-Frame-Options:"DENY"]
     Content type = null
             Body = 
    Forwarded URL = null
   Redirected URL = null
          Cookies = []
]]></system-out>
  </testcase>
  <testcase name="shouldReturn403WhenIsNotAdminInDeleteRoleFromUser" classname="com.soaresdev.productorderapi.controllers.v1.UserControllerTest" time="0.003">
    <system-out><![CDATA[
MockHttpServletRequest:
      HTTP Method = DELETE
      Request URI = /v1/users/2722f0f6-1db2-4cce-b6f8-389dc96dc147/roles
       Parameters = {}
          Headers = [Content-Type:"application/json;charset=UTF-8", Content-Length:"24"]
             Body = {"roleName":"ROLE_USER"}
    Session Attrs = {}

Handler:
             Type = com.soaresdev.productorderapi.controllers.v1.UserController
           Method = com.soaresdev.productorderapi.controllers.v1.UserController#deleteRole(String, UserRoleInsertDTO)

Async:
    Async started = false
     Async result = null

Resolved Exception:
             Type = org.springframework.security.access.AccessDeniedException

ModelAndView:
        View name = null
             View = null
            Model = null

FlashMap:
       Attributes = null

MockHttpServletResponse:
           Status = 403
    Error message = null
          Headers = [Vary:"Origin", "Access-Control-Request-Method", "Access-Control-Request-Headers", Content-Type:"application/json", X-Content-Type-Options:"nosniff", X-XSS-Protection:"0", Cache-Control:"no-cache, no-store, max-age=0, must-revalidate", Pragma:"no-cache", Expires:"0", X-Frame-Options:"DENY"]
     Content type = application/json
             Body = {"timestamp":"2024-02-02T01:20:44.436634300Z","status":403,"error":"AccessDeniedException","message":"Access Denied","path":"/v1/users/2722f0f6-1db2-4cce-b6f8-389dc96dc147/roles"}
    Forwarded URL = null
   Redirected URL = null
          Cookies = []
]]></system-out>
  </testcase>
  <testcase name="shouldReturn403WhenIsNotAuthenticatedInFindUserByUUID" classname="com.soaresdev.productorderapi.controllers.v1.UserControllerTest" time="0.003">
    <system-out><![CDATA[
MockHttpServletRequest:
      HTTP Method = GET
      Request URI = /v1/users/2722f0f6-1db2-4cce-b6f8-389dc96dc147
       Parameters = {}
          Headers = []
             Body = null
    Session Attrs = {}

Handler:
             Type = null

Async:
    Async started = false
     Async result = null

Resolved Exception:
             Type = null

ModelAndView:
        View name = null
             View = null
            Model = null

FlashMap:
       Attributes = null

MockHttpServletResponse:
           Status = 403
    Error message = Access Denied
          Headers = [X-Content-Type-Options:"nosniff", X-XSS-Protection:"0", Cache-Control:"no-cache, no-store, max-age=0, must-revalidate", Pragma:"no-cache", Expires:"0", X-Frame-Options:"DENY"]
     Content type = null
             Body = 
    Forwarded URL = null
   Redirected URL = null
          Cookies = []
]]></system-out>
  </testcase>
  <testcase name="shouldFindUserByUUIDAsXmlAndReturn200WhenIsAuthenticated" classname="com.soaresdev.productorderapi.controllers.v1.UserControllerTest" time="0.008">
    <system-out><![CDATA[
MockHttpServletRequest:
      HTTP Method = GET
      Request URI = /v1/users/2722f0f6-1db2-4cce-b6f8-389dc96dc147
       Parameters = {}
          Headers = [Accept:"application/xml"]
             Body = null
    Session Attrs = {}

Handler:
             Type = com.soaresdev.productorderapi.controllers.v1.UserController
           Method = com.soaresdev.productorderapi.controllers.v1.UserController#findByUUID(String)

Async:
    Async started = false
     Async result = null

Resolved Exception:
             Type = null

ModelAndView:
        View name = null
             View = null
            Model = null

FlashMap:
       Attributes = null

MockHttpServletResponse:
           Status = 200
    Error message = null
          Headers = [Vary:"Origin", "Access-Control-Request-Method", "Access-Control-Request-Headers", Content-Type:"application/xml", X-Content-Type-Options:"nosniff", X-XSS-Protection:"0", Cache-Control:"no-cache, no-store, max-age=0, must-revalidate", Pragma:"no-cache", Expires:"0", X-Frame-Options:"DENY"]
     Content type = application/xml
             Body = <UserDTO><id>2722f0f6-1db2-4cce-b6f8-389dc96dc147</id><name>testing</name><email>testing@gmail.com</email><phone>21487451236</phone></UserDTO>
    Forwarded URL = null
   Redirected URL = null
          Cookies = []
]]></system-out>
  </testcase>
  <testcase name="shouldReturn404WhenIsAuthenticatedAndUserNotFoundInAddRoleInUser" classname="com.soaresdev.productorderapi.controllers.v1.UserControllerTest" time="0.005">
    <system-out><![CDATA[
MockHttpServletRequest:
      HTTP Method = POST
      Request URI = /v1/users/2722f0f6-1db2-4cce-b6f8-389dc96dc147/roles
       Parameters = {}
          Headers = [Content-Type:"application/json;charset=UTF-8", Content-Length:"24"]
             Body = {"roleName":"ROLE_USER"}
    Session Attrs = {}

Handler:
             Type = com.soaresdev.productorderapi.controllers.v1.UserController
           Method = com.soaresdev.productorderapi.controllers.v1.UserController#addRole(String, UserRoleInsertDTO)

Async:
    Async started = false
     Async result = null

Resolved Exception:
             Type = jakarta.persistence.EntityNotFoundException

ModelAndView:
        View name = null
             View = null
            Model = null

FlashMap:
       Attributes = null

MockHttpServletResponse:
           Status = 404
    Error message = null
          Headers = [Vary:"Origin", "Access-Control-Request-Method", "Access-Control-Request-Headers", Content-Type:"application/json", X-Content-Type-Options:"nosniff", X-XSS-Protection:"0", Cache-Control:"no-cache, no-store, max-age=0, must-revalidate", Pragma:"no-cache", Expires:"0", X-Frame-Options:"DENY"]
     Content type = application/json
             Body = {"timestamp":"2024-02-02T01:20:44.459044200Z","status":404,"error":"EntityNotFoundException","message":"User not found","path":"/v1/users/2722f0f6-1db2-4cce-b6f8-389dc96dc147/roles"}
    Forwarded URL = null
   Redirected URL = null
          Cookies = []
]]></system-out>
  </testcase>
  <testcase name="shouldReturn409WhenEmailExistsInInsertUser" classname="com.soaresdev.productorderapi.controllers.v1.UserControllerTest" time="0.005">
    <system-out><![CDATA[
MockHttpServletRequest:
      HTTP Method = POST
      Request URI = /v1/users
       Parameters = {}
          Headers = [Content-Type:"application/json;charset=UTF-8", Content-Length:"92"]
             Body = {"name":"testing","email":"testing@gmail.com","password":"testing123","phone":"21487451236"}
    Session Attrs = {}

Handler:
             Type = com.soaresdev.productorderapi.controllers.v1.UserController
           Method = com.soaresdev.productorderapi.controllers.v1.UserController#insert(UserInsertDTO)

Async:
    Async started = false
     Async result = null

Resolved Exception:
             Type = jakarta.persistence.EntityExistsException

ModelAndView:
        View name = null
             View = null
            Model = null

FlashMap:
       Attributes = null

MockHttpServletResponse:
           Status = 409
    Error message = null
          Headers = [Vary:"Origin", "Access-Control-Request-Method", "Access-Control-Request-Headers", Content-Type:"application/json", X-Content-Type-Options:"nosniff", X-XSS-Protection:"0", Cache-Control:"no-cache, no-store, max-age=0, must-revalidate", Pragma:"no-cache", Expires:"0", X-Frame-Options:"DENY"]
     Content type = application/json
             Body = {"timestamp":"2024-02-02T01:20:44.466034500Z","status":409,"error":"EntityExistsException","message":"Email already exists","path":"/v1/users"}
    Forwarded URL = null
   Redirected URL = null
          Cookies = []
]]></system-out>
  </testcase>
</testsuite>