<?xml version="1.0" encoding="UTF-8"?>
<testsuite xmlns:xsi="http://www.w3.org/2001/XMLSchema-instance" xsi:noNamespaceSchemaLocation="https://maven.apache.org/surefire/maven-surefire-plugin/xsd/surefire-test-report-3.0.xsd" version="3.0" name="com.soaresdev.productorderapi.controllers.v1.CategoryControllerTest" time="0.565" tests="21" errors="0" skipped="0" failures="0">
  <properties>
[...]
</properties>
  <testcase name="shouldFindAllCategoriesAsJsonAndReturn200WhenIsAuthenticated" classname="com.soaresdev.productorderapi.controllers.v1.CategoryControllerTest" time="0.058">
    <system-out><![CDATA[2024-02-01T22:20:41.743-03:00  INFO 11768 --- [           main] t.c.s.AnnotationConfigContextLoaderUtils : Could not detect default configuration classes for test class [com.soaresdev.productorderapi.controllers.v1.CategoryControllerTest]: CategoryControllerTest does not declare any static, non-private, non-final, nested classes annotated with @Configuration.
2024-02-01T22:20:41.760-03:00  INFO 11768 --- [           main] .b.t.c.SpringBootTestContextBootstrapper : Found @SpringBootConfiguration com.soaresdev.productorderapi.ProductOrderApiApplication for test class com.soaresdev.productorderapi.controllers.v1.CategoryControllerTest

  .   ____          _            __ _ _
 /\\ / ___'_ __ _ _(_)_ __  __ _ \ \ \ \
( ( )\___ | '_ | '_| | '_ \/ _` | \ \ \ \
 \\/  ___)| |_)| | | | | || (_| |  ) ) ) )
  '  |____| .__|_| |_|_| |_\__, | / / / /
 =========|_|==============|___/=/_/_/_/
 :: Spring Boot ::                (v3.1.0)

2024-02-01T22:20:41.781-03:00  INFO 11768 --- [           main] c.s.p.c.v1.CategoryControllerTest        : Starting CategoryControllerTest using Java 17.0.4 with PID 11768 (started by hiago in C:\Users\hiago\OneDrive\Documentos\Programacao\Projetos JAVA\product-order-api)
2024-02-01T22:20:41.782-03:00  INFO 11768 --- [           main] c.s.p.c.v1.CategoryControllerTest        : The following 1 profile is active: "prod"
2024-02-01T22:20:41.997-03:00  INFO 11768 --- [           main] o.s.s.web.DefaultSecurityFilterChain     : Will secure any request with [org.springframework.security.web.session.DisableEncodeUrlFilter@1f381eaf, org.springframework.security.web.context.request.async.WebAsyncManagerIntegrationFilter@5df7ae0a, org.springframework.security.web.context.SecurityContextHolderFilter@66acaa54, org.springframework.security.web.header.HeaderWriterFilter@6f00c40e, org.springframework.security.web.authentication.logout.LogoutFilter@147aceec, com.soaresdev.productorderapi.security.jwt.JwtTokenFilter@293ba26c, org.springframework.security.web.savedrequest.RequestCacheAwareFilter@60739eca, org.springframework.security.web.servletapi.SecurityContextHolderAwareRequestFilter@9ba167e, org.springframework.security.web.authentication.AnonymousAuthenticationFilter@36dc6b9, org.springframework.security.web.session.SessionManagementFilter@7833407, org.springframework.security.web.access.ExceptionTranslationFilter@7d0312a, org.springframework.security.web.access.intercept.AuthorizationFilter@315365ef]
2024-02-01T22:20:42.049-03:00  INFO 11768 --- [           main] o.s.b.t.m.w.SpringBootMockServletContext : Initializing Spring TestDispatcherServlet ''
2024-02-01T22:20:42.049-03:00  INFO 11768 --- [           main] o.s.t.web.servlet.TestDispatcherServlet  : Initializing Servlet ''
2024-02-01T22:20:42.049-03:00  INFO 11768 --- [           main] o.s.t.web.servlet.TestDispatcherServlet  : Completed initialization in 0 ms
2024-02-01T22:20:42.054-03:00  INFO 11768 --- [           main] c.s.p.c.v1.CategoryControllerTest        : Started CategoryControllerTest in 0.29 seconds (process running for 4.766)

MockHttpServletRequest:
      HTTP Method = GET
      Request URI = /v1/categories
       Parameters = {}
          Headers = [Accept:"application/json"]
             Body = null
    Session Attrs = {}

Handler:
             Type = com.soaresdev.productorderapi.controllers.v1.CategoryController
           Method = com.soaresdev.productorderapi.controllers.v1.CategoryController#findAll(Pageable)

Async:
    Async started = false
     Async result = null

Resolved Exception:
             Type = null

ModelAndView:
        View name = null
             View = null
            Model = null

FlashMap:
       Attributes = null

MockHttpServletResponse:
           Status = 200
    Error message = null
          Headers = [Vary:"Origin", "Access-Control-Request-Method", "Access-Control-Request-Headers", Content-Type:"application/json", X-Content-Type-Options:"nosniff", X-XSS-Protection:"0", Cache-Control:"no-cache, no-store, max-age=0, must-revalidate", Pragma:"no-cache", Expires:"0", X-Frame-Options:"DENY"]
     Content type = application/json
             Body = {"content":[{"id":"70bce1f7-b3c6-4206-98ad-779de114c147","name":"Testing"}],"pageable":"INSTANCE","last":true,"totalPages":1,"totalElements":1,"size":1,"number":0,"sort":{"empty":true,"unsorted":true,"sorted":false},"first":true,"numberOfElements":1,"empty":false}
    Forwarded URL = null
   Redirected URL = null
          Cookies = []
]]></system-out>
  </testcase>
  <testcase name="shouldReturn409WhenCategoryExistsInInsertCategory" classname="com.soaresdev.productorderapi.controllers.v1.CategoryControllerTest" time="0.017">
    <system-out><![CDATA[
MockHttpServletRequest:
      HTTP Method = POST
      Request URI = /v1/categories
       Parameters = {}
          Headers = [Content-Type:"application/json;charset=UTF-8", Content-Length:"18"]
             Body = {"name":"Testing"}
    Session Attrs = {}

Handler:
             Type = com.soaresdev.productorderapi.controllers.v1.CategoryController
           Method = com.soaresdev.productorderapi.controllers.v1.CategoryController#insert(CategoryInsertDTO)

Async:
    Async started = false
     Async result = null

Resolved Exception:
             Type = jakarta.persistence.EntityExistsException

ModelAndView:
        View name = null
             View = null
            Model = null

FlashMap:
       Attributes = null

MockHttpServletResponse:
           Status = 409
    Error message = null
          Headers = [Vary:"Origin", "Access-Control-Request-Method", "Access-Control-Request-Headers", Content-Type:"application/json", X-Content-Type-Options:"nosniff", X-XSS-Protection:"0", Cache-Control:"no-cache, no-store, max-age=0, must-revalidate", Pragma:"no-cache", Expires:"0", X-Frame-Options:"DENY"]
     Content type = application/json
             Body = {"timestamp":"2024-02-02T01:20:42.129016300Z","status":409,"error":"EntityExistsException","message":"Category already exists","path":"/v1/categories"}
    Forwarded URL = null
   Redirected URL = null
          Cookies = []
]]></system-out>
  </testcase>
  <testcase name="shouldReturn400WhenSendInvalidCategoryInUpdateCategoryByUUID" classname="com.soaresdev.productorderapi.controllers.v1.CategoryControllerTest" time="0.013">
    <system-out><![CDATA[
MockHttpServletRequest:
      HTTP Method = PUT
      Request URI = /v1/categories/70bce1f7-b3c6-4206-98ad-779de114c147
       Parameters = {}
          Headers = [Content-Type:"application/json;charset=UTF-8", Content-Length:"19"]
             Body = {"name":"-Testing"}
    Session Attrs = {}

Handler:
             Type = com.soaresdev.productorderapi.controllers.v1.CategoryController
           Method = com.soaresdev.productorderapi.controllers.v1.CategoryController#updateByUUID(String, CategoryInsertDTO)

Async:
    Async started = false
     Async result = null

Resolved Exception:
             Type = org.springframework.web.bind.MethodArgumentNotValidException

ModelAndView:
        View name = null
             View = null
            Model = null

FlashMap:
       Attributes = null

MockHttpServletResponse:
           Status = 400
    Error message = null
          Headers = [Vary:"Origin", "Access-Control-Request-Method", "Access-Control-Request-Headers", Content-Type:"application/json", X-Content-Type-Options:"nosniff", X-XSS-Protection:"0", Cache-Control:"no-cache, no-store, max-age=0, must-revalidate", Pragma:"no-cache", Expires:"0", X-Frame-Options:"DENY"]
     Content type = application/json
             Body = {"timestamp":"2024-02-02T01:20:42.144455000Z","status":400,"errors":["name: Invalid name"],"path":"/v1/categories/70bce1f7-b3c6-4206-98ad-779de114c147"}
    Forwarded URL = null
   Redirected URL = null
          Cookies = []
]]></system-out>
  </testcase>
  <testcase name="shouldReturn403WhenIsNotAuthenticatedInUpdateCategoryByUUID" classname="com.soaresdev.productorderapi.controllers.v1.CategoryControllerTest" time="0.005">
    <system-out><![CDATA[
MockHttpServletRequest:
      HTTP Method = PUT
      Request URI = /v1/categories/70bce1f7-b3c6-4206-98ad-779de114c147
       Parameters = {}
          Headers = [Content-Type:"application/json;charset=UTF-8", Content-Length:"18"]
             Body = {"name":"Testing"}
    Session Attrs = {}

Handler:
             Type = null

Async:
    Async started = false
     Async result = null

Resolved Exception:
             Type = null

ModelAndView:
        View name = null
             View = null
            Model = null

FlashMap:
       Attributes = null

MockHttpServletResponse:
           Status = 403
    Error message = Access Denied
          Headers = [X-Content-Type-Options:"nosniff", X-XSS-Protection:"0", Cache-Control:"no-cache, no-store, max-age=0, must-revalidate", Pragma:"no-cache", Expires:"0", X-Frame-Options:"DENY"]
     Content type = null
             Body = 
    Forwarded URL = null
   Redirected URL = null
          Cookies = []
]]></system-out>
  </testcase>
  <testcase name="shouldReturn403WhenIsNotAuthenticatedInInsertCategory" classname="com.soaresdev.productorderapi.controllers.v1.CategoryControllerTest" time="0.005">
    <system-out><![CDATA[
MockHttpServletRequest:
      HTTP Method = POST
      Request URI = /v1/categories
       Parameters = {}
          Headers = [Content-Type:"application/json;charset=UTF-8", Content-Length:"18"]
             Body = {"name":"Testing"}
    Session Attrs = {}

Handler:
             Type = null

Async:
    Async started = false
     Async result = null

Resolved Exception:
             Type = null

ModelAndView:
        View name = null
             View = null
            Model = null

FlashMap:
       Attributes = null

MockHttpServletResponse:
           Status = 403
    Error message = Access Denied
          Headers = [X-Content-Type-Options:"nosniff", X-XSS-Protection:"0", Cache-Control:"no-cache, no-store, max-age=0, must-revalidate", Pragma:"no-cache", Expires:"0", X-Frame-Options:"DENY"]
     Content type = null
             Body = 
    Forwarded URL = null
   Redirected URL = null
          Cookies = []
]]></system-out>
  </testcase>
  <testcase name="shouldReturn403WhenIsNotAuthenticatedInDeleteCategoryByUUID" classname="com.soaresdev.productorderapi.controllers.v1.CategoryControllerTest" time="0.004">
    <system-out><![CDATA[
MockHttpServletRequest:
      HTTP Method = DELETE
      Request URI = /v1/categories/70bce1f7-b3c6-4206-98ad-779de114c147
       Parameters = {}
          Headers = []
             Body = null
    Session Attrs = {}

Handler:
             Type = null

Async:
    Async started = false
     Async result = null

Resolved Exception:
             Type = null

ModelAndView:
        View name = null
             View = null
            Model = null

FlashMap:
       Attributes = null

MockHttpServletResponse:
           Status = 403
    Error message = Access Denied
          Headers = [X-Content-Type-Options:"nosniff", X-XSS-Protection:"0", Cache-Control:"no-cache, no-store, max-age=0, must-revalidate", Pragma:"no-cache", Expires:"0", X-Frame-Options:"DENY"]
     Content type = null
             Body = 
    Forwarded URL = null
   Redirected URL = null
          Cookies = []
]]></system-out>
  </testcase>
  <testcase name="shouldUpdateCategoryAsJsonByUUIDAndReturn200WhenIsAuthenticated" classname="com.soaresdev.productorderapi.controllers.v1.CategoryControllerTest" time="0.008">
    <system-out><![CDATA[
MockHttpServletRequest:
      HTTP Method = PUT
      Request URI = /v1/categories/70bce1f7-b3c6-4206-98ad-779de114c147
       Parameters = {}
          Headers = [Content-Type:"application/json;charset=UTF-8", Accept:"application/json", Content-Length:"18"]
             Body = {"name":"Testing"}
    Session Attrs = {}

Handler:
             Type = com.soaresdev.productorderapi.controllers.v1.CategoryController
           Method = com.soaresdev.productorderapi.controllers.v1.CategoryController#updateByUUID(String, CategoryInsertDTO)

Async:
    Async started = false
     Async result = null

Resolved Exception:
             Type = null

ModelAndView:
        View name = null
             View = null
            Model = null

FlashMap:
       Attributes = null

MockHttpServletResponse:
           Status = 200
    Error message = null
          Headers = [Vary:"Origin", "Access-Control-Request-Method", "Access-Control-Request-Headers", Content-Type:"application/json", X-Content-Type-Options:"nosniff", X-XSS-Protection:"0", Cache-Control:"no-cache, no-store, max-age=0, must-revalidate", Pragma:"no-cache", Expires:"0", X-Frame-Options:"DENY"]
     Content type = application/json
             Body = {"id":"70bce1f7-b3c6-4206-98ad-779de114c147","name":"Testing"}
    Forwarded URL = null
   Redirected URL = null
          Cookies = []
]]></system-out>
  </testcase>
  <testcase name="shouldFindCategoryByUUIDAsXmlAndReturn200WhenIsAuthenticated" classname="com.soaresdev.productorderapi.controllers.v1.CategoryControllerTest" time="0.009">
    <system-out><![CDATA[
MockHttpServletRequest:
      HTTP Method = GET
      Request URI = /v1/categories/70bce1f7-b3c6-4206-98ad-779de114c147
       Parameters = {}
          Headers = [Accept:"application/xml"]
             Body = null
    Session Attrs = {}

Handler:
             Type = com.soaresdev.productorderapi.controllers.v1.CategoryController
           Method = com.soaresdev.productorderapi.controllers.v1.CategoryController#findByUUID(String)

Async:
    Async started = false
     Async result = null

Resolved Exception:
             Type = null

ModelAndView:
        View name = null
             View = null
            Model = null

FlashMap:
       Attributes = null

MockHttpServletResponse:
           Status = 200
    Error message = null
          Headers = [Vary:"Origin", "Access-Control-Request-Method", "Access-Control-Request-Headers", Content-Type:"application/xml", X-Content-Type-Options:"nosniff", X-XSS-Protection:"0", Cache-Control:"no-cache, no-store, max-age=0, must-revalidate", Pragma:"no-cache", Expires:"0", X-Frame-Options:"DENY"]
     Content type = application/xml
             Body = <CategoryDTO><id>70bce1f7-b3c6-4206-98ad-779de114c147</id><name>Testing</name></CategoryDTO>
    Forwarded URL = null
   Redirected URL = null
          Cookies = []
]]></system-out>
  </testcase>
  <testcase name="shouldReturn403WhenIsNotAuthenticatedInFindAllCategories" classname="com.soaresdev.productorderapi.controllers.v1.CategoryControllerTest" time="0.004">
    <system-out><![CDATA[
MockHttpServletRequest:
      HTTP Method = GET
      Request URI = /v1/categories
       Parameters = {}
          Headers = []
             Body = null
    Session Attrs = {}

Handler:
             Type = null

Async:
    Async started = false
     Async result = null

Resolved Exception:
             Type = null

ModelAndView:
        View name = null
             View = null
            Model = null

FlashMap:
       Attributes = null

MockHttpServletResponse:
           Status = 403
    Error message = Access Denied
          Headers = [X-Content-Type-Options:"nosniff", X-XSS-Protection:"0", Cache-Control:"no-cache, no-store, max-age=0, must-revalidate", Pragma:"no-cache", Expires:"0", X-Frame-Options:"DENY"]
     Content type = null
             Body = 
    Forwarded URL = null
   Redirected URL = null
          Cookies = []
]]></system-out>
  </testcase>
  <testcase name="shouldReturn404WhenIsAuthenticatedAndCategoryNotFoundInFindCategoryByUUID" classname="com.soaresdev.productorderapi.controllers.v1.CategoryControllerTest" time="0.006">
    <system-out><![CDATA[
MockHttpServletRequest:
      HTTP Method = GET
      Request URI = /v1/categories/70bce1f7-b3c6-4206-98ad-779de114c147
       Parameters = {}
          Headers = []
             Body = null
    Session Attrs = {}

Handler:
             Type = com.soaresdev.productorderapi.controllers.v1.CategoryController
           Method = com.soaresdev.productorderapi.controllers.v1.CategoryController#findByUUID(String)

Async:
    Async started = false
     Async result = null

Resolved Exception:
             Type = jakarta.persistence.EntityNotFoundException

ModelAndView:
        View name = null
             View = null
            Model = null

FlashMap:
       Attributes = null

MockHttpServletResponse:
           Status = 404
    Error message = null
          Headers = [Vary:"Origin", "Access-Control-Request-Method", "Access-Control-Request-Headers", Content-Type:"application/json", X-Content-Type-Options:"nosniff", X-XSS-Protection:"0", Cache-Control:"no-cache, no-store, max-age=0, must-revalidate", Pragma:"no-cache", Expires:"0", X-Frame-Options:"DENY"]
     Content type = application/json
             Body = {"timestamp":"2024-02-02T01:20:42.200062400Z","status":404,"error":"EntityNotFoundException","message":"Category not found","path":"/v1/categories/70bce1f7-b3c6-4206-98ad-779de114c147"}
    Forwarded URL = null
   Redirected URL = null
          Cookies = []
]]></system-out>
  </testcase>
  <testcase name="shouldInsertCategoryAsXmlAndReturn201WhenIsAuthenticated" classname="com.soaresdev.productorderapi.controllers.v1.CategoryControllerTest" time="0.012">
    <system-out><![CDATA[
MockHttpServletRequest:
      HTTP Method = POST
      Request URI = /v1/categories
       Parameters = {}
          Headers = [Content-Type:"application/xml;charset=UTF-8", Accept:"application/xml", Content-Length:"59"]
             Body = <CategoryInsertDTO><name>Testing</name></CategoryInsertDTO>
    Session Attrs = {}

Handler:
             Type = com.soaresdev.productorderapi.controllers.v1.CategoryController
           Method = com.soaresdev.productorderapi.controllers.v1.CategoryController#insert(CategoryInsertDTO)

Async:
    Async started = false
     Async result = null

Resolved Exception:
             Type = null

ModelAndView:
        View name = null
             View = null
            Model = null

FlashMap:
       Attributes = null

MockHttpServletResponse:
           Status = 201
    Error message = null
          Headers = [Vary:"Origin", "Access-Control-Request-Method", "Access-Control-Request-Headers", Location:"http://localhost/v1/categories/70bce1f7-b3c6-4206-98ad-779de114c147", Content-Type:"application/xml", X-Content-Type-Options:"nosniff", X-XSS-Protection:"0", Cache-Control:"no-cache, no-store, max-age=0, must-revalidate", Pragma:"no-cache", Expires:"0", X-Frame-Options:"DENY"]
     Content type = application/xml
             Body = <CategoryDTO><id>70bce1f7-b3c6-4206-98ad-779de114c147</id><name>Testing</name></CategoryDTO>
    Forwarded URL = null
   Redirected URL = http://localhost/v1/categories/70bce1f7-b3c6-4206-98ad-779de114c147
          Cookies = []
]]></system-out>
  </testcase>
  <testcase name="shouldReturn404WhenIsAuthenticatedAndCategoryNotFoundInUpdateCategoryByUUID" classname="com.soaresdev.productorderapi.controllers.v1.CategoryControllerTest" time="0.007">
    <system-out><![CDATA[
MockHttpServletRequest:
      HTTP Method = PUT
      Request URI = /v1/categories/70bce1f7-b3c6-4206-98ad-779de114c147
       Parameters = {}
          Headers = [Content-Type:"application/json;charset=UTF-8", Content-Length:"18"]
             Body = {"name":"Testing"}
    Session Attrs = {}

Handler:
             Type = com.soaresdev.productorderapi.controllers.v1.CategoryController
           Method = com.soaresdev.productorderapi.controllers.v1.CategoryController#updateByUUID(String, CategoryInsertDTO)

Async:
    Async started = false
     Async result = null

Resolved Exception:
             Type = jakarta.persistence.EntityNotFoundException

ModelAndView:
        View name = null
             View = null
            Model = null

FlashMap:
       Attributes = null

MockHttpServletResponse:
           Status = 404
    Error message = null
          Headers = [Vary:"Origin", "Access-Control-Request-Method", "Access-Control-Request-Headers", Content-Type:"application/json", X-Content-Type-Options:"nosniff", X-XSS-Protection:"0", Cache-Control:"no-cache, no-store, max-age=0, must-revalidate", Pragma:"no-cache", Expires:"0", X-Frame-Options:"DENY"]
     Content type = application/json
             Body = {"timestamp":"2024-02-02T01:20:42.222487900Z","status":404,"error":"EntityNotFoundException","message":"Category not found","path":"/v1/categories/70bce1f7-b3c6-4206-98ad-779de114c147"}
    Forwarded URL = null
   Redirected URL = null
          Cookies = []
]]></system-out>
  </testcase>
  <testcase name="shouldUpdateCategoryAsXmlByUUIDAndReturn200WhenIsAuthenticated" classname="com.soaresdev.productorderapi.controllers.v1.CategoryControllerTest" time="0.009">
    <system-out><![CDATA[
MockHttpServletRequest:
      HTTP Method = PUT
      Request URI = /v1/categories/70bce1f7-b3c6-4206-98ad-779de114c147
       Parameters = {}
          Headers = [Content-Type:"application/xml;charset=UTF-8", Accept:"application/xml", Content-Length:"59"]
             Body = <CategoryInsertDTO><name>Testing</name></CategoryInsertDTO>
    Session Attrs = {}

Handler:
             Type = com.soaresdev.productorderapi.controllers.v1.CategoryController
           Method = com.soaresdev.productorderapi.controllers.v1.CategoryController#updateByUUID(String, CategoryInsertDTO)

Async:
    Async started = false
     Async result = null

Resolved Exception:
             Type = null

ModelAndView:
        View name = null
             View = null
            Model = null

FlashMap:
       Attributes = null

MockHttpServletResponse:
           Status = 200
    Error message = null
          Headers = [Vary:"Origin", "Access-Control-Request-Method", "Access-Control-Request-Headers", Content-Type:"application/xml", X-Content-Type-Options:"nosniff", X-XSS-Protection:"0", Cache-Control:"no-cache, no-store, max-age=0, must-revalidate", Pragma:"no-cache", Expires:"0", X-Frame-Options:"DENY"]
     Content type = application/xml
             Body = <CategoryDTO><id>70bce1f7-b3c6-4206-98ad-779de114c147</id><name>Testing</name></CategoryDTO>
    Forwarded URL = null
   Redirected URL = null
          Cookies = []
]]></system-out>
  </testcase>
  <testcase name="shouldFindAllCategoriesAsXmlAndReturn200WhenIsAuthenticated" classname="com.soaresdev.productorderapi.controllers.v1.CategoryControllerTest" time="0.014">
    <system-out><![CDATA[
MockHttpServletRequest:
      HTTP Method = GET
      Request URI = /v1/categories
       Parameters = {}
          Headers = [Accept:"application/xml"]
             Body = null
    Session Attrs = {}

Handler:
             Type = com.soaresdev.productorderapi.controllers.v1.CategoryController
           Method = com.soaresdev.productorderapi.controllers.v1.CategoryController#findAll(Pageable)

Async:
    Async started = false
     Async result = null

Resolved Exception:
             Type = null

ModelAndView:
        View name = null
             View = null
            Model = null

FlashMap:
       Attributes = null

MockHttpServletResponse:
           Status = 200
    Error message = null
          Headers = [Vary:"Origin", "Access-Control-Request-Method", "Access-Control-Request-Headers", Content-Type:"application/xml", X-Content-Type-Options:"nosniff", X-XSS-Protection:"0", Cache-Control:"no-cache, no-store, max-age=0, must-revalidate", Pragma:"no-cache", Expires:"0", X-Frame-Options:"DENY"]
     Content type = application/xml
             Body = <PageImpl><content><content><id>70bce1f7-b3c6-4206-98ad-779de114c147</id><name>Testing</name></content></content><pageable>INSTANCE</pageable><last>true</last><totalPages>1</totalPages><totalElements>1</totalElements><size>1</size><number>0</number><sort><empty>true</empty><unsorted>true</unsorted><sorted>false</sorted></sort><first>true</first><numberOfElements>1</numberOfElements><empty>false</empty></PageImpl>
    Forwarded URL = null
   Redirected URL = null
          Cookies = []
]]></system-out>
  </testcase>
  <testcase name="shouldReturn400WhenSendInvalidCategoryInInsertCategory" classname="com.soaresdev.productorderapi.controllers.v1.CategoryControllerTest" time="0.005">
    <system-out><![CDATA[
MockHttpServletRequest:
      HTTP Method = POST
      Request URI = /v1/categories
       Parameters = {}
          Headers = [Content-Type:"application/json;charset=UTF-8", Content-Length:"19"]
             Body = {"name":"-Testing"}
    Session Attrs = {}

Handler:
             Type = com.soaresdev.productorderapi.controllers.v1.CategoryController
           Method = com.soaresdev.productorderapi.controllers.v1.CategoryController#insert(CategoryInsertDTO)

Async:
    Async started = false
     Async result = null

Resolved Exception:
             Type = org.springframework.web.bind.MethodArgumentNotValidException

ModelAndView:
        View name = null
             View = null
            Model = null

FlashMap:
       Attributes = null

MockHttpServletResponse:
           Status = 400
    Error message = null
          Headers = [Vary:"Origin", "Access-Control-Request-Method", "Access-Control-Request-Headers", Content-Type:"application/json", X-Content-Type-Options:"nosniff", X-XSS-Protection:"0", Cache-Control:"no-cache, no-store, max-age=0, must-revalidate", Pragma:"no-cache", Expires:"0", X-Frame-Options:"DENY"]
     Content type = application/json
             Body = {"timestamp":"2024-02-02T01:20:42.257842600Z","status":400,"errors":["name: Invalid name"],"path":"/v1/categories"}
    Forwarded URL = null
   Redirected URL = null
          Cookies = []
]]></system-out>
  </testcase>
  <testcase name="shouldReturn403WhenIsNotAuthenticatedInFindCategoryByUUID" classname="com.soaresdev.productorderapi.controllers.v1.CategoryControllerTest" time="0.004">
    <system-out><![CDATA[
MockHttpServletRequest:
      HTTP Method = GET
      Request URI = /v1/categories/70bce1f7-b3c6-4206-98ad-779de114c147
       Parameters = {}
          Headers = []
             Body = null
    Session Attrs = {}

Handler:
             Type = null

Async:
    Async started = false
     Async result = null

Resolved Exception:
             Type = null

ModelAndView:
        View name = null
             View = null
            Model = null

FlashMap:
       Attributes = null

MockHttpServletResponse:
           Status = 403
    Error message = Access Denied
          Headers = [X-Content-Type-Options:"nosniff", X-XSS-Protection:"0", Cache-Control:"no-cache, no-store, max-age=0, must-revalidate", Pragma:"no-cache", Expires:"0", X-Frame-Options:"DENY"]
     Content type = null
             Body = 
    Forwarded URL = null
   Redirected URL = null
          Cookies = []
]]></system-out>
  </testcase>
  <testcase name="shouldReturn404WhenIsAuthenticatedAndCategoryNotFoundInDeleteCategoryByUUID" classname="com.soaresdev.productorderapi.controllers.v1.CategoryControllerTest" time="0.007">
    <system-out><![CDATA[
MockHttpServletRequest:
      HTTP Method = DELETE
      Request URI = /v1/categories/70bce1f7-b3c6-4206-98ad-779de114c147
       Parameters = {}
          Headers = []
             Body = null
    Session Attrs = {}

Handler:
             Type = com.soaresdev.productorderapi.controllers.v1.CategoryController
           Method = com.soaresdev.productorderapi.controllers.v1.CategoryController#deleteByUUID(String)

Async:
    Async started = false
     Async result = null

Resolved Exception:
             Type = jakarta.persistence.EntityNotFoundException

ModelAndView:
        View name = null
             View = null
            Model = null

FlashMap:
       Attributes = null

MockHttpServletResponse:
           Status = 404
    Error message = null
          Headers = [Vary:"Origin", "Access-Control-Request-Method", "Access-Control-Request-Headers", Content-Type:"application/json", X-Content-Type-Options:"nosniff", X-XSS-Protection:"0", Cache-Control:"no-cache, no-store, max-age=0, must-revalidate", Pragma:"no-cache", Expires:"0", X-Frame-Options:"DENY"]
     Content type = application/json
             Body = {"timestamp":"2024-02-02T01:20:42.272220600Z","status":404,"error":"EntityNotFoundException","message":"Category not found","path":"/v1/categories/70bce1f7-b3c6-4206-98ad-779de114c147"}
    Forwarded URL = null
   Redirected URL = null
          Cookies = []
]]></system-out>
  </testcase>
  <testcase name="shouldDeleteCategoryByUUIDAndReturn204WhenIsAuthenticated" classname="com.soaresdev.productorderapi.controllers.v1.CategoryControllerTest" time="0.006">
    <system-out><![CDATA[
MockHttpServletRequest:
      HTTP Method = DELETE
      Request URI = /v1/categories/70bce1f7-b3c6-4206-98ad-779de114c147
       Parameters = {}
          Headers = []
             Body = null
    Session Attrs = {}

Handler:
             Type = com.soaresdev.productorderapi.controllers.v1.CategoryController
           Method = com.soaresdev.productorderapi.controllers.v1.CategoryController#deleteByUUID(String)

Async:
    Async started = false
     Async result = null

Resolved Exception:
             Type = null

ModelAndView:
        View name = null
             View = null
            Model = null

FlashMap:
       Attributes = null

MockHttpServletResponse:
           Status = 204
    Error message = null
          Headers = [Vary:"Origin", "Access-Control-Request-Method", "Access-Control-Request-Headers", X-Content-Type-Options:"nosniff", X-XSS-Protection:"0", Cache-Control:"no-cache, no-store, max-age=0, must-revalidate", Pragma:"no-cache", Expires:"0", X-Frame-Options:"DENY"]
     Content type = null
             Body = 
    Forwarded URL = null
   Redirected URL = null
          Cookies = []
]]></system-out>
  </testcase>
  <testcase name="shouldInsertCategoryAsJsonAndReturn201WhenIsAuthenticated" classname="com.soaresdev.productorderapi.controllers.v1.CategoryControllerTest" time="0.006">
    <system-out><![CDATA[
MockHttpServletRequest:
      HTTP Method = POST
      Request URI = /v1/categories
       Parameters = {}
          Headers = [Content-Type:"application/json;charset=UTF-8", Accept:"application/json", Content-Length:"18"]
             Body = {"name":"Testing"}
    Session Attrs = {}

Handler:
             Type = com.soaresdev.productorderapi.controllers.v1.CategoryController
           Method = com.soaresdev.productorderapi.controllers.v1.CategoryController#insert(CategoryInsertDTO)

Async:
    Async started = false
     Async result = null

Resolved Exception:
             Type = null

ModelAndView:
        View name = null
             View = null
            Model = null

FlashMap:
       Attributes = null

MockHttpServletResponse:
           Status = 201
    Error message = null
          Headers = [Vary:"Origin", "Access-Control-Request-Method", "Access-Control-Request-Headers", Location:"http://localhost/v1/categories/70bce1f7-b3c6-4206-98ad-779de114c147", Content-Type:"application/json", X-Content-Type-Options:"nosniff", X-XSS-Protection:"0", Cache-Control:"no-cache, no-store, max-age=0, must-revalidate", Pragma:"no-cache", Expires:"0", X-Frame-Options:"DENY"]
     Content type = application/json
             Body = {"id":"70bce1f7-b3c6-4206-98ad-779de114c147","name":"Testing"}
    Forwarded URL = null
   Redirected URL = http://localhost/v1/categories/70bce1f7-b3c6-4206-98ad-779de114c147
          Cookies = []
]]></system-out>
  </testcase>
  <testcase name="shouldFindCategoryByUUIDAsJsonAndReturn200WhenIsAuthenticated" classname="com.soaresdev.productorderapi.controllers.v1.CategoryControllerTest" time="0.006">
    <system-out><![CDATA[
MockHttpServletRequest:
      HTTP Method = GET
      Request URI = /v1/categories/70bce1f7-b3c6-4206-98ad-779de114c147
       Parameters = {}
          Headers = [Accept:"application/json"]
             Body = null
    Session Attrs = {}

Handler:
             Type = com.soaresdev.productorderapi.controllers.v1.CategoryController
           Method = com.soaresdev.productorderapi.controllers.v1.CategoryController#findByUUID(String)

Async:
    Async started = false
     Async result = null

Resolved Exception:
             Type = null

ModelAndView:
        View name = null
             View = null
            Model = null

FlashMap:
       Attributes = null

MockHttpServletResponse:
           Status = 200
    Error message = null
          Headers = [Vary:"Origin", "Access-Control-Request-Method", "Access-Control-Request-Headers", Content-Type:"application/json", X-Content-Type-Options:"nosniff", X-XSS-Protection:"0", Cache-Control:"no-cache, no-store, max-age=0, must-revalidate", Pragma:"no-cache", Expires:"0", X-Frame-Options:"DENY"]
     Content type = application/json
             Body = {"id":"70bce1f7-b3c6-4206-98ad-779de114c147","name":"Testing"}
    Forwarded URL = null
   Redirected URL = null
          Cookies = []
]]></system-out>
  </testcase>
  <testcase name="shouldReturn409WhenCategoryExistsInUpdateCategoryByUUID" classname="com.soaresdev.productorderapi.controllers.v1.CategoryControllerTest" time="0.006">
    <system-out><![CDATA[
MockHttpServletRequest:
      HTTP Method = PUT
      Request URI = /v1/categories/70bce1f7-b3c6-4206-98ad-779de114c147
       Parameters = {}
          Headers = [Content-Type:"application/json;charset=UTF-8", Content-Length:"18"]
             Body = {"name":"Testing"}
    Session Attrs = {}

Handler:
             Type = com.soaresdev.productorderapi.controllers.v1.CategoryController
           Method = com.soaresdev.productorderapi.controllers.v1.CategoryController#updateByUUID(String, CategoryInsertDTO)

Async:
    Async started = false
     Async result = null

Resolved Exception:
             Type = jakarta.persistence.EntityExistsException

ModelAndView:
        View name = null
             View = null
            Model = null

FlashMap:
       Attributes = null

MockHttpServletResponse:
           Status = 409
    Error message = null
          Headers = [Vary:"Origin", "Access-Control-Request-Method", "Access-Control-Request-Headers", Content-Type:"application/json", X-Content-Type-Options:"nosniff", X-XSS-Protection:"0", Cache-Control:"no-cache, no-store, max-age=0, must-revalidate", Pragma:"no-cache", Expires:"0", X-Frame-Options:"DENY"]
     Content type = application/json
             Body = {"timestamp":"2024-02-02T01:20:42.304399400Z","status":409,"error":"EntityExistsException","message":"Category name already exists","path":"/v1/categories/70bce1f7-b3c6-4206-98ad-779de114c147"}
    Forwarded URL = null
   Redirected URL = null
          Cookies = []
]]></system-out>
  </testcase>
</testsuite>