<?xml version="1.0" encoding="UTF-8"?>
<testsuite xmlns:xsi="http://www.w3.org/2001/XMLSchema-instance" xsi:noNamespaceSchemaLocation="https://maven.apache.org/surefire/maven-surefire-plugin/xsd/surefire-test-report-3.0.xsd" version="3.0" name="com.soaresdev.productorderapi.controllers.v1.ProductControllerTest" time="0.525" tests="31" errors="0" skipped="0" failures="0">
  <properties>
[...]
</properties>
  <testcase name="shouldReturn403WhenIsNotAuthenticatedInDeleteProductByUUID" classname="com.soaresdev.productorderapi.controllers.v1.ProductControllerTest" time="0.004">
    <system-out><![CDATA[2024-01-16T21:41:16.598-03:00  INFO 19304 --- [           main] t.c.s.AnnotationConfigContextLoaderUtils : Could not detect default configuration classes for test class [com.soaresdev.productorderapi.controllers.v1.ProductControllerTest]: ProductControllerTest does not declare any static, non-private, non-final, nested classes annotated with @Configuration.
2024-01-16T21:41:16.601-03:00  INFO 19304 --- [           main] .b.t.c.SpringBootTestContextBootstrapper : Found @SpringBootConfiguration com.soaresdev.productorderapi.ProductOrderApiApplication for test class com.soaresdev.productorderapi.controllers.v1.ProductControllerTest

  .   ____          _            __ _ _
 /\\ / ___'_ __ _ _(_)_ __  __ _ \ \ \ \
( ( )\___ | '_ | '_| | '_ \/ _` | \ \ \ \
 \\/  ___)| |_)| | | | | || (_| |  ) ) ) )
  '  |____| .__|_| |_|_| |_\__, | / / / /
 =========|_|==============|___/=/_/_/_/
 :: Spring Boot ::                (v3.1.0)

2024-01-16T21:41:16.624-03:00  INFO 19304 --- [           main] c.s.p.c.v1.ProductControllerTest         : Starting ProductControllerTest using Java 17.0.4 with PID 19304 (started by hiago in C:\Users\hiago\OneDrive\Documentos\Programacao\Projetos JAVA\product-order-api)
2024-01-16T21:41:16.624-03:00  INFO 19304 --- [           main] c.s.p.c.v1.ProductControllerTest         : The following 1 profile is active: "prod"
2024-01-16T21:41:16.828-03:00  INFO 19304 --- [           main] o.s.s.web.DefaultSecurityFilterChain     : Will secure any request with [org.springframework.security.web.session.DisableEncodeUrlFilter@18a9762, org.springframework.security.web.context.request.async.WebAsyncManagerIntegrationFilter@72378bfd, org.springframework.security.web.context.SecurityContextHolderFilter@42bb0492, org.springframework.security.web.header.HeaderWriterFilter@1ca6323c, org.springframework.security.web.authentication.logout.LogoutFilter@3a5922ec, com.soaresdev.productorderapi.security.jwt.JwtTokenFilter@147c00c7, org.springframework.security.web.savedrequest.RequestCacheAwareFilter@6eed5b68, org.springframework.security.web.servletapi.SecurityContextHolderAwareRequestFilter@4377b35b, org.springframework.security.web.authentication.AnonymousAuthenticationFilter@104972a0, org.springframework.security.web.session.SessionManagementFilter@27b89e0a, org.springframework.security.web.access.ExceptionTranslationFilter@3d123d10, org.springframework.security.web.access.intercept.AuthorizationFilter@40f88929]
2024-01-16T21:41:16.863-03:00  INFO 19304 --- [           main] o.s.b.t.m.w.SpringBootMockServletContext : Initializing Spring TestDispatcherServlet ''
2024-01-16T21:41:16.863-03:00  INFO 19304 --- [           main] o.s.t.web.servlet.TestDispatcherServlet  : Initializing Servlet ''
2024-01-16T21:41:16.864-03:00  INFO 19304 --- [           main] o.s.t.web.servlet.TestDispatcherServlet  : Completed initialization in 1 ms
2024-01-16T21:41:16.867-03:00  INFO 19304 --- [           main] c.s.p.c.v1.ProductControllerTest         : Started ProductControllerTest in 0.262 seconds (process running for 9.16)

MockHttpServletRequest:
      HTTP Method = DELETE
      Request URI = /v1/products/09ef0207-2adc-487f-b063-46622970ee44
       Parameters = {}
          Headers = []
             Body = null
    Session Attrs = {}

Handler:
             Type = null

Async:
    Async started = false
     Async result = null

Resolved Exception:
             Type = null

ModelAndView:
        View name = null
             View = null
            Model = null

FlashMap:
       Attributes = null

MockHttpServletResponse:
           Status = 403
    Error message = Access Denied
          Headers = [X-Content-Type-Options:"nosniff", X-XSS-Protection:"0", Cache-Control:"no-cache, no-store, max-age=0, must-revalidate", Pragma:"no-cache", Expires:"0", X-Frame-Options:"DENY"]
     Content type = null
             Body = 
    Forwarded URL = null
   Redirected URL = null
          Cookies = []
]]></system-out>
  </testcase>
  <testcase name="shouldReturn403WhenIsNotAuthenticatedInInsertProduct" classname="com.soaresdev.productorderapi.controllers.v1.ProductControllerTest" time="0.004">
    <system-out><![CDATA[
MockHttpServletRequest:
      HTTP Method = POST
      Request URI = /v1/products
       Parameters = {}
          Headers = [Content-Type:"application/json;charset=UTF-8", Content-Length:"83"]
             Body = {"name":"Testing","description":"Testing","price":1,"imgUrl":"https://testing.com"}
    Session Attrs = {}

Handler:
             Type = null

Async:
    Async started = false
     Async result = null

Resolved Exception:
             Type = null

ModelAndView:
        View name = null
             View = null
            Model = null

FlashMap:
       Attributes = null

MockHttpServletResponse:
           Status = 403
    Error message = Access Denied
          Headers = [X-Content-Type-Options:"nosniff", X-XSS-Protection:"0", Cache-Control:"no-cache, no-store, max-age=0, must-revalidate", Pragma:"no-cache", Expires:"0", X-Frame-Options:"DENY"]
     Content type = null
             Body = 
    Forwarded URL = null
   Redirected URL = null
          Cookies = []
]]></system-out>
  </testcase>
  <testcase name="shouldReturn403WhenIsNotAuthenticatedInUpdateProductByUUID" classname="com.soaresdev.productorderapi.controllers.v1.ProductControllerTest" time="0.003">
    <system-out><![CDATA[
MockHttpServletRequest:
      HTTP Method = PUT
      Request URI = /v1/products/09ef0207-2adc-487f-b063-46622970ee44
       Parameters = {}
          Headers = [Content-Type:"application/json;charset=UTF-8", Content-Length:"67"]
             Body = {"name":"-Testing","description":null,"price":0,"imgUrl":"testing"}
    Session Attrs = {}

Handler:
             Type = null

Async:
    Async started = false
     Async result = null

Resolved Exception:
             Type = null

ModelAndView:
        View name = null
             View = null
            Model = null

FlashMap:
       Attributes = null

MockHttpServletResponse:
           Status = 403
    Error message = Access Denied
          Headers = [X-Content-Type-Options:"nosniff", X-XSS-Protection:"0", Cache-Control:"no-cache, no-store, max-age=0, must-revalidate", Pragma:"no-cache", Expires:"0", X-Frame-Options:"DENY"]
     Content type = null
             Body = 
    Forwarded URL = null
   Redirected URL = null
          Cookies = []
]]></system-out>
  </testcase>
  <testcase name="shouldRemoveCategoryFromProductByUUIDAndReturn200WhenIsAuthenticated" classname="com.soaresdev.productorderapi.controllers.v1.ProductControllerTest" time="0.014">
    <system-out><![CDATA[
MockHttpServletRequest:
      HTTP Method = DELETE
      Request URI = /v1/products/09ef0207-2adc-487f-b063-46622970ee44/categories
       Parameters = {}
          Headers = [Content-Type:"application/json;charset=UTF-8", Content-Length:"56"]
             Body = {"category_uuid":"09ef0207-2adc-487f-b063-46622970ee44"}
    Session Attrs = {}

Handler:
             Type = com.soaresdev.productorderapi.controllers.v1.ProductController
           Method = com.soaresdev.productorderapi.controllers.v1.ProductController#removeCategoryByUUID(String, ProductCategoryInsertDTO)

Async:
    Async started = false
     Async result = null

Resolved Exception:
             Type = null

ModelAndView:
        View name = null
             View = null
            Model = null

FlashMap:
       Attributes = null

MockHttpServletResponse:
           Status = 200
    Error message = null
          Headers = [Vary:"Origin", "Access-Control-Request-Method", "Access-Control-Request-Headers", Content-Type:"application/json", X-Content-Type-Options:"nosniff", X-XSS-Protection:"0", Cache-Control:"no-cache, no-store, max-age=0, must-revalidate", Pragma:"no-cache", Expires:"0", X-Frame-Options:"DENY"]
     Content type = application/json
             Body = {"id":"09ef0207-2adc-487f-b063-46622970ee44","name":"Testing","description":"Testing","price":1,"imgUrl":"https://testing.com","categories":[]}
    Forwarded URL = null
   Redirected URL = null
          Cookies = []
]]></system-out>
  </testcase>
  <testcase name="shouldReturn400WhenSendInvalidCategoryInAddCategoryInProductByUUID" classname="com.soaresdev.productorderapi.controllers.v1.ProductControllerTest" time="0.006">
    <system-out><![CDATA[
MockHttpServletRequest:
      HTTP Method = POST
      Request URI = /v1/products/09ef0207-2adc-487f-b063-46622970ee44/categories
       Parameters = {}
          Headers = [Content-Type:"application/json;charset=UTF-8", Content-Length:"32"]
             Body = {"category_uuid":"invalid-uuid"}
    Session Attrs = {}

Handler:
             Type = com.soaresdev.productorderapi.controllers.v1.ProductController
           Method = com.soaresdev.productorderapi.controllers.v1.ProductController#addCategoryByUUID(String, ProductCategoryInsertDTO)

Async:
    Async started = false
     Async result = null

Resolved Exception:
             Type = org.springframework.web.bind.MethodArgumentNotValidException

ModelAndView:
        View name = null
             View = null
            Model = null

FlashMap:
       Attributes = null

MockHttpServletResponse:
           Status = 400
    Error message = null
          Headers = [Vary:"Origin", "Access-Control-Request-Method", "Access-Control-Request-Headers", Content-Type:"application/json", X-Content-Type-Options:"nosniff", X-XSS-Protection:"0", Cache-Control:"no-cache, no-store, max-age=0, must-revalidate", Pragma:"no-cache", Expires:"0", X-Frame-Options:"DENY"]
     Content type = application/json
             Body = {"timestamp":"2024-01-17T00:41:16.904618800Z","status":400,"errors":["category_uuid: Invalid category uuid"],"path":"/v1/products/09ef0207-2adc-487f-b063-46622970ee44/categories"}
    Forwarded URL = null
   Redirected URL = null
          Cookies = []
]]></system-out>
  </testcase>
  <testcase name="shouldFindProductByUUIDAsJsonAndReturn200WhenIsAuthenticated" classname="com.soaresdev.productorderapi.controllers.v1.ProductControllerTest" time="0.007">
    <system-out><![CDATA[
MockHttpServletRequest:
      HTTP Method = GET
      Request URI = /v1/products/09ef0207-2adc-487f-b063-46622970ee44
       Parameters = {}
          Headers = [Accept:"application/json"]
             Body = null
    Session Attrs = {}

Handler:
             Type = com.soaresdev.productorderapi.controllers.v1.ProductController
           Method = com.soaresdev.productorderapi.controllers.v1.ProductController#findByUUID(String)

Async:
    Async started = false
     Async result = null

Resolved Exception:
             Type = null

ModelAndView:
        View name = null
             View = null
            Model = null

FlashMap:
       Attributes = null

MockHttpServletResponse:
           Status = 200
    Error message = null
          Headers = [Vary:"Origin", "Access-Control-Request-Method", "Access-Control-Request-Headers", Content-Type:"application/json", X-Content-Type-Options:"nosniff", X-XSS-Protection:"0", Cache-Control:"no-cache, no-store, max-age=0, must-revalidate", Pragma:"no-cache", Expires:"0", X-Frame-Options:"DENY"]
     Content type = application/json
             Body = {"id":"09ef0207-2adc-487f-b063-46622970ee44","name":"Testing","description":"Testing","price":1,"imgUrl":"https://testing.com","categories":[{"id":"09ef0207-2adc-487f-b063-46622970ee44","name":"Testing"}]}
    Forwarded URL = null
   Redirected URL = null
          Cookies = []
]]></system-out>
  </testcase>
  <testcase name="shouldReturn403WhenIsNotAuthenticatedInRemoveCategoryFromProductByUUID" classname="com.soaresdev.productorderapi.controllers.v1.ProductControllerTest" time="0.004">
    <system-out><![CDATA[
MockHttpServletRequest:
      HTTP Method = DELETE
      Request URI = /v1/products/09ef0207-2adc-487f-b063-46622970ee44/categories
       Parameters = {}
          Headers = [Content-Type:"application/json;charset=UTF-8", Content-Length:"56"]
             Body = {"category_uuid":"09ef0207-2adc-487f-b063-46622970ee44"}
    Session Attrs = {}

Handler:
             Type = null

Async:
    Async started = false
     Async result = null

Resolved Exception:
             Type = null

ModelAndView:
        View name = null
             View = null
            Model = null

FlashMap:
       Attributes = null

MockHttpServletResponse:
           Status = 403
    Error message = Access Denied
          Headers = [X-Content-Type-Options:"nosniff", X-XSS-Protection:"0", Cache-Control:"no-cache, no-store, max-age=0, must-revalidate", Pragma:"no-cache", Expires:"0", X-Frame-Options:"DENY"]
     Content type = null
             Body = 
    Forwarded URL = null
   Redirected URL = null
          Cookies = []
]]></system-out>
  </testcase>
  <testcase name="shouldDeleteProductByUUIDAndReturn204WhenIsAuthenticated" classname="com.soaresdev.productorderapi.controllers.v1.ProductControllerTest" time="0.004">
    <system-out><![CDATA[
MockHttpServletRequest:
      HTTP Method = DELETE
      Request URI = /v1/products/09ef0207-2adc-487f-b063-46622970ee44
       Parameters = {}
          Headers = []
             Body = null
    Session Attrs = {}

Handler:
             Type = com.soaresdev.productorderapi.controllers.v1.ProductController
           Method = com.soaresdev.productorderapi.controllers.v1.ProductController#deleteByUUID(String)

Async:
    Async started = false
     Async result = null

Resolved Exception:
             Type = null

ModelAndView:
        View name = null
             View = null
            Model = null

FlashMap:
       Attributes = null

MockHttpServletResponse:
           Status = 204
    Error message = null
          Headers = [Vary:"Origin", "Access-Control-Request-Method", "Access-Control-Request-Headers", X-Content-Type-Options:"nosniff", X-XSS-Protection:"0", Cache-Control:"no-cache, no-store, max-age=0, must-revalidate", Pragma:"no-cache", Expires:"0", X-Frame-Options:"DENY"]
     Content type = null
             Body = 
    Forwarded URL = null
   Redirected URL = null
          Cookies = []
]]></system-out>
  </testcase>
  <testcase name="shouldReturn403WhenIsNotAuthenticatedInAddCategoryInProductByUUID" classname="com.soaresdev.productorderapi.controllers.v1.ProductControllerTest" time="0.003">
    <system-out><![CDATA[
MockHttpServletRequest:
      HTTP Method = POST
      Request URI = /v1/products/09ef0207-2adc-487f-b063-46622970ee44/categories
       Parameters = {}
          Headers = [Content-Type:"application/json;charset=UTF-8", Content-Length:"56"]
             Body = {"category_uuid":"09ef0207-2adc-487f-b063-46622970ee44"}
    Session Attrs = {}

Handler:
             Type = null

Async:
    Async started = false
     Async result = null

Resolved Exception:
             Type = null

ModelAndView:
        View name = null
             View = null
            Model = null

FlashMap:
       Attributes = null

MockHttpServletResponse:
           Status = 403
    Error message = Access Denied
          Headers = [X-Content-Type-Options:"nosniff", X-XSS-Protection:"0", Cache-Control:"no-cache, no-store, max-age=0, must-revalidate", Pragma:"no-cache", Expires:"0", X-Frame-Options:"DENY"]
     Content type = null
             Body = 
    Forwarded URL = null
   Redirected URL = null
          Cookies = []
]]></system-out>
  </testcase>
  <testcase name="shouldReturn403WhenIsNotAuthenticatedInFindProductByUUID" classname="com.soaresdev.productorderapi.controllers.v1.ProductControllerTest" time="0.002">
    <system-out><![CDATA[
MockHttpServletRequest:
      HTTP Method = GET
      Request URI = /v1/products/09ef0207-2adc-487f-b063-46622970ee44
       Parameters = {}
          Headers = []
             Body = null
    Session Attrs = {}

Handler:
             Type = null

Async:
    Async started = false
     Async result = null

Resolved Exception:
             Type = null

ModelAndView:
        View name = null
             View = null
            Model = null

FlashMap:
       Attributes = null

MockHttpServletResponse:
           Status = 403
    Error message = Access Denied
          Headers = [X-Content-Type-Options:"nosniff", X-XSS-Protection:"0", Cache-Control:"no-cache, no-store, max-age=0, must-revalidate", Pragma:"no-cache", Expires:"0", X-Frame-Options:"DENY"]
     Content type = null
             Body = 
    Forwarded URL = null
   Redirected URL = null
          Cookies = []
]]></system-out>
  </testcase>
  <testcase name="shouldFindProductByUUIDAsXmlAndReturn200WhenIsAuthenticated" classname="com.soaresdev.productorderapi.controllers.v1.ProductControllerTest" time="0.014">
    <system-out><![CDATA[
MockHttpServletRequest:
      HTTP Method = GET
      Request URI = /v1/products/09ef0207-2adc-487f-b063-46622970ee44
       Parameters = {}
          Headers = [Accept:"application/xml"]
             Body = null
    Session Attrs = {}

Handler:
             Type = com.soaresdev.productorderapi.controllers.v1.ProductController
           Method = com.soaresdev.productorderapi.controllers.v1.ProductController#findByUUID(String)

Async:
    Async started = false
     Async result = null

Resolved Exception:
             Type = null

ModelAndView:
        View name = null
             View = null
            Model = null

FlashMap:
       Attributes = null

MockHttpServletResponse:
           Status = 200
    Error message = null
          Headers = [Vary:"Origin", "Access-Control-Request-Method", "Access-Control-Request-Headers", Content-Type:"application/xml", X-Content-Type-Options:"nosniff", X-XSS-Protection:"0", Cache-Control:"no-cache, no-store, max-age=0, must-revalidate", Pragma:"no-cache", Expires:"0", X-Frame-Options:"DENY"]
     Content type = application/xml
             Body = <ProductDTO><id>09ef0207-2adc-487f-b063-46622970ee44</id><name>Testing</name><description>Testing</description><price>1</price><imgUrl>https://testing.com</imgUrl><categories><categories><id>09ef0207-2adc-487f-b063-46622970ee44</id><name>Testing</name></categories></categories></ProductDTO>
    Forwarded URL = null
   Redirected URL = null
          Cookies = []
]]></system-out>
  </testcase>
  <testcase name="shouldInsertProductAsJsonAndReturn201WhenIsAuthenticated" classname="com.soaresdev.productorderapi.controllers.v1.ProductControllerTest" time="0.01">
    <system-out><![CDATA[
MockHttpServletRequest:
      HTTP Method = POST
      Request URI = /v1/products
       Parameters = {}
          Headers = [Content-Type:"application/json;charset=UTF-8", Accept:"application/json", Content-Length:"83"]
             Body = {"name":"Testing","description":"Testing","price":1,"imgUrl":"https://testing.com"}
    Session Attrs = {}

Handler:
             Type = com.soaresdev.productorderapi.controllers.v1.ProductController
           Method = com.soaresdev.productorderapi.controllers.v1.ProductController#insert(ProductInsertDTO)

Async:
    Async started = false
     Async result = null

Resolved Exception:
             Type = null

ModelAndView:
        View name = null
             View = null
            Model = null

FlashMap:
       Attributes = null

MockHttpServletResponse:
           Status = 201
    Error message = null
          Headers = [Vary:"Origin", "Access-Control-Request-Method", "Access-Control-Request-Headers", Location:"http://localhost/v1/products/09ef0207-2adc-487f-b063-46622970ee44", Content-Type:"application/json", X-Content-Type-Options:"nosniff", X-XSS-Protection:"0", Cache-Control:"no-cache, no-store, max-age=0, must-revalidate", Pragma:"no-cache", Expires:"0", X-Frame-Options:"DENY"]
     Content type = application/json
             Body = {"id":"09ef0207-2adc-487f-b063-46622970ee44","name":"Testing","description":"Testing","price":1,"imgUrl":"https://testing.com","categories":[{"id":"09ef0207-2adc-487f-b063-46622970ee44","name":"Testing"}]}
    Forwarded URL = null
   Redirected URL = http://localhost/v1/products/09ef0207-2adc-487f-b063-46622970ee44
          Cookies = []
]]></system-out>
  </testcase>
  <testcase name="shouldReturn404WhenIsAuthenticatedAndCategoryNotFoundInProductInRemoveCategoryFromProductByUUID" classname="com.soaresdev.productorderapi.controllers.v1.ProductControllerTest" time="0.007">
    <system-out><![CDATA[
MockHttpServletRequest:
      HTTP Method = DELETE
      Request URI = /v1/products/09ef0207-2adc-487f-b063-46622970ee44/categories
       Parameters = {}
          Headers = [Content-Type:"application/json;charset=UTF-8", Content-Length:"56"]
             Body = {"category_uuid":"09ef0207-2adc-487f-b063-46622970ee44"}
    Session Attrs = {}

Handler:
             Type = com.soaresdev.productorderapi.controllers.v1.ProductController
           Method = com.soaresdev.productorderapi.controllers.v1.ProductController#removeCategoryByUUID(String, ProductCategoryInsertDTO)

Async:
    Async started = false
     Async result = null

Resolved Exception:
             Type = jakarta.persistence.EntityNotFoundException

ModelAndView:
        View name = null
             View = null
            Model = null

FlashMap:
       Attributes = null

MockHttpServletResponse:
           Status = 404
    Error message = null
          Headers = [Vary:"Origin", "Access-Control-Request-Method", "Access-Control-Request-Headers", Content-Type:"application/json", X-Content-Type-Options:"nosniff", X-XSS-Protection:"0", Cache-Control:"no-cache, no-store, max-age=0, must-revalidate", Pragma:"no-cache", Expires:"0", X-Frame-Options:"DENY"]
     Content type = application/json
             Body = {"timestamp":"2024-01-17T00:41:16.970185500Z","status":404,"error":"EntityNotFoundException","message":"Category not found in this product","path":"/v1/products/09ef0207-2adc-487f-b063-46622970ee44/categories"}
    Forwarded URL = null
   Redirected URL = null
          Cookies = []
]]></system-out>
  </testcase>
  <testcase name="shouldReturn400WhenSendInvalidCategoryInRemoveCategoryFromProductByUUID" classname="com.soaresdev.productorderapi.controllers.v1.ProductControllerTest" time="0.004">
    <system-out><![CDATA[
MockHttpServletRequest:
      HTTP Method = DELETE
      Request URI = /v1/products/09ef0207-2adc-487f-b063-46622970ee44/categories
       Parameters = {}
          Headers = [Content-Type:"application/json;charset=UTF-8", Content-Length:"32"]
             Body = {"category_uuid":"invalid-uuid"}
    Session Attrs = {}

Handler:
             Type = com.soaresdev.productorderapi.controllers.v1.ProductController
           Method = com.soaresdev.productorderapi.controllers.v1.ProductController#removeCategoryByUUID(String, ProductCategoryInsertDTO)

Async:
    Async started = false
     Async result = null

Resolved Exception:
             Type = org.springframework.web.bind.MethodArgumentNotValidException

ModelAndView:
        View name = null
             View = null
            Model = null

FlashMap:
       Attributes = null

MockHttpServletResponse:
           Status = 400
    Error message = null
          Headers = [Vary:"Origin", "Access-Control-Request-Method", "Access-Control-Request-Headers", Content-Type:"application/json", X-Content-Type-Options:"nosniff", X-XSS-Protection:"0", Cache-Control:"no-cache, no-store, max-age=0, must-revalidate", Pragma:"no-cache", Expires:"0", X-Frame-Options:"DENY"]
     Content type = application/json
             Body = {"timestamp":"2024-01-17T00:41:16.977859500Z","status":400,"errors":["category_uuid: Invalid category uuid"],"path":"/v1/products/09ef0207-2adc-487f-b063-46622970ee44/categories"}
    Forwarded URL = null
   Redirected URL = null
          Cookies = []
]]></system-out>
  </testcase>
  <testcase name="shouldUpdateProductAsXmlByUUIDAndReturn200WhenIsAuthenticated" classname="com.soaresdev.productorderapi.controllers.v1.ProductControllerTest" time="0.016">
    <system-out><![CDATA[
MockHttpServletRequest:
      HTTP Method = PUT
      Request URI = /v1/products/09ef0207-2adc-487f-b063-46622970ee44
       Parameters = {}
          Headers = [Content-Type:"application/xml;charset=UTF-8", Accept:"application/xml", Content-Length:"143"]
             Body = <ProductInsertDTO><name>Testing</name><description>Testing</description><price>1</price><imgUrl>https://testing.com</imgUrl></ProductInsertDTO>
    Session Attrs = {}

Handler:
             Type = com.soaresdev.productorderapi.controllers.v1.ProductController
           Method = com.soaresdev.productorderapi.controllers.v1.ProductController#updateByUUID(String, ProductInsertDTO)

Async:
    Async started = false
     Async result = null

Resolved Exception:
             Type = null

ModelAndView:
        View name = null
             View = null
            Model = null

FlashMap:
       Attributes = null

MockHttpServletResponse:
           Status = 200
    Error message = null
          Headers = [Vary:"Origin", "Access-Control-Request-Method", "Access-Control-Request-Headers", Content-Type:"application/xml", X-Content-Type-Options:"nosniff", X-XSS-Protection:"0", Cache-Control:"no-cache, no-store, max-age=0, must-revalidate", Pragma:"no-cache", Expires:"0", X-Frame-Options:"DENY"]
     Content type = application/xml
             Body = <ProductDTO><id>09ef0207-2adc-487f-b063-46622970ee44</id><name>Testing</name><description>Testing</description><price>1</price><imgUrl>https://testing.com</imgUrl><categories><categories><id>09ef0207-2adc-487f-b063-46622970ee44</id><name>Testing</name></categories></categories></ProductDTO>
    Forwarded URL = null
   Redirected URL = null
          Cookies = []
]]></system-out>
  </testcase>
  <testcase name="shouldReturn403WhenIsNotAuthenticatedInFindAllProducts" classname="com.soaresdev.productorderapi.controllers.v1.ProductControllerTest" time="0.003">
    <system-out><![CDATA[
MockHttpServletRequest:
      HTTP Method = GET
      Request URI = /v1/products
       Parameters = {}
          Headers = []
             Body = null
    Session Attrs = {}

Handler:
             Type = null

Async:
    Async started = false
     Async result = null

Resolved Exception:
             Type = null

ModelAndView:
        View name = null
             View = null
            Model = null

FlashMap:
       Attributes = null

MockHttpServletResponse:
           Status = 403
    Error message = Access Denied
          Headers = [X-Content-Type-Options:"nosniff", X-XSS-Protection:"0", Cache-Control:"no-cache, no-store, max-age=0, must-revalidate", Pragma:"no-cache", Expires:"0", X-Frame-Options:"DENY"]
     Content type = null
             Body = 
    Forwarded URL = null
   Redirected URL = null
          Cookies = []
]]></system-out>
  </testcase>
  <testcase name="shouldReturn400WhenSendInvalidProductInInsertProduct" classname="com.soaresdev.productorderapi.controllers.v1.ProductControllerTest" time="0.005">
    <system-out><![CDATA[
MockHttpServletRequest:
      HTTP Method = POST
      Request URI = /v1/products
       Parameters = {}
          Headers = [Content-Type:"application/json;charset=UTF-8", Content-Length:"67"]
             Body = {"name":"-Testing","description":null,"price":0,"imgUrl":"testing"}
    Session Attrs = {}

Handler:
             Type = com.soaresdev.productorderapi.controllers.v1.ProductController
           Method = com.soaresdev.productorderapi.controllers.v1.ProductController#insert(ProductInsertDTO)

Async:
    Async started = false
     Async result = null

Resolved Exception:
             Type = org.springframework.web.bind.MethodArgumentNotValidException

ModelAndView:
        View name = null
             View = null
            Model = null

FlashMap:
       Attributes = null

MockHttpServletResponse:
           Status = 400
    Error message = null
          Headers = [Vary:"Origin", "Access-Control-Request-Method", "Access-Control-Request-Headers", Content-Type:"application/json", X-Content-Type-Options:"nosniff", X-XSS-Protection:"0", Cache-Control:"no-cache, no-store, max-age=0, must-revalidate", Pragma:"no-cache", Expires:"0", X-Frame-Options:"DENY"]
     Content type = application/json
             Body = {"timestamp":"2024-01-17T00:41:17.006722000Z","status":400,"errors":["description: Description can not be null","imgUrl: Invalid image url","name: Invalid name","price: Price must be greater than zero"],"path":"/v1/products"}
    Forwarded URL = null
   Redirected URL = null
          Cookies = []
]]></system-out>
  </testcase>
  <testcase name="shouldReturn404WhenIsAuthenticatedAndProductNotFoundInRemoveCategoryFromProductByUUID" classname="com.soaresdev.productorderapi.controllers.v1.ProductControllerTest" time="0.005">
    <system-out><![CDATA[
MockHttpServletRequest:
      HTTP Method = DELETE
      Request URI = /v1/products/09ef0207-2adc-487f-b063-46622970ee44/categories
       Parameters = {}
          Headers = [Content-Type:"application/json;charset=UTF-8", Content-Length:"56"]
             Body = {"category_uuid":"09ef0207-2adc-487f-b063-46622970ee44"}
    Session Attrs = {}

Handler:
             Type = com.soaresdev.productorderapi.controllers.v1.ProductController
           Method = com.soaresdev.productorderapi.controllers.v1.ProductController#removeCategoryByUUID(String, ProductCategoryInsertDTO)

Async:
    Async started = false
     Async result = null

Resolved Exception:
             Type = jakarta.persistence.EntityNotFoundException

ModelAndView:
        View name = null
             View = null
            Model = null

FlashMap:
       Attributes = null

MockHttpServletResponse:
           Status = 404
    Error message = null
          Headers = [Vary:"Origin", "Access-Control-Request-Method", "Access-Control-Request-Headers", Content-Type:"application/json", X-Content-Type-Options:"nosniff", X-XSS-Protection:"0", Cache-Control:"no-cache, no-store, max-age=0, must-revalidate", Pragma:"no-cache", Expires:"0", X-Frame-Options:"DENY"]
     Content type = application/json
             Body = {"timestamp":"2024-01-17T00:41:17.012359800Z","status":404,"error":"EntityNotFoundException","message":"Product not found","path":"/v1/products/09ef0207-2adc-487f-b063-46622970ee44/categories"}
    Forwarded URL = null
   Redirected URL = null
          Cookies = []
]]></system-out>
  </testcase>
  <testcase name="shouldReturn404WhenIsAuthenticatedAndCategoryNotFoundInAddCategoryInProductByUUID" classname="com.soaresdev.productorderapi.controllers.v1.ProductControllerTest" time="0.006">
    <system-out><![CDATA[
MockHttpServletRequest:
      HTTP Method = POST
      Request URI = /v1/products/09ef0207-2adc-487f-b063-46622970ee44/categories
       Parameters = {}
          Headers = [Content-Type:"application/json;charset=UTF-8", Content-Length:"56"]
             Body = {"category_uuid":"09ef0207-2adc-487f-b063-46622970ee44"}
    Session Attrs = {}

Handler:
             Type = com.soaresdev.productorderapi.controllers.v1.ProductController
           Method = com.soaresdev.productorderapi.controllers.v1.ProductController#addCategoryByUUID(String, ProductCategoryInsertDTO)

Async:
    Async started = false
     Async result = null

Resolved Exception:
             Type = jakarta.persistence.EntityNotFoundException

ModelAndView:
        View name = null
             View = null
            Model = null

FlashMap:
       Attributes = null

MockHttpServletResponse:
           Status = 404
    Error message = null
          Headers = [Vary:"Origin", "Access-Control-Request-Method", "Access-Control-Request-Headers", Content-Type:"application/json", X-Content-Type-Options:"nosniff", X-XSS-Protection:"0", Cache-Control:"no-cache, no-store, max-age=0, must-revalidate", Pragma:"no-cache", Expires:"0", X-Frame-Options:"DENY"]
     Content type = application/json
             Body = {"timestamp":"2024-01-17T00:41:17.021221800Z","status":404,"error":"EntityNotFoundException","message":"Category not found","path":"/v1/products/09ef0207-2adc-487f-b063-46622970ee44/categories"}
    Forwarded URL = null
   Redirected URL = null
          Cookies = []
]]></system-out>
  </testcase>
  <testcase name="shouldInsertProductAsXmlAndReturn201WhenIsAuthenticated" classname="com.soaresdev.productorderapi.controllers.v1.ProductControllerTest" time="0.012">
    <system-out><![CDATA[
MockHttpServletRequest:
      HTTP Method = POST
      Request URI = /v1/products
       Parameters = {}
          Headers = [Content-Type:"application/xml;charset=UTF-8", Accept:"application/xml", Content-Length:"143"]
             Body = <ProductInsertDTO><name>Testing</name><description>Testing</description><price>1</price><imgUrl>https://testing.com</imgUrl></ProductInsertDTO>
    Session Attrs = {}

Handler:
             Type = com.soaresdev.productorderapi.controllers.v1.ProductController
           Method = com.soaresdev.productorderapi.controllers.v1.ProductController#insert(ProductInsertDTO)

Async:
    Async started = false
     Async result = null

Resolved Exception:
             Type = null

ModelAndView:
        View name = null
             View = null
            Model = null

FlashMap:
       Attributes = null

MockHttpServletResponse:
           Status = 201
    Error message = null
          Headers = [Vary:"Origin", "Access-Control-Request-Method", "Access-Control-Request-Headers", Location:"http://localhost/v1/products/09ef0207-2adc-487f-b063-46622970ee44", Content-Type:"application/xml", X-Content-Type-Options:"nosniff", X-XSS-Protection:"0", Cache-Control:"no-cache, no-store, max-age=0, must-revalidate", Pragma:"no-cache", Expires:"0", X-Frame-Options:"DENY"]
     Content type = application/xml
             Body = <ProductDTO><id>09ef0207-2adc-487f-b063-46622970ee44</id><name>Testing</name><description>Testing</description><price>1</price><imgUrl>https://testing.com</imgUrl><categories><categories><id>09ef0207-2adc-487f-b063-46622970ee44</id><name>Testing</name></categories></categories></ProductDTO>
    Forwarded URL = null
   Redirected URL = http://localhost/v1/products/09ef0207-2adc-487f-b063-46622970ee44
          Cookies = []
]]></system-out>
  </testcase>
  <testcase name="shouldReturn409WhenCategoryExistsInProductInAddCategoryInProductByUUID" classname="com.soaresdev.productorderapi.controllers.v1.ProductControllerTest" time="0.005">
    <system-out><![CDATA[
MockHttpServletRequest:
      HTTP Method = POST
      Request URI = /v1/products/09ef0207-2adc-487f-b063-46622970ee44/categories
       Parameters = {}
          Headers = [Content-Type:"application/json;charset=UTF-8", Content-Length:"56"]
             Body = {"category_uuid":"09ef0207-2adc-487f-b063-46622970ee44"}
    Session Attrs = {}

Handler:
             Type = com.soaresdev.productorderapi.controllers.v1.ProductController
           Method = com.soaresdev.productorderapi.controllers.v1.ProductController#addCategoryByUUID(String, ProductCategoryInsertDTO)

Async:
    Async started = false
     Async result = null

Resolved Exception:
             Type = jakarta.persistence.EntityExistsException

ModelAndView:
        View name = null
             View = null
            Model = null

FlashMap:
       Attributes = null

MockHttpServletResponse:
           Status = 409
    Error message = null
          Headers = [Vary:"Origin", "Access-Control-Request-Method", "Access-Control-Request-Headers", Content-Type:"application/json", X-Content-Type-Options:"nosniff", X-XSS-Protection:"0", Cache-Control:"no-cache, no-store, max-age=0, must-revalidate", Pragma:"no-cache", Expires:"0", X-Frame-Options:"DENY"]
     Content type = application/json
             Body = {"timestamp":"2024-01-17T00:41:17.042567200Z","status":409,"error":"EntityExistsException","message":"Category already exists in this product","path":"/v1/products/09ef0207-2adc-487f-b063-46622970ee44/categories"}
    Forwarded URL = null
   Redirected URL = null
          Cookies = []
]]></system-out>
  </testcase>
  <testcase name="shouldAddCategoryInProductByUUIDAndReturn200WhenIsAuthenticated" classname="com.soaresdev.productorderapi.controllers.v1.ProductControllerTest" time="0.005">
    <system-out><![CDATA[
MockHttpServletRequest:
      HTTP Method = POST
      Request URI = /v1/products/09ef0207-2adc-487f-b063-46622970ee44/categories
       Parameters = {}
          Headers = [Content-Type:"application/json;charset=UTF-8", Content-Length:"56"]
             Body = {"category_uuid":"09ef0207-2adc-487f-b063-46622970ee44"}
    Session Attrs = {}

Handler:
             Type = com.soaresdev.productorderapi.controllers.v1.ProductController
           Method = com.soaresdev.productorderapi.controllers.v1.ProductController#addCategoryByUUID(String, ProductCategoryInsertDTO)

Async:
    Async started = false
     Async result = null

Resolved Exception:
             Type = null

ModelAndView:
        View name = null
             View = null
            Model = null

FlashMap:
       Attributes = null

MockHttpServletResponse:
           Status = 200
    Error message = null
          Headers = [Vary:"Origin", "Access-Control-Request-Method", "Access-Control-Request-Headers", Content-Type:"application/json", X-Content-Type-Options:"nosniff", X-XSS-Protection:"0", Cache-Control:"no-cache, no-store, max-age=0, must-revalidate", Pragma:"no-cache", Expires:"0", X-Frame-Options:"DENY"]
     Content type = application/json
             Body = {"id":"09ef0207-2adc-487f-b063-46622970ee44","name":"Testing","description":"Testing","price":1,"imgUrl":"https://testing.com","categories":[{"id":"09ef0207-2adc-487f-b063-46622970ee44","name":"Testing"}]}
    Forwarded URL = null
   Redirected URL = null
          Cookies = []
]]></system-out>
  </testcase>
  <testcase name="shouldReturn404WhenIsAuthenticatedAndCategoryNotFoundInRemoveCategoryFromProductByUUID" classname="com.soaresdev.productorderapi.controllers.v1.ProductControllerTest" time="0.004">
    <system-out><![CDATA[
MockHttpServletRequest:
      HTTP Method = DELETE
      Request URI = /v1/products/09ef0207-2adc-487f-b063-46622970ee44/categories
       Parameters = {}
          Headers = [Content-Type:"application/json;charset=UTF-8", Content-Length:"56"]
             Body = {"category_uuid":"09ef0207-2adc-487f-b063-46622970ee44"}
    Session Attrs = {}

Handler:
             Type = com.soaresdev.productorderapi.controllers.v1.ProductController
           Method = com.soaresdev.productorderapi.controllers.v1.ProductController#removeCategoryByUUID(String, ProductCategoryInsertDTO)

Async:
    Async started = false
     Async result = null

Resolved Exception:
             Type = jakarta.persistence.EntityNotFoundException

ModelAndView:
        View name = null
             View = null
            Model = null

FlashMap:
       Attributes = null

MockHttpServletResponse:
           Status = 404
    Error message = null
          Headers = [Vary:"Origin", "Access-Control-Request-Method", "Access-Control-Request-Headers", Content-Type:"application/json", X-Content-Type-Options:"nosniff", X-XSS-Protection:"0", Cache-Control:"no-cache, no-store, max-age=0, must-revalidate", Pragma:"no-cache", Expires:"0", X-Frame-Options:"DENY"]
     Content type = application/json
             Body = {"timestamp":"2024-01-17T00:41:17.056865800Z","status":404,"error":"EntityNotFoundException","message":"Category not found","path":"/v1/products/09ef0207-2adc-487f-b063-46622970ee44/categories"}
    Forwarded URL = null
   Redirected URL = null
          Cookies = []
]]></system-out>
  </testcase>
  <testcase name="shouldFindAllProductsAsJsonAndReturn200WhenIsAuthenticated" classname="com.soaresdev.productorderapi.controllers.v1.ProductControllerTest" time="0.006">
    <system-out><![CDATA[
MockHttpServletRequest:
      HTTP Method = GET
      Request URI = /v1/products
       Parameters = {}
          Headers = [Accept:"application/json"]
             Body = null
    Session Attrs = {}

Handler:
             Type = com.soaresdev.productorderapi.controllers.v1.ProductController
           Method = com.soaresdev.productorderapi.controllers.v1.ProductController#findAll(Pageable)

Async:
    Async started = false
     Async result = null

Resolved Exception:
             Type = null

ModelAndView:
        View name = null
             View = null
            Model = null

FlashMap:
       Attributes = null

MockHttpServletResponse:
           Status = 200
    Error message = null
          Headers = [Vary:"Origin", "Access-Control-Request-Method", "Access-Control-Request-Headers", Content-Type:"application/json", X-Content-Type-Options:"nosniff", X-XSS-Protection:"0", Cache-Control:"no-cache, no-store, max-age=0, must-revalidate", Pragma:"no-cache", Expires:"0", X-Frame-Options:"DENY"]
     Content type = application/json
             Body = {"content":[{"id":"09ef0207-2adc-487f-b063-46622970ee44","name":"Testing","description":"Testing","price":1,"imgUrl":"https://testing.com","categories":[{"id":"09ef0207-2adc-487f-b063-46622970ee44","name":"Testing"}]}],"pageable":"INSTANCE","totalElements":1,"totalPages":1,"last":true,"size":1,"number":0,"sort":{"empty":true,"sorted":false,"unsorted":true},"numberOfElements":1,"first":true,"empty":false}
    Forwarded URL = null
   Redirected URL = null
          Cookies = []
]]></system-out>
  </testcase>
  <testcase name="shouldReturn404WhenIsAuthenticatedAndProductNotFoundInFindProductByUUID" classname="com.soaresdev.productorderapi.controllers.v1.ProductControllerTest" time="0.005">
    <system-out><![CDATA[
MockHttpServletRequest:
      HTTP Method = GET
      Request URI = /v1/products/09ef0207-2adc-487f-b063-46622970ee44
       Parameters = {}
          Headers = []
             Body = null
    Session Attrs = {}

Handler:
             Type = com.soaresdev.productorderapi.controllers.v1.ProductController
           Method = com.soaresdev.productorderapi.controllers.v1.ProductController#findByUUID(String)

Async:
    Async started = false
     Async result = null

Resolved Exception:
             Type = jakarta.persistence.EntityNotFoundException

ModelAndView:
        View name = null
             View = null
            Model = null

FlashMap:
       Attributes = null

MockHttpServletResponse:
           Status = 404
    Error message = null
          Headers = [Vary:"Origin", "Access-Control-Request-Method", "Access-Control-Request-Headers", Content-Type:"application/json", X-Content-Type-Options:"nosniff", X-XSS-Protection:"0", Cache-Control:"no-cache, no-store, max-age=0, must-revalidate", Pragma:"no-cache", Expires:"0", X-Frame-Options:"DENY"]
     Content type = application/json
             Body = {"timestamp":"2024-01-17T00:41:17.071251900Z","status":404,"error":"EntityNotFoundException","message":"Product not found","path":"/v1/products/09ef0207-2adc-487f-b063-46622970ee44"}
    Forwarded URL = null
   Redirected URL = null
          Cookies = []
]]></system-out>
  </testcase>
  <testcase name="shouldReturn404WhenIsAuthenticatedAndProductNotFoundInDeleteProductByUUID" classname="com.soaresdev.productorderapi.controllers.v1.ProductControllerTest" time="0.003">
    <system-out><![CDATA[
MockHttpServletRequest:
      HTTP Method = DELETE
      Request URI = /v1/products/09ef0207-2adc-487f-b063-46622970ee44
       Parameters = {}
          Headers = []
             Body = null
    Session Attrs = {}

Handler:
             Type = com.soaresdev.productorderapi.controllers.v1.ProductController
           Method = com.soaresdev.productorderapi.controllers.v1.ProductController#deleteByUUID(String)

Async:
    Async started = false
     Async result = null

Resolved Exception:
             Type = jakarta.persistence.EntityNotFoundException

ModelAndView:
        View name = null
             View = null
            Model = null

FlashMap:
       Attributes = null

MockHttpServletResponse:
           Status = 404
    Error message = null
          Headers = [Vary:"Origin", "Access-Control-Request-Method", "Access-Control-Request-Headers", Content-Type:"application/json", X-Content-Type-Options:"nosniff", X-XSS-Protection:"0", Cache-Control:"no-cache, no-store, max-age=0, must-revalidate", Pragma:"no-cache", Expires:"0", X-Frame-Options:"DENY"]
     Content type = application/json
             Body = {"timestamp":"2024-01-17T00:41:17.077936100Z","status":404,"error":"EntityNotFoundException","message":"Product not found","path":"/v1/products/09ef0207-2adc-487f-b063-46622970ee44"}
    Forwarded URL = null
   Redirected URL = null
          Cookies = []
]]></system-out>
  </testcase>
  <testcase name="shouldUpdateProductAsJsonByUUIDAndReturn200WhenIsAuthenticated" classname="com.soaresdev.productorderapi.controllers.v1.ProductControllerTest" time="0.006">
    <system-out><![CDATA[
MockHttpServletRequest:
      HTTP Method = PUT
      Request URI = /v1/products/09ef0207-2adc-487f-b063-46622970ee44
       Parameters = {}
          Headers = [Content-Type:"application/json;charset=UTF-8", Accept:"application/json", Content-Length:"83"]
             Body = {"name":"Testing","description":"Testing","price":1,"imgUrl":"https://testing.com"}
    Session Attrs = {}

Handler:
             Type = com.soaresdev.productorderapi.controllers.v1.ProductController
           Method = com.soaresdev.productorderapi.controllers.v1.ProductController#updateByUUID(String, ProductInsertDTO)

Async:
    Async started = false
     Async result = null

Resolved Exception:
             Type = null

ModelAndView:
        View name = null
             View = null
            Model = null

FlashMap:
       Attributes = null

MockHttpServletResponse:
           Status = 200
    Error message = null
          Headers = [Vary:"Origin", "Access-Control-Request-Method", "Access-Control-Request-Headers", Content-Type:"application/json", X-Content-Type-Options:"nosniff", X-XSS-Protection:"0", Cache-Control:"no-cache, no-store, max-age=0, must-revalidate", Pragma:"no-cache", Expires:"0", X-Frame-Options:"DENY"]
     Content type = application/json
             Body = {"id":"09ef0207-2adc-487f-b063-46622970ee44","name":"Testing","description":"Testing","price":1,"imgUrl":"https://testing.com","categories":[{"id":"09ef0207-2adc-487f-b063-46622970ee44","name":"Testing"}]}
    Forwarded URL = null
   Redirected URL = null
          Cookies = []
]]></system-out>
  </testcase>
  <testcase name="shouldReturn404WhenIsAuthenticatedAndProductNotFoundInUpdateProductByUUID" classname="com.soaresdev.productorderapi.controllers.v1.ProductControllerTest" time="0.005">
    <system-out><![CDATA[
MockHttpServletRequest:
      HTTP Method = PUT
      Request URI = /v1/products/09ef0207-2adc-487f-b063-46622970ee44
       Parameters = {}
          Headers = [Content-Type:"application/json;charset=UTF-8", Content-Length:"83"]
             Body = {"name":"Testing","description":"Testing","price":1,"imgUrl":"https://testing.com"}
    Session Attrs = {}

Handler:
             Type = com.soaresdev.productorderapi.controllers.v1.ProductController
           Method = com.soaresdev.productorderapi.controllers.v1.ProductController#updateByUUID(String, ProductInsertDTO)

Async:
    Async started = false
     Async result = null

Resolved Exception:
             Type = jakarta.persistence.EntityNotFoundException

ModelAndView:
        View name = null
             View = null
            Model = null

FlashMap:
       Attributes = null

MockHttpServletResponse:
           Status = 404
    Error message = null
          Headers = [Vary:"Origin", "Access-Control-Request-Method", "Access-Control-Request-Headers", Content-Type:"application/json", X-Content-Type-Options:"nosniff", X-XSS-Protection:"0", Cache-Control:"no-cache, no-store, max-age=0, must-revalidate", Pragma:"no-cache", Expires:"0", X-Frame-Options:"DENY"]
     Content type = application/json
             Body = {"timestamp":"2024-01-17T00:41:17.091637500Z","status":404,"error":"EntityNotFoundException","message":"Product not found","path":"/v1/products/09ef0207-2adc-487f-b063-46622970ee44"}
    Forwarded URL = null
   Redirected URL = null
          Cookies = []
]]></system-out>
  </testcase>
  <testcase name="shouldReturn404WhenIsAuthenticatedAndProductNotFoundInAddCategoryInProductByUUID" classname="com.soaresdev.productorderapi.controllers.v1.ProductControllerTest" time="0.005">
    <system-out><![CDATA[
MockHttpServletRequest:
      HTTP Method = POST
      Request URI = /v1/products/09ef0207-2adc-487f-b063-46622970ee44/categories
       Parameters = {}
          Headers = [Content-Type:"application/json;charset=UTF-8", Content-Length:"56"]
             Body = {"category_uuid":"09ef0207-2adc-487f-b063-46622970ee44"}
    Session Attrs = {}

Handler:
             Type = com.soaresdev.productorderapi.controllers.v1.ProductController
           Method = com.soaresdev.productorderapi.controllers.v1.ProductController#addCategoryByUUID(String, ProductCategoryInsertDTO)

Async:
    Async started = false
     Async result = null

Resolved Exception:
             Type = jakarta.persistence.EntityNotFoundException

ModelAndView:
        View name = null
             View = null
            Model = null

FlashMap:
       Attributes = null

MockHttpServletResponse:
           Status = 404
    Error message = null
          Headers = [Vary:"Origin", "Access-Control-Request-Method", "Access-Control-Request-Headers", Content-Type:"application/json", X-Content-Type-Options:"nosniff", X-XSS-Protection:"0", Cache-Control:"no-cache, no-store, max-age=0, must-revalidate", Pragma:"no-cache", Expires:"0", X-Frame-Options:"DENY"]
     Content type = application/json
             Body = {"timestamp":"2024-01-17T00:41:17.098673500Z","status":404,"error":"EntityNotFoundException","message":"Product not found","path":"/v1/products/09ef0207-2adc-487f-b063-46622970ee44/categories"}
    Forwarded URL = null
   Redirected URL = null
          Cookies = []
]]></system-out>
  </testcase>
  <testcase name="shouldFindAllProductsAsXmlAndReturn200WhenIsAuthenticated" classname="com.soaresdev.productorderapi.controllers.v1.ProductControllerTest" time="0.013">
    <system-out><![CDATA[
MockHttpServletRequest:
      HTTP Method = GET
      Request URI = /v1/products
       Parameters = {}
          Headers = [Accept:"application/xml"]
             Body = null
    Session Attrs = {}

Handler:
             Type = com.soaresdev.productorderapi.controllers.v1.ProductController
           Method = com.soaresdev.productorderapi.controllers.v1.ProductController#findAll(Pageable)

Async:
    Async started = false
     Async result = null

Resolved Exception:
             Type = null

ModelAndView:
        View name = null
             View = null
            Model = null

FlashMap:
       Attributes = null

MockHttpServletResponse:
           Status = 200
    Error message = null
          Headers = [Vary:"Origin", "Access-Control-Request-Method", "Access-Control-Request-Headers", Content-Type:"application/xml", X-Content-Type-Options:"nosniff", X-XSS-Protection:"0", Cache-Control:"no-cache, no-store, max-age=0, must-revalidate", Pragma:"no-cache", Expires:"0", X-Frame-Options:"DENY"]
     Content type = application/xml
             Body = <PageImpl><content><content><id>09ef0207-2adc-487f-b063-46622970ee44</id><name>Testing</name><description>Testing</description><price>1</price><imgUrl>https://testing.com</imgUrl><categories><categories><id>09ef0207-2adc-487f-b063-46622970ee44</id><name>Testing</name></categories></categories></content></content><pageable>INSTANCE</pageable><totalElements>1</totalElements><totalPages>1</totalPages><last>true</last><size>1</size><number>0</number><sort><empty>true</empty><sorted>false</sorted><unsorted>true</unsorted></sort><numberOfElements>1</numberOfElements><first>true</first><empty>false</empty></PageImpl>
    Forwarded URL = null
   Redirected URL = null
          Cookies = []
]]></system-out>
  </testcase>
  <testcase name="shouldReturn400WhenSendInvalidProductInUpdateProductByUUID" classname="com.soaresdev.productorderapi.controllers.v1.ProductControllerTest" time="0.004">
    <system-out><![CDATA[
MockHttpServletRequest:
      HTTP Method = PUT
      Request URI = /v1/products/09ef0207-2adc-487f-b063-46622970ee44
       Parameters = {}
          Headers = [Content-Type:"application/json;charset=UTF-8", Content-Length:"67"]
             Body = {"name":"-Testing","description":null,"price":0,"imgUrl":"testing"}
    Session Attrs = {}

Handler:
             Type = com.soaresdev.productorderapi.controllers.v1.ProductController
           Method = com.soaresdev.productorderapi.controllers.v1.ProductController#updateByUUID(String, ProductInsertDTO)

Async:
    Async started = false
     Async result = null

Resolved Exception:
             Type = org.springframework.web.bind.MethodArgumentNotValidException

ModelAndView:
        View name = null
             View = null
            Model = null

FlashMap:
       Attributes = null

MockHttpServletResponse:
           Status = 400
    Error message = null
          Headers = [Vary:"Origin", "Access-Control-Request-Method", "Access-Control-Request-Headers", Content-Type:"application/json", X-Content-Type-Options:"nosniff", X-XSS-Protection:"0", Cache-Control:"no-cache, no-store, max-age=0, must-revalidate", Pragma:"no-cache", Expires:"0", X-Frame-Options:"DENY"]
     Content type = application/json
             Body = {"timestamp":"2024-01-17T00:41:17.120162400Z","status":400,"errors":["description: Description can not be null","imgUrl: Invalid image url","name: Invalid name","price: Price must be greater than zero"],"path":"/v1/products/09ef0207-2adc-487f-b063-46622970ee44"}
    Forwarded URL = null
   Redirected URL = null
          Cookies = []
]]></system-out>
  </testcase>
</testsuite>