<?xml version="1.0" encoding="UTF-8"?>
<testsuite xmlns:xsi="http://www.w3.org/2001/XMLSchema-instance" xsi:noNamespaceSchemaLocation="https://maven.apache.org/surefire/maven-surefire-plugin/xsd/surefire-test-report-3.0.xsd" version="3.0" name="com.soaresdev.productorderapi.controllers.AuthControllerTest" time="3.671" tests="13" errors="0" skipped="0" failures="0">
  <properties>
[...]
</properties>
  <testcase name="shouldThrow500WhenOccursErrorInTokenCreationInRefreshToken" classname="com.soaresdev.productorderapi.controllers.AuthControllerTest" time="0.294">
    <system-out><![CDATA[21:41:10.971 [main] INFO org.springframework.test.context.support.AnnotationConfigContextLoaderUtils -- Could not detect default configuration classes for test class [com.soaresdev.productorderapi.controllers.AuthControllerTest]: AuthControllerTest does not declare any static, non-private, non-final, nested classes annotated with @Configuration.
21:41:11.185 [main] INFO org.springframework.boot.test.context.SpringBootTestContextBootstrapper -- Found @SpringBootConfiguration com.soaresdev.productorderapi.ProductOrderApiApplication for test class com.soaresdev.productorderapi.controllers.AuthControllerTest

  .   ____          _            __ _ _
 /\\ / ___'_ __ _ _(_)_ __  __ _ \ \ \ \
( ( )\___ | '_ | '_| | '_ \/ _` | \ \ \ \
 \\/  ___)| |_)| | | | | || (_| |  ) ) ) )
  '  |____| .__|_| |_|_| |_\__, | / / / /
 =========|_|==============|___/=/_/_/_/
 :: Spring Boot ::                (v3.1.0)

2024-01-16T21:41:11.984-03:00  INFO 19304 --- [           main] c.s.p.controllers.AuthControllerTest     : Starting AuthControllerTest using Java 17.0.4 with PID 19304 (started by hiago in C:\Users\hiago\OneDrive\Documentos\Programacao\Projetos JAVA\product-order-api)
2024-01-16T21:41:11.986-03:00  INFO 19304 --- [           main] c.s.p.controllers.AuthControllerTest     : The following 1 profile is active: "prod"
2024-01-16T21:41:13.532-03:00  INFO 19304 --- [           main] o.s.s.web.DefaultSecurityFilterChain     : Will secure any request with [org.springframework.security.web.session.DisableEncodeUrlFilter@15f11bfb, org.springframework.security.web.context.request.async.WebAsyncManagerIntegrationFilter@16a499d1, org.springframework.security.web.context.SecurityContextHolderFilter@14d1032a, org.springframework.security.web.header.HeaderWriterFilter@2cacd55e, org.springframework.security.web.authentication.logout.LogoutFilter@1c2b65cc, com.soaresdev.productorderapi.security.jwt.JwtTokenFilter@2bf4fa1, org.springframework.security.web.savedrequest.RequestCacheAwareFilter@b90c5a5, org.springframework.security.web.servletapi.SecurityContextHolderAwareRequestFilter@1786150f, org.springframework.security.web.authentication.AnonymousAuthenticationFilter@27210a3b, org.springframework.security.web.session.SessionManagementFilter@378c48c1, org.springframework.security.web.access.ExceptionTranslationFilter@464d5365, org.springframework.security.web.access.intercept.AuthorizationFilter@3514237f]
2024-01-16T21:41:13.819-03:00  INFO 19304 --- [           main] o.s.b.t.m.w.SpringBootMockServletContext : Initializing Spring TestDispatcherServlet ''
2024-01-16T21:41:13.820-03:00  INFO 19304 --- [           main] o.s.t.web.servlet.TestDispatcherServlet  : Initializing Servlet ''
2024-01-16T21:41:13.821-03:00  INFO 19304 --- [           main] o.s.t.web.servlet.TestDispatcherServlet  : Completed initialization in 1 ms
2024-01-16T21:41:13.847-03:00  INFO 19304 --- [           main] c.s.p.controllers.AuthControllerTest     : Started AuthControllerTest in 2.335 seconds (process running for 6.141)

MockHttpServletRequest:
      HTTP Method = PUT
      Request URI = /auth/refresh
       Parameters = {}
          Headers = [Content-Type:"application/json;charset=UTF-8", Content-Length:"66"]
             Body = {"email":"testing@gmail.com","refreshToken":"valid-refresh-token"}
    Session Attrs = {}

Handler:
             Type = com.soaresdev.productorderapi.controllers.AuthController
           Method = com.soaresdev.productorderapi.controllers.AuthController#refreshToken(RefreshDTO)

Async:
    Async started = false
     Async result = null

Resolved Exception:
             Type = com.auth0.jwt.exceptions.JWTCreationException

ModelAndView:
        View name = null
             View = null
            Model = null

FlashMap:
       Attributes = null

MockHttpServletResponse:
           Status = 500
    Error message = null
          Headers = [Vary:"Origin", "Access-Control-Request-Method", "Access-Control-Request-Headers", Content-Type:"application/json", X-Content-Type-Options:"nosniff", X-XSS-Protection:"0", Cache-Control:"no-cache, no-store, max-age=0, must-revalidate", Pragma:"no-cache", Expires:"0", X-Frame-Options:"DENY"]
     Content type = application/json
             Body = {"timestamp":"2024-01-17T00:41:14.076321800Z","status":500,"error":"JWTCreationException","message":"Error generating token","path":"/auth/refresh"}
    Forwarded URL = null
   Redirected URL = null
          Cookies = []
]]></system-out>
  </testcase>
  <testcase name="shouldRefreshTokenAsJsonAndReturn200" classname="com.soaresdev.productorderapi.controllers.AuthControllerTest" time="0.016">
    <system-out><![CDATA[
MockHttpServletRequest:
      HTTP Method = PUT
      Request URI = /auth/refresh
       Parameters = {}
          Headers = [Content-Type:"application/json;charset=UTF-8", Accept:"application/json", Content-Length:"66"]
             Body = {"email":"testing@gmail.com","refreshToken":"valid-refresh-token"}
    Session Attrs = {}

Handler:
             Type = com.soaresdev.productorderapi.controllers.AuthController
           Method = com.soaresdev.productorderapi.controllers.AuthController#refreshToken(RefreshDTO)

Async:
    Async started = false
     Async result = null

Resolved Exception:
             Type = null

ModelAndView:
        View name = null
             View = null
            Model = null

FlashMap:
       Attributes = null

MockHttpServletResponse:
           Status = 200
    Error message = null
          Headers = [Vary:"Origin", "Access-Control-Request-Method", "Access-Control-Request-Headers", Content-Type:"application/json", X-Content-Type-Options:"nosniff", X-XSS-Protection:"0", Cache-Control:"no-cache, no-store, max-age=0, must-revalidate", Pragma:"no-cache", Expires:"0", X-Frame-Options:"DENY"]
     Content type = application/json
             Body = {"email":"testing@gmail.com","authenticated":true,"creation":"2024-01-17T00:41:14.158157600Z","expiration":"2024-01-17T03:41:14.158157600Z","accessToken":"valid-access-token","refreshToken":"valid-refresh-token"}
    Forwarded URL = null
   Redirected URL = null
          Cookies = []
]]></system-out>
  </testcase>
  <testcase name="shouldReturn404WhenUserNotFoundByEmailInRefreshToken" classname="com.soaresdev.productorderapi.controllers.AuthControllerTest" time="0.009">
    <system-out><![CDATA[
MockHttpServletRequest:
      HTTP Method = PUT
      Request URI = /auth/refresh
       Parameters = {}
          Headers = [Content-Type:"application/json;charset=UTF-8", Content-Length:"66"]
             Body = {"email":"testing@gmail.com","refreshToken":"valid-refresh-token"}
    Session Attrs = {}

Handler:
             Type = com.soaresdev.productorderapi.controllers.AuthController
           Method = com.soaresdev.productorderapi.controllers.AuthController#refreshToken(RefreshDTO)

Async:
    Async started = false
     Async result = null

Resolved Exception:
             Type = jakarta.persistence.EntityNotFoundException

ModelAndView:
        View name = null
             View = null
            Model = null

FlashMap:
       Attributes = null

MockHttpServletResponse:
           Status = 404
    Error message = null
          Headers = [Vary:"Origin", "Access-Control-Request-Method", "Access-Control-Request-Headers", Content-Type:"application/json", X-Content-Type-Options:"nosniff", X-XSS-Protection:"0", Cache-Control:"no-cache, no-store, max-age=0, must-revalidate", Pragma:"no-cache", Expires:"0", X-Frame-Options:"DENY"]
     Content type = application/json
             Body = {"timestamp":"2024-01-17T00:41:14.180354800Z","status":404,"error":"EntityNotFoundException","message":"User not found","path":"/auth/refresh"}
    Forwarded URL = null
   Redirected URL = null
          Cookies = []
]]></system-out>
  </testcase>
  <testcase name="shouldLoginAsJsonAndReturn200" classname="com.soaresdev.productorderapi.controllers.AuthControllerTest" time="0.018">
    <system-out><![CDATA[
MockHttpServletRequest:
      HTTP Method = POST
      Request URI = /auth/login
       Parameters = {}
          Headers = [Content-Type:"application/json;charset=UTF-8", Accept:"application/json", Content-Length:"53"]
             Body = {"email":"testing@gmail.com","password":"testing123"}
    Session Attrs = {}

Handler:
             Type = com.soaresdev.productorderapi.controllers.AuthController
           Method = com.soaresdev.productorderapi.controllers.AuthController#login(LoginDTO)

Async:
    Async started = false
     Async result = null

Resolved Exception:
             Type = null

ModelAndView:
        View name = null
             View = null
            Model = null

FlashMap:
       Attributes = null

MockHttpServletResponse:
           Status = 200
    Error message = null
          Headers = [Vary:"Origin", "Access-Control-Request-Method", "Access-Control-Request-Headers", Content-Type:"application/json", X-Content-Type-Options:"nosniff", X-XSS-Protection:"0", Cache-Control:"no-cache, no-store, max-age=0, must-revalidate", Pragma:"no-cache", Expires:"0", X-Frame-Options:"DENY"]
     Content type = application/json
             Body = {"email":"testing@gmail.com","authenticated":true,"creation":"2024-01-17T00:41:14.188512600Z","expiration":"2024-01-17T03:41:14.188512600Z","accessToken":"valid-access-token","refreshToken":"valid-refresh-token"}
    Forwarded URL = null
   Redirected URL = null
          Cookies = []
]]></system-out>
  </testcase>
  <testcase name="shouldReturn403WhenEmailNotMatchInRefreshToken" classname="com.soaresdev.productorderapi.controllers.AuthControllerTest" time="0.007">
    <system-out><![CDATA[
MockHttpServletRequest:
      HTTP Method = PUT
      Request URI = /auth/refresh
       Parameters = {}
          Headers = [Content-Type:"application/json;charset=UTF-8", Content-Length:"66"]
             Body = {"email":"testing@gmail.com","refreshToken":"valid-refresh-token"}
    Session Attrs = {}

Handler:
             Type = com.soaresdev.productorderapi.controllers.AuthController
           Method = com.soaresdev.productorderapi.controllers.AuthController#refreshToken(RefreshDTO)

Async:
    Async started = false
     Async result = null

Resolved Exception:
             Type = org.springframework.security.authentication.AuthenticationServiceException

ModelAndView:
        View name = null
             View = null
            Model = null

FlashMap:
       Attributes = null

MockHttpServletResponse:
           Status = 403
    Error message = null
          Headers = [Vary:"Origin", "Access-Control-Request-Method", "Access-Control-Request-Headers", Content-Type:"application/json", X-Content-Type-Options:"nosniff", X-XSS-Protection:"0", Cache-Control:"no-cache, no-store, max-age=0, must-revalidate", Pragma:"no-cache", Expires:"0", X-Frame-Options:"DENY"]
     Content type = application/json
             Body = {"timestamp":"2024-01-17T00:41:14.212413900Z","status":403,"error":"AuthenticationServiceException","message":"Email not matching","path":"/auth/refresh"}
    Forwarded URL = null
   Redirected URL = null
          Cookies = []
]]></system-out>
  </testcase>
  <testcase name="shouldReturn500WhenOccursErrorInTokenDecodeInRefreshToken" classname="com.soaresdev.productorderapi.controllers.AuthControllerTest" time="0.008">
    <system-out><![CDATA[
MockHttpServletRequest:
      HTTP Method = PUT
      Request URI = /auth/refresh
       Parameters = {}
          Headers = [Content-Type:"application/json;charset=UTF-8", Content-Length:"66"]
             Body = {"email":"testing@gmail.com","refreshToken":"valid-refresh-token"}
    Session Attrs = {}

Handler:
             Type = com.soaresdev.productorderapi.controllers.AuthController
           Method = com.soaresdev.productorderapi.controllers.AuthController#refreshToken(RefreshDTO)

Async:
    Async started = false
     Async result = null

Resolved Exception:
             Type = com.auth0.jwt.exceptions.JWTDecodeException

ModelAndView:
        View name = null
             View = null
            Model = null

FlashMap:
       Attributes = null

MockHttpServletResponse:
           Status = 500
    Error message = null
          Headers = [Vary:"Origin", "Access-Control-Request-Method", "Access-Control-Request-Headers", Content-Type:"application/json", X-Content-Type-Options:"nosniff", X-XSS-Protection:"0", Cache-Control:"no-cache, no-store, max-age=0, must-revalidate", Pragma:"no-cache", Expires:"0", X-Frame-Options:"DENY"]
     Content type = application/json
             Body = {"timestamp":"2024-01-17T00:41:14.223680900Z","status":500,"error":"JWTDecodeException","message":"Error decoding token: Invalid or expired token","path":"/auth/refresh"}
    Forwarded URL = null
   Redirected URL = null
          Cookies = []
]]></system-out>
  </testcase>
  <testcase name="shouldReturn400WhenSendInvalidLoginInLogin" classname="com.soaresdev.productorderapi.controllers.AuthControllerTest" time="0.034">
    <system-out><![CDATA[
MockHttpServletRequest:
      HTTP Method = POST
      Request URI = /auth/login
       Parameters = {}
          Headers = [Content-Type:"application/json;charset=UTF-8", Content-Length:"30"]
             Body = {"email":null,"password":null}
    Session Attrs = {}

Handler:
             Type = com.soaresdev.productorderapi.controllers.AuthController
           Method = com.soaresdev.productorderapi.controllers.AuthController#login(LoginDTO)

Async:
    Async started = false
     Async result = null

Resolved Exception:
             Type = org.springframework.web.bind.MethodArgumentNotValidException

ModelAndView:
        View name = null
             View = null
            Model = null

FlashMap:
       Attributes = null

MockHttpServletResponse:
           Status = 400
    Error message = null
          Headers = [Vary:"Origin", "Access-Control-Request-Method", "Access-Control-Request-Headers", Content-Type:"application/json", X-Content-Type-Options:"nosniff", X-XSS-Protection:"0", Cache-Control:"no-cache, no-store, max-age=0, must-revalidate", Pragma:"no-cache", Expires:"0", X-Frame-Options:"DENY"]
     Content type = application/json
             Body = {"timestamp":"2024-01-17T00:41:14.250856100Z","status":400,"errors":["email: Email can not be null","password: Password can not be null"],"path":"/auth/login"}
    Forwarded URL = null
   Redirected URL = null
          Cookies = []
]]></system-out>
  </testcase>
  <testcase name="shouldReturn403WhenIsNotRefreshTokenInRefreshToken" classname="com.soaresdev.productorderapi.controllers.AuthControllerTest" time="0.009">
    <system-out><![CDATA[
MockHttpServletRequest:
      HTTP Method = PUT
      Request URI = /auth/refresh
       Parameters = {}
          Headers = [Content-Type:"application/json;charset=UTF-8", Content-Length:"66"]
             Body = {"email":"testing@gmail.com","refreshToken":"valid-refresh-token"}
    Session Attrs = {}

Handler:
             Type = com.soaresdev.productorderapi.controllers.AuthController
           Method = com.soaresdev.productorderapi.controllers.AuthController#refreshToken(RefreshDTO)

Async:
    Async started = false
     Async result = null

Resolved Exception:
             Type = com.auth0.jwt.exceptions.InvalidClaimException

ModelAndView:
        View name = null
             View = null
            Model = null

FlashMap:
       Attributes = null

MockHttpServletResponse:
           Status = 403
    Error message = null
          Headers = [Vary:"Origin", "Access-Control-Request-Method", "Access-Control-Request-Headers", Content-Type:"application/json", X-Content-Type-Options:"nosniff", X-XSS-Protection:"0", Cache-Control:"no-cache, no-store, max-age=0, must-revalidate", Pragma:"no-cache", Expires:"0", X-Frame-Options:"DENY"]
     Content type = application/json
             Body = {"timestamp":"2024-01-17T00:41:14.272173400Z","status":403,"error":"InvalidClaimException","message":"Invalid or expired token","path":"/auth/refresh"}
    Forwarded URL = null
   Redirected URL = null
          Cookies = []
]]></system-out>
  </testcase>
  <testcase name="shouldReturn401WhenLoginIsWrongInLogin" classname="com.soaresdev.productorderapi.controllers.AuthControllerTest" time="0.007">
    <system-out><![CDATA[
MockHttpServletRequest:
      HTTP Method = POST
      Request URI = /auth/login
       Parameters = {}
          Headers = [Content-Type:"application/json;charset=UTF-8", Content-Length:"53"]
             Body = {"email":"testing@gmail.com","password":"testing123"}
    Session Attrs = {}

Handler:
             Type = com.soaresdev.productorderapi.controllers.AuthController
           Method = com.soaresdev.productorderapi.controllers.AuthController#login(LoginDTO)

Async:
    Async started = false
     Async result = null

Resolved Exception:
             Type = org.springframework.security.authentication.BadCredentialsException

ModelAndView:
        View name = null
             View = null
            Model = null

FlashMap:
       Attributes = null

MockHttpServletResponse:
           Status = 401
    Error message = null
          Headers = [Vary:"Origin", "Access-Control-Request-Method", "Access-Control-Request-Headers", Content-Type:"application/json", X-Content-Type-Options:"nosniff", X-XSS-Protection:"0", Cache-Control:"no-cache, no-store, max-age=0, must-revalidate", Pragma:"no-cache", Expires:"0", X-Frame-Options:"DENY"]
     Content type = application/json
             Body = {"timestamp":"2024-01-17T00:41:14.282499700Z","status":401,"error":"BadCredentialsException","message":"Invalid email address or password","path":"/auth/login"}
    Forwarded URL = null
   Redirected URL = null
          Cookies = []
]]></system-out>
  </testcase>
  <testcase name="shouldThrow500WhenOccursErrorInTokenCreationInLogin" classname="com.soaresdev.productorderapi.controllers.AuthControllerTest" time="0.007">
    <system-out><![CDATA[
MockHttpServletRequest:
      HTTP Method = POST
      Request URI = /auth/login
       Parameters = {}
          Headers = [Content-Type:"application/json;charset=UTF-8", Content-Length:"53"]
             Body = {"email":"testing@gmail.com","password":"testing123"}
    Session Attrs = {}

Handler:
             Type = com.soaresdev.productorderapi.controllers.AuthController
           Method = com.soaresdev.productorderapi.controllers.AuthController#login(LoginDTO)

Async:
    Async started = false
     Async result = null

Resolved Exception:
             Type = com.auth0.jwt.exceptions.JWTCreationException

ModelAndView:
        View name = null
             View = null
            Model = null

FlashMap:
       Attributes = null

MockHttpServletResponse:
           Status = 500
    Error message = null
          Headers = [Vary:"Origin", "Access-Control-Request-Method", "Access-Control-Request-Headers", Content-Type:"application/json", X-Content-Type-Options:"nosniff", X-XSS-Protection:"0", Cache-Control:"no-cache, no-store, max-age=0, must-revalidate", Pragma:"no-cache", Expires:"0", X-Frame-Options:"DENY"]
     Content type = application/json
             Body = {"timestamp":"2024-01-17T00:41:14.293154800Z","status":500,"error":"JWTCreationException","message":"Error generating token","path":"/auth/login"}
    Forwarded URL = null
   Redirected URL = null
          Cookies = []
]]></system-out>
  </testcase>
  <testcase name="shouldRefreshTokenAsXmlAndReturn200" classname="com.soaresdev.productorderapi.controllers.AuthControllerTest" time="0.104">
    <system-out><![CDATA[
MockHttpServletRequest:
      HTTP Method = PUT
      Request URI = /auth/refresh
       Parameters = {}
          Headers = [Content-Type:"application/xml;charset=UTF-8", Accept:"application/xml", Content-Length:"105"]
             Body = <RefreshDTO><email>testing@gmail.com</email><refreshToken>valid-refresh-token</refreshToken></RefreshDTO>
    Session Attrs = {}

Handler:
             Type = com.soaresdev.productorderapi.controllers.AuthController
           Method = com.soaresdev.productorderapi.controllers.AuthController#refreshToken(RefreshDTO)

Async:
    Async started = false
     Async result = null

Resolved Exception:
             Type = null

ModelAndView:
        View name = null
             View = null
            Model = null

FlashMap:
       Attributes = null

MockHttpServletResponse:
           Status = 200
    Error message = null
          Headers = [Vary:"Origin", "Access-Control-Request-Method", "Access-Control-Request-Headers", Content-Type:"application/xml", X-Content-Type-Options:"nosniff", X-XSS-Protection:"0", Cache-Control:"no-cache, no-store, max-age=0, must-revalidate", Pragma:"no-cache", Expires:"0", X-Frame-Options:"DENY"]
     Content type = application/xml
             Body = <TokenDTO><email>testing@gmail.com</email><authenticated>true</authenticated><creation>2024-01-17T00:41:14.299463900Z</creation><expiration>2024-01-17T03:41:14.299463900Z</expiration><accessToken>valid-access-token</accessToken><refreshToken>valid-refresh-token</refreshToken></TokenDTO>
    Forwarded URL = null
   Redirected URL = null
          Cookies = []
]]></system-out>
  </testcase>
  <testcase name="shouldLoginAsXmlAndReturn200" classname="com.soaresdev.productorderapi.controllers.AuthControllerTest" time="0.015">
    <system-out><![CDATA[
MockHttpServletRequest:
      HTTP Method = POST
      Request URI = /auth/login
       Parameters = {}
          Headers = [Content-Type:"application/xml;charset=UTF-8", Accept:"application/xml", Content-Length:"84"]
             Body = <LoginDTO><email>testing@gmail.com</email><password>testing123</password></LoginDTO>
    Session Attrs = {}

Handler:
             Type = com.soaresdev.productorderapi.controllers.AuthController
           Method = com.soaresdev.productorderapi.controllers.AuthController#login(LoginDTO)

Async:
    Async started = false
     Async result = null

Resolved Exception:
             Type = null

ModelAndView:
        View name = null
             View = null
            Model = null

FlashMap:
       Attributes = null

MockHttpServletResponse:
           Status = 200
    Error message = null
          Headers = [Vary:"Origin", "Access-Control-Request-Method", "Access-Control-Request-Headers", Content-Type:"application/xml", X-Content-Type-Options:"nosniff", X-XSS-Protection:"0", Cache-Control:"no-cache, no-store, max-age=0, must-revalidate", Pragma:"no-cache", Expires:"0", X-Frame-Options:"DENY"]
     Content type = application/xml
             Body = <TokenDTO><email>testing@gmail.com</email><authenticated>true</authenticated><creation>2024-01-17T00:41:14.407547300Z</creation><expiration>2024-01-17T03:41:14.407547300Z</expiration><accessToken>valid-access-token</accessToken><refreshToken>valid-refresh-token</refreshToken></TokenDTO>
    Forwarded URL = null
   Redirected URL = null
          Cookies = []
]]></system-out>
  </testcase>
  <testcase name="shouldReturn400WhenSendInvalidRefreshTokenInRefreshToken" classname="com.soaresdev.productorderapi.controllers.AuthControllerTest" time="0.005">
    <system-out><![CDATA[
MockHttpServletRequest:
      HTTP Method = PUT
      Request URI = /auth/refresh
       Parameters = {}
          Headers = [Content-Type:"application/json;charset=UTF-8", Content-Length:"34"]
             Body = {"email":null,"refreshToken":null}
    Session Attrs = {}

Handler:
             Type = com.soaresdev.productorderapi.controllers.AuthController
           Method = com.soaresdev.productorderapi.controllers.AuthController#refreshToken(RefreshDTO)

Async:
    Async started = false
     Async result = null

Resolved Exception:
             Type = org.springframework.web.bind.MethodArgumentNotValidException

ModelAndView:
        View name = null
             View = null
            Model = null

FlashMap:
       Attributes = null

MockHttpServletResponse:
           Status = 400
    Error message = null
          Headers = [Vary:"Origin", "Access-Control-Request-Method", "Access-Control-Request-Headers", Content-Type:"application/json", X-Content-Type-Options:"nosniff", X-XSS-Protection:"0", Cache-Control:"no-cache, no-store, max-age=0, must-revalidate", Pragma:"no-cache", Expires:"0", X-Frame-Options:"DENY"]
     Content type = application/json
             Body = {"timestamp":"2024-01-17T00:41:14.427376700Z","status":400,"errors":["email: Email can not be null","refreshToken: Refresh token can not be null"],"path":"/auth/refresh"}
    Forwarded URL = null
   Redirected URL = null
          Cookies = []
]]></system-out>
  </testcase>
</testsuite>