<?xml version="1.0" encoding="UTF-8"?>
<testsuite xmlns:xsi="http://www.w3.org/2001/XMLSchema-instance" xsi:noNamespaceSchemaLocation="https://maven.apache.org/surefire/maven-surefire-plugin/xsd/surefire-test-report-3.0.xsd" version="3.0" name="com.soaresdev.productorderapi.controllers.v1.PaymentControllerTest" time="0.487" tests="25" errors="0" skipped="0" failures="0">
  <properties>
[...]
</properties>
  <testcase name="shouldFindAllPaymentsAsJsonAndReturn200WhenIsAuthenticated" classname="com.soaresdev.productorderapi.controllers.v1.PaymentControllerTest" time="0.012">
    <system-out><![CDATA[2024-01-16T21:41:16.110-03:00  INFO 19304 --- [           main] t.c.s.AnnotationConfigContextLoaderUtils : Could not detect default configuration classes for test class [com.soaresdev.productorderapi.controllers.v1.PaymentControllerTest]: PaymentControllerTest does not declare any static, non-private, non-final, nested classes annotated with @Configuration.
2024-01-16T21:41:16.113-03:00  INFO 19304 --- [           main] .b.t.c.SpringBootTestContextBootstrapper : Found @SpringBootConfiguration com.soaresdev.productorderapi.ProductOrderApiApplication for test class com.soaresdev.productorderapi.controllers.v1.PaymentControllerTest

  .   ____          _            __ _ _
 /\\ / ___'_ __ _ _(_)_ __  __ _ \ \ \ \
( ( )\___ | '_ | '_| | '_ \/ _` | \ \ \ \
 \\/  ___)| |_)| | | | | || (_| |  ) ) ) )
  '  |____| .__|_| |_|_| |_\__, | / / / /
 =========|_|==============|___/=/_/_/_/
 :: Spring Boot ::                (v3.1.0)

2024-01-16T21:41:16.136-03:00  INFO 19304 --- [           main] c.s.p.c.v1.PaymentControllerTest         : Starting PaymentControllerTest using Java 17.0.4 with PID 19304 (started by hiago in C:\Users\hiago\OneDrive\Documentos\Programacao\Projetos JAVA\product-order-api)
2024-01-16T21:41:16.137-03:00  INFO 19304 --- [           main] c.s.p.c.v1.PaymentControllerTest         : The following 1 profile is active: "prod"
2024-01-16T21:41:16.353-03:00  INFO 19304 --- [           main] o.s.s.web.DefaultSecurityFilterChain     : Will secure any request with [org.springframework.security.web.session.DisableEncodeUrlFilter@5a90ea5c, org.springframework.security.web.context.request.async.WebAsyncManagerIntegrationFilter@537e52de, org.springframework.security.web.context.SecurityContextHolderFilter@5623fd90, org.springframework.security.web.header.HeaderWriterFilter@44ad3c5e, org.springframework.security.web.authentication.logout.LogoutFilter@16c3e494, com.soaresdev.productorderapi.security.jwt.JwtTokenFilter@59eff566, org.springframework.security.web.savedrequest.RequestCacheAwareFilter@4842a683, org.springframework.security.web.servletapi.SecurityContextHolderAwareRequestFilter@65a03c19, org.springframework.security.web.authentication.AnonymousAuthenticationFilter@1277a6a1, org.springframework.security.web.session.SessionManagementFilter@64cbc28e, org.springframework.security.web.access.ExceptionTranslationFilter@7dcc6679, org.springframework.security.web.access.intercept.AuthorizationFilter@2f4c83f1]
2024-01-16T21:41:16.390-03:00  INFO 19304 --- [           main] o.s.b.t.m.w.SpringBootMockServletContext : Initializing Spring TestDispatcherServlet ''
2024-01-16T21:41:16.390-03:00  INFO 19304 --- [           main] o.s.t.web.servlet.TestDispatcherServlet  : Initializing Servlet ''
2024-01-16T21:41:16.390-03:00  INFO 19304 --- [           main] o.s.t.web.servlet.TestDispatcherServlet  : Completed initialization in 0 ms
2024-01-16T21:41:16.394-03:00  INFO 19304 --- [           main] c.s.p.c.v1.PaymentControllerTest         : Started PaymentControllerTest in 0.276 seconds (process running for 8.687)

MockHttpServletRequest:
      HTTP Method = GET
      Request URI = /v1/payments
       Parameters = {}
          Headers = [Accept:"application/json"]
             Body = null
    Session Attrs = {}

Handler:
             Type = com.soaresdev.productorderapi.controllers.v1.PaymentController
           Method = com.soaresdev.productorderapi.controllers.v1.PaymentController#findAll(Pageable)

Async:
    Async started = false
     Async result = null

Resolved Exception:
             Type = null

ModelAndView:
        View name = null
             View = null
            Model = null

FlashMap:
       Attributes = null

MockHttpServletResponse:
           Status = 200
    Error message = null
          Headers = [Vary:"Origin", "Access-Control-Request-Method", "Access-Control-Request-Headers", Content-Type:"application/json", X-Content-Type-Options:"nosniff", X-XSS-Protection:"0", Cache-Control:"no-cache, no-store, max-age=0, must-revalidate", Pragma:"no-cache", Expires:"0", X-Frame-Options:"DENY"]
     Content type = application/json
             Body = {"content":[{"id":"42c06ac7-d8e8-4ccc-a051-6ad9638eafaf","order_id":"42c06ac7-d8e8-4ccc-a051-6ad9638eafaf","moment":"2024-01-17T00:41:16.396339800Z","paymentType":"PIX","amount":1}],"pageable":"INSTANCE","totalElements":1,"totalPages":1,"last":true,"size":1,"number":0,"sort":{"empty":true,"sorted":false,"unsorted":true},"numberOfElements":1,"first":true,"empty":false}
    Forwarded URL = null
   Redirected URL = null
          Cookies = []
]]></system-out>
  </testcase>
  <testcase name="shouldReturn403WhenNotAdminOrManagerAndDifferentUsersInInsertPayment" classname="com.soaresdev.productorderapi.controllers.v1.PaymentControllerTest" time="0.011">
    <system-out><![CDATA[
MockHttpServletRequest:
      HTTP Method = POST
      Request URI = /v1/payments
       Parameters = {}
          Headers = [Content-Type:"application/json;charset=UTF-8", Content-Length:"71"]
             Body = {"paymentType":"PIX","order_id":"42c06ac7-d8e8-4ccc-a051-6ad9638eafaf"}
    Session Attrs = {}

Handler:
             Type = com.soaresdev.productorderapi.controllers.v1.PaymentController
           Method = com.soaresdev.productorderapi.controllers.v1.PaymentController#insert(PaymentInsertDTO)

Async:
    Async started = false
     Async result = null

Resolved Exception:
             Type = org.springframework.security.access.AccessDeniedException

ModelAndView:
        View name = null
             View = null
            Model = null

FlashMap:
       Attributes = null

MockHttpServletResponse:
           Status = 403
    Error message = null
          Headers = [Vary:"Origin", "Access-Control-Request-Method", "Access-Control-Request-Headers", Content-Type:"application/json", X-Content-Type-Options:"nosniff", X-XSS-Protection:"0", Cache-Control:"no-cache, no-store, max-age=0, must-revalidate", Pragma:"no-cache", Expires:"0", X-Frame-Options:"DENY"]
     Content type = application/json
             Body = {"timestamp":"2024-01-17T00:41:16.416272300Z","status":403,"error":"AccessDeniedException","message":"Access denied","path":"/v1/payments"}
    Forwarded URL = null
   Redirected URL = null
          Cookies = []
]]></system-out>
  </testcase>
  <testcase name="shouldReturn403WhenIsNotAuthenticatedInFindAllPayments" classname="com.soaresdev.productorderapi.controllers.v1.PaymentControllerTest" time="0.003">
    <system-out><![CDATA[
MockHttpServletRequest:
      HTTP Method = GET
      Request URI = /v1/payments
       Parameters = {}
          Headers = []
             Body = null
    Session Attrs = {}

Handler:
             Type = null

Async:
    Async started = false
     Async result = null

Resolved Exception:
             Type = null

ModelAndView:
        View name = null
             View = null
            Model = null

FlashMap:
       Attributes = null

MockHttpServletResponse:
           Status = 403
    Error message = Access Denied
          Headers = [X-Content-Type-Options:"nosniff", X-XSS-Protection:"0", Cache-Control:"no-cache, no-store, max-age=0, must-revalidate", Pragma:"no-cache", Expires:"0", X-Frame-Options:"DENY"]
     Content type = null
             Body = 
    Forwarded URL = null
   Redirected URL = null
          Cookies = []
]]></system-out>
  </testcase>
  <testcase name="shouldReturn400WhenSendInvalidPaymentInInsertPayment" classname="com.soaresdev.productorderapi.controllers.v1.PaymentControllerTest" time="0.005">
    <system-out><![CDATA[
MockHttpServletRequest:
      HTTP Method = POST
      Request URI = /v1/payments
       Parameters = {}
          Headers = [Content-Type:"application/json;charset=UTF-8", Content-Length:"46"]
             Body = {"paymentType":null,"order_id":"invalid-uuid"}
    Session Attrs = {}

Handler:
             Type = com.soaresdev.productorderapi.controllers.v1.PaymentController
           Method = com.soaresdev.productorderapi.controllers.v1.PaymentController#insert(PaymentInsertDTO)

Async:
    Async started = false
     Async result = null

Resolved Exception:
             Type = org.springframework.web.bind.MethodArgumentNotValidException

ModelAndView:
        View name = null
             View = null
            Model = null

FlashMap:
       Attributes = null

MockHttpServletResponse:
           Status = 400
    Error message = null
          Headers = [Vary:"Origin", "Access-Control-Request-Method", "Access-Control-Request-Headers", Content-Type:"application/json", X-Content-Type-Options:"nosniff", X-XSS-Protection:"0", Cache-Control:"no-cache, no-store, max-age=0, must-revalidate", Pragma:"no-cache", Expires:"0", X-Frame-Options:"DENY"]
     Content type = application/json
             Body = {"timestamp":"2024-01-17T00:41:16.427812300Z","status":400,"errors":["order_id: Invalid order uuid","paymentType: Payment type can not be null"],"path":"/v1/payments"}
    Forwarded URL = null
   Redirected URL = null
          Cookies = []
]]></system-out>
  </testcase>
  <testcase name="shouldReturn403WhenIsNotAuthenticatedInDeletePaymentByUUID" classname="com.soaresdev.productorderapi.controllers.v1.PaymentControllerTest" time="0.002">
    <system-out><![CDATA[
MockHttpServletRequest:
      HTTP Method = DELETE
      Request URI = /v1/payments/42c06ac7-d8e8-4ccc-a051-6ad9638eafaf
       Parameters = {}
          Headers = []
             Body = null
    Session Attrs = {}

Handler:
             Type = null

Async:
    Async started = false
     Async result = null

Resolved Exception:
             Type = null

ModelAndView:
        View name = null
             View = null
            Model = null

FlashMap:
       Attributes = null

MockHttpServletResponse:
           Status = 403
    Error message = Access Denied
          Headers = [X-Content-Type-Options:"nosniff", X-XSS-Protection:"0", Cache-Control:"no-cache, no-store, max-age=0, must-revalidate", Pragma:"no-cache", Expires:"0", X-Frame-Options:"DENY"]
     Content type = null
             Body = 
    Forwarded URL = null
   Redirected URL = null
          Cookies = []
]]></system-out>
  </testcase>
  <testcase name="shouldReturn404WhenIsAuthenticatedAndPaymentOrderNotFoundInUpdatePaymentByUUID" classname="com.soaresdev.productorderapi.controllers.v1.PaymentControllerTest" time="0.005">
    <system-out><![CDATA[
MockHttpServletRequest:
      HTTP Method = PUT
      Request URI = /v1/payments/42c06ac7-d8e8-4ccc-a051-6ad9638eafaf
       Parameters = {}
          Headers = [Content-Type:"application/json;charset=UTF-8", Content-Length:"71"]
             Body = {"paymentType":"PIX","order_id":"42c06ac7-d8e8-4ccc-a051-6ad9638eafaf"}
    Session Attrs = {}

Handler:
             Type = com.soaresdev.productorderapi.controllers.v1.PaymentController
           Method = com.soaresdev.productorderapi.controllers.v1.PaymentController#updateByUUID(String, PaymentInsertDTO)

Async:
    Async started = false
     Async result = null

Resolved Exception:
             Type = jakarta.persistence.EntityNotFoundException

ModelAndView:
        View name = null
             View = null
            Model = null

FlashMap:
       Attributes = null

MockHttpServletResponse:
           Status = 404
    Error message = null
          Headers = [Vary:"Origin", "Access-Control-Request-Method", "Access-Control-Request-Headers", Content-Type:"application/json", X-Content-Type-Options:"nosniff", X-XSS-Protection:"0", Cache-Control:"no-cache, no-store, max-age=0, must-revalidate", Pragma:"no-cache", Expires:"0", X-Frame-Options:"DENY"]
     Content type = application/json
             Body = {"timestamp":"2024-01-17T00:41:16.441074500Z","status":404,"error":"EntityNotFoundException","message":"Order not found","path":"/v1/payments/42c06ac7-d8e8-4ccc-a051-6ad9638eafaf"}
    Forwarded URL = null
   Redirected URL = null
          Cookies = []
]]></system-out>
  </testcase>
  <testcase name="shouldFindAllPaymentsAsXmlAndReturn200WhenIsAuthenticated" classname="com.soaresdev.productorderapi.controllers.v1.PaymentControllerTest" time="0.015">
    <system-out><![CDATA[
MockHttpServletRequest:
      HTTP Method = GET
      Request URI = /v1/payments
       Parameters = {}
          Headers = [Accept:"application/xml"]
             Body = null
    Session Attrs = {}

Handler:
             Type = com.soaresdev.productorderapi.controllers.v1.PaymentController
           Method = com.soaresdev.productorderapi.controllers.v1.PaymentController#findAll(Pageable)

Async:
    Async started = false
     Async result = null

Resolved Exception:
             Type = null

ModelAndView:
        View name = null
             View = null
            Model = null

FlashMap:
       Attributes = null

MockHttpServletResponse:
           Status = 200
    Error message = null
          Headers = [Vary:"Origin", "Access-Control-Request-Method", "Access-Control-Request-Headers", Content-Type:"application/xml", X-Content-Type-Options:"nosniff", X-XSS-Protection:"0", Cache-Control:"no-cache, no-store, max-age=0, must-revalidate", Pragma:"no-cache", Expires:"0", X-Frame-Options:"DENY"]
     Content type = application/xml
             Body = <PageImpl><content><content><id>42c06ac7-d8e8-4ccc-a051-6ad9638eafaf</id><order_id>42c06ac7-d8e8-4ccc-a051-6ad9638eafaf</order_id><moment>2024-01-17T00:41:16.445740700Z</moment><paymentType>PIX</paymentType><amount>1</amount></content></content><pageable>INSTANCE</pageable><totalElements>1</totalElements><totalPages>1</totalPages><last>true</last><size>1</size><number>0</number><sort><empty>true</empty><sorted>false</sorted><unsorted>true</unsorted></sort><numberOfElements>1</numberOfElements><first>true</first><empty>false</empty></PageImpl>
    Forwarded URL = null
   Redirected URL = null
          Cookies = []
]]></system-out>
  </testcase>
  <testcase name="shouldReturn403WhenIsNotAuthenticatedInUpdatePaymentByUUID" classname="com.soaresdev.productorderapi.controllers.v1.PaymentControllerTest" time="0.002">
    <system-out><![CDATA[
MockHttpServletRequest:
      HTTP Method = PUT
      Request URI = /v1/payments/42c06ac7-d8e8-4ccc-a051-6ad9638eafaf
       Parameters = {}
          Headers = [Content-Type:"application/json;charset=UTF-8", Content-Length:"71"]
             Body = {"paymentType":"PIX","order_id":"42c06ac7-d8e8-4ccc-a051-6ad9638eafaf"}
    Session Attrs = {}

Handler:
             Type = null

Async:
    Async started = false
     Async result = null

Resolved Exception:
             Type = null

ModelAndView:
        View name = null
             View = null
            Model = null

FlashMap:
       Attributes = null

MockHttpServletResponse:
           Status = 403
    Error message = Access Denied
          Headers = [X-Content-Type-Options:"nosniff", X-XSS-Protection:"0", Cache-Control:"no-cache, no-store, max-age=0, must-revalidate", Pragma:"no-cache", Expires:"0", X-Frame-Options:"DENY"]
     Content type = null
             Body = 
    Forwarded URL = null
   Redirected URL = null
          Cookies = []
]]></system-out>
  </testcase>
  <testcase name="shouldReturn404WhenIsAuthenticatedAndPaymentNotFoundInDeletePaymentByUUID" classname="com.soaresdev.productorderapi.controllers.v1.PaymentControllerTest" time="0.005">
    <system-out><![CDATA[
MockHttpServletRequest:
      HTTP Method = DELETE
      Request URI = /v1/payments/42c06ac7-d8e8-4ccc-a051-6ad9638eafaf
       Parameters = {}
          Headers = []
             Body = null
    Session Attrs = {}

Handler:
             Type = com.soaresdev.productorderapi.controllers.v1.PaymentController
           Method = com.soaresdev.productorderapi.controllers.v1.PaymentController#deleteByUUID(String)

Async:
    Async started = false
     Async result = null

Resolved Exception:
             Type = jakarta.persistence.EntityNotFoundException

ModelAndView:
        View name = null
             View = null
            Model = null

FlashMap:
       Attributes = null

MockHttpServletResponse:
           Status = 404
    Error message = null
          Headers = [Vary:"Origin", "Access-Control-Request-Method", "Access-Control-Request-Headers", Content-Type:"application/json", X-Content-Type-Options:"nosniff", X-XSS-Protection:"0", Cache-Control:"no-cache, no-store, max-age=0, must-revalidate", Pragma:"no-cache", Expires:"0", X-Frame-Options:"DENY"]
     Content type = application/json
             Body = {"timestamp":"2024-01-17T00:41:16.469228800Z","status":404,"error":"EntityNotFoundException","message":"Payment not found","path":"/v1/payments/42c06ac7-d8e8-4ccc-a051-6ad9638eafaf"}
    Forwarded URL = null
   Redirected URL = null
          Cookies = []
]]></system-out>
  </testcase>
  <testcase name="shouldReturn404WhenIsAuthenticatedAndPaymentNotFoundInFindPaymentByUUID" classname="com.soaresdev.productorderapi.controllers.v1.PaymentControllerTest" time="0.005">
    <system-out><![CDATA[
MockHttpServletRequest:
      HTTP Method = GET
      Request URI = /v1/payments/42c06ac7-d8e8-4ccc-a051-6ad9638eafaf
       Parameters = {}
          Headers = []
             Body = null
    Session Attrs = {}

Handler:
             Type = com.soaresdev.productorderapi.controllers.v1.PaymentController
           Method = com.soaresdev.productorderapi.controllers.v1.PaymentController#findByUUID(String)

Async:
    Async started = false
     Async result = null

Resolved Exception:
             Type = jakarta.persistence.EntityNotFoundException

ModelAndView:
        View name = null
             View = null
            Model = null

FlashMap:
       Attributes = null

MockHttpServletResponse:
           Status = 404
    Error message = null
          Headers = [Vary:"Origin", "Access-Control-Request-Method", "Access-Control-Request-Headers", Content-Type:"application/json", X-Content-Type-Options:"nosniff", X-XSS-Protection:"0", Cache-Control:"no-cache, no-store, max-age=0, must-revalidate", Pragma:"no-cache", Expires:"0", X-Frame-Options:"DENY"]
     Content type = application/json
             Body = {"timestamp":"2024-01-17T00:41:16.475779500Z","status":404,"error":"EntityNotFoundException","message":"Payment not found","path":"/v1/payments/42c06ac7-d8e8-4ccc-a051-6ad9638eafaf"}
    Forwarded URL = null
   Redirected URL = null
          Cookies = []
]]></system-out>
  </testcase>
  <testcase name="shouldFindPaymentByUUIDAsXmlAndReturn200WhenIsAuthenticated" classname="com.soaresdev.productorderapi.controllers.v1.PaymentControllerTest" time="0.009">
    <system-out><![CDATA[
MockHttpServletRequest:
      HTTP Method = GET
      Request URI = /v1/payments/42c06ac7-d8e8-4ccc-a051-6ad9638eafaf
       Parameters = {}
          Headers = [Accept:"application/xml"]
             Body = null
    Session Attrs = {}

Handler:
             Type = com.soaresdev.productorderapi.controllers.v1.PaymentController
           Method = com.soaresdev.productorderapi.controllers.v1.PaymentController#findByUUID(String)

Async:
    Async started = false
     Async result = null

Resolved Exception:
             Type = null

ModelAndView:
        View name = null
             View = null
            Model = null

FlashMap:
       Attributes = null

MockHttpServletResponse:
           Status = 200
    Error message = null
          Headers = [Vary:"Origin", "Access-Control-Request-Method", "Access-Control-Request-Headers", Content-Type:"application/xml", X-Content-Type-Options:"nosniff", X-XSS-Protection:"0", Cache-Control:"no-cache, no-store, max-age=0, must-revalidate", Pragma:"no-cache", Expires:"0", X-Frame-Options:"DENY"]
     Content type = application/xml
             Body = <PaymentDTO><id>42c06ac7-d8e8-4ccc-a051-6ad9638eafaf</id><order_id>42c06ac7-d8e8-4ccc-a051-6ad9638eafaf</order_id><moment>2024-01-17T00:41:16.480878800Z</moment><paymentType>PIX</paymentType><amount>1</amount></PaymentDTO>
    Forwarded URL = null
   Redirected URL = null
          Cookies = []
]]></system-out>
  </testcase>
  <testcase name="shouldUpdatePaymentAsJsonByUUIDAndReturn200WhenIsAuthenticated" classname="com.soaresdev.productorderapi.controllers.v1.PaymentControllerTest" time="0.004">
    <system-out><![CDATA[
MockHttpServletRequest:
      HTTP Method = PUT
      Request URI = /v1/payments/42c06ac7-d8e8-4ccc-a051-6ad9638eafaf
       Parameters = {}
          Headers = [Content-Type:"application/json;charset=UTF-8", Accept:"application/json", Content-Length:"71"]
             Body = {"paymentType":"PIX","order_id":"42c06ac7-d8e8-4ccc-a051-6ad9638eafaf"}
    Session Attrs = {}

Handler:
             Type = com.soaresdev.productorderapi.controllers.v1.PaymentController
           Method = com.soaresdev.productorderapi.controllers.v1.PaymentController#updateByUUID(String, PaymentInsertDTO)

Async:
    Async started = false
     Async result = null

Resolved Exception:
             Type = null

ModelAndView:
        View name = null
             View = null
            Model = null

FlashMap:
       Attributes = null

MockHttpServletResponse:
           Status = 200
    Error message = null
          Headers = [Vary:"Origin", "Access-Control-Request-Method", "Access-Control-Request-Headers", Content-Type:"application/json", X-Content-Type-Options:"nosniff", X-XSS-Protection:"0", Cache-Control:"no-cache, no-store, max-age=0, must-revalidate", Pragma:"no-cache", Expires:"0", X-Frame-Options:"DENY"]
     Content type = application/json
             Body = {"id":"42c06ac7-d8e8-4ccc-a051-6ad9638eafaf","order_id":"42c06ac7-d8e8-4ccc-a051-6ad9638eafaf","moment":"2024-01-17T00:41:16.491835200Z","paymentType":"PIX","amount":1}
    Forwarded URL = null
   Redirected URL = null
          Cookies = []
]]></system-out>
  </testcase>
  <testcase name="shouldReturn403WhenAlreadyPaidInUpdatePaymentByUUID" classname="com.soaresdev.productorderapi.controllers.v1.PaymentControllerTest" time="0.004">
    <system-out><![CDATA[
MockHttpServletRequest:
      HTTP Method = PUT
      Request URI = /v1/payments/42c06ac7-d8e8-4ccc-a051-6ad9638eafaf
       Parameters = {}
          Headers = [Content-Type:"application/json;charset=UTF-8", Content-Length:"71"]
             Body = {"paymentType":"PIX","order_id":"42c06ac7-d8e8-4ccc-a051-6ad9638eafaf"}
    Session Attrs = {}

Handler:
             Type = com.soaresdev.productorderapi.controllers.v1.PaymentController
           Method = com.soaresdev.productorderapi.controllers.v1.PaymentController#updateByUUID(String, PaymentInsertDTO)

Async:
    Async started = false
     Async result = null

Resolved Exception:
             Type = com.soaresdev.productorderapi.exceptions.AlreadyPaidException

ModelAndView:
        View name = null
             View = null
            Model = null

FlashMap:
       Attributes = null

MockHttpServletResponse:
           Status = 403
    Error message = null
          Headers = [Vary:"Origin", "Access-Control-Request-Method", "Access-Control-Request-Headers", Content-Type:"application/json", X-Content-Type-Options:"nosniff", X-XSS-Protection:"0", Cache-Control:"no-cache, no-store, max-age=0, must-revalidate", Pragma:"no-cache", Expires:"0", X-Frame-Options:"DENY"]
     Content type = application/json
             Body = {"timestamp":"2024-01-17T00:41:16.499424700Z","status":403,"error":"AlreadyPaidException","message":"Order already paid","path":"/v1/payments/42c06ac7-d8e8-4ccc-a051-6ad9638eafaf"}
    Forwarded URL = null
   Redirected URL = null
          Cookies = []
]]></system-out>
  </testcase>
  <testcase name="shouldReturn404WhenIsAuthenticatedAndPaymentNotFoundInUpdatePaymentByUUID" classname="com.soaresdev.productorderapi.controllers.v1.PaymentControllerTest" time="0.007">
    <system-out><![CDATA[
MockHttpServletRequest:
      HTTP Method = PUT
      Request URI = /v1/payments/42c06ac7-d8e8-4ccc-a051-6ad9638eafaf
       Parameters = {}
          Headers = [Content-Type:"application/json;charset=UTF-8", Content-Length:"71"]
             Body = {"paymentType":"PIX","order_id":"42c06ac7-d8e8-4ccc-a051-6ad9638eafaf"}
    Session Attrs = {}

Handler:
             Type = com.soaresdev.productorderapi.controllers.v1.PaymentController
           Method = com.soaresdev.productorderapi.controllers.v1.PaymentController#updateByUUID(String, PaymentInsertDTO)

Async:
    Async started = false
     Async result = null

Resolved Exception:
             Type = jakarta.persistence.EntityNotFoundException

ModelAndView:
        View name = null
             View = null
            Model = null

FlashMap:
       Attributes = null

MockHttpServletResponse:
           Status = 404
    Error message = null
          Headers = [Vary:"Origin", "Access-Control-Request-Method", "Access-Control-Request-Headers", Content-Type:"application/json", X-Content-Type-Options:"nosniff", X-XSS-Protection:"0", Cache-Control:"no-cache, no-store, max-age=0, must-revalidate", Pragma:"no-cache", Expires:"0", X-Frame-Options:"DENY"]
     Content type = application/json
             Body = {"timestamp":"2024-01-17T00:41:16.507678100Z","status":404,"error":"EntityNotFoundException","message":"Payment not found","path":"/v1/payments/42c06ac7-d8e8-4ccc-a051-6ad9638eafaf"}
    Forwarded URL = null
   Redirected URL = null
          Cookies = []
]]></system-out>
  </testcase>
  <testcase name="shouldInsertPaymentAsXmlAndReturn201WhenIsAuthenticated" classname="com.soaresdev.productorderapi.controllers.v1.PaymentControllerTest" time="0.012">
    <system-out><![CDATA[
MockHttpServletRequest:
      HTTP Method = POST
      Request URI = /v1/payments
       Parameters = {}
          Headers = [Content-Type:"application/xml;charset=UTF-8", Accept:"application/xml", Content-Length:"124"]
             Body = <PaymentInsertDTO><paymentType>PIX</paymentType><order_id>42c06ac7-d8e8-4ccc-a051-6ad9638eafaf</order_id></PaymentInsertDTO>
    Session Attrs = {}

Handler:
             Type = com.soaresdev.productorderapi.controllers.v1.PaymentController
           Method = com.soaresdev.productorderapi.controllers.v1.PaymentController#insert(PaymentInsertDTO)

Async:
    Async started = false
     Async result = null

Resolved Exception:
             Type = null

ModelAndView:
        View name = null
             View = null
            Model = null

FlashMap:
       Attributes = null

MockHttpServletResponse:
           Status = 201
    Error message = null
          Headers = [Vary:"Origin", "Access-Control-Request-Method", "Access-Control-Request-Headers", Location:"http://localhost/v1/payments/42c06ac7-d8e8-4ccc-a051-6ad9638eafaf", Content-Type:"application/xml", X-Content-Type-Options:"nosniff", X-XSS-Protection:"0", Cache-Control:"no-cache, no-store, max-age=0, must-revalidate", Pragma:"no-cache", Expires:"0", X-Frame-Options:"DENY"]
     Content type = application/xml
             Body = <PaymentDTO><id>42c06ac7-d8e8-4ccc-a051-6ad9638eafaf</id><order_id>42c06ac7-d8e8-4ccc-a051-6ad9638eafaf</order_id><moment>2024-01-17T00:41:16.512855300Z</moment><paymentType>PIX</paymentType><amount>1</amount></PaymentDTO>
    Forwarded URL = null
   Redirected URL = http://localhost/v1/payments/42c06ac7-d8e8-4ccc-a051-6ad9638eafaf
          Cookies = []
]]></system-out>
  </testcase>
  <testcase name="shouldReturn400WhenSendInvalidPaymentInUpdatePaymentByUUID" classname="com.soaresdev.productorderapi.controllers.v1.PaymentControllerTest" time="0.006">
    <system-out><![CDATA[
MockHttpServletRequest:
      HTTP Method = PUT
      Request URI = /v1/payments/42c06ac7-d8e8-4ccc-a051-6ad9638eafaf
       Parameters = {}
          Headers = [Content-Type:"application/json;charset=UTF-8", Content-Length:"46"]
             Body = {"paymentType":null,"order_id":"invalid-uuid"}
    Session Attrs = {}

Handler:
             Type = com.soaresdev.productorderapi.controllers.v1.PaymentController
           Method = com.soaresdev.productorderapi.controllers.v1.PaymentController#updateByUUID(String, PaymentInsertDTO)

Async:
    Async started = false
     Async result = null

Resolved Exception:
             Type = org.springframework.web.bind.MethodArgumentNotValidException

ModelAndView:
        View name = null
             View = null
            Model = null

FlashMap:
       Attributes = null

MockHttpServletResponse:
           Status = 400
    Error message = null
          Headers = [Vary:"Origin", "Access-Control-Request-Method", "Access-Control-Request-Headers", Content-Type:"application/json", X-Content-Type-Options:"nosniff", X-XSS-Protection:"0", Cache-Control:"no-cache, no-store, max-age=0, must-revalidate", Pragma:"no-cache", Expires:"0", X-Frame-Options:"DENY"]
     Content type = application/json
             Body = {"timestamp":"2024-01-17T00:41:16.529287300Z","status":400,"errors":["order_id: Invalid order uuid","paymentType: Payment type can not be null"],"path":"/v1/payments/42c06ac7-d8e8-4ccc-a051-6ad9638eafaf"}
    Forwarded URL = null
   Redirected URL = null
          Cookies = []
]]></system-out>
  </testcase>
  <testcase name="shouldReturn403WhenIsNotAuthenticatedInFindPaymentByUUID" classname="com.soaresdev.productorderapi.controllers.v1.PaymentControllerTest" time="0.003">
    <system-out><![CDATA[
MockHttpServletRequest:
      HTTP Method = GET
      Request URI = /v1/payments/42c06ac7-d8e8-4ccc-a051-6ad9638eafaf
       Parameters = {}
          Headers = []
             Body = null
    Session Attrs = {}

Handler:
             Type = null

Async:
    Async started = false
     Async result = null

Resolved Exception:
             Type = null

ModelAndView:
        View name = null
             View = null
            Model = null

FlashMap:
       Attributes = null

MockHttpServletResponse:
           Status = 403
    Error message = Access Denied
          Headers = [X-Content-Type-Options:"nosniff", X-XSS-Protection:"0", Cache-Control:"no-cache, no-store, max-age=0, must-revalidate", Pragma:"no-cache", Expires:"0", X-Frame-Options:"DENY"]
     Content type = null
             Body = 
    Forwarded URL = null
   Redirected URL = null
          Cookies = []
]]></system-out>
  </testcase>
  <testcase name="shouldDeletePaymentByUUIDAndReturn204WhenIsAuthenticated" classname="com.soaresdev.productorderapi.controllers.v1.PaymentControllerTest" time="0.005">
    <system-out><![CDATA[
MockHttpServletRequest:
      HTTP Method = DELETE
      Request URI = /v1/payments/42c06ac7-d8e8-4ccc-a051-6ad9638eafaf
       Parameters = {}
          Headers = []
             Body = null
    Session Attrs = {}

Handler:
             Type = com.soaresdev.productorderapi.controllers.v1.PaymentController
           Method = com.soaresdev.productorderapi.controllers.v1.PaymentController#deleteByUUID(String)

Async:
    Async started = false
     Async result = null

Resolved Exception:
             Type = null

ModelAndView:
        View name = null
             View = null
            Model = null

FlashMap:
       Attributes = null

MockHttpServletResponse:
           Status = 204
    Error message = null
          Headers = [Vary:"Origin", "Access-Control-Request-Method", "Access-Control-Request-Headers", X-Content-Type-Options:"nosniff", X-XSS-Protection:"0", Cache-Control:"no-cache, no-store, max-age=0, must-revalidate", Pragma:"no-cache", Expires:"0", X-Frame-Options:"DENY"]
     Content type = null
             Body = 
    Forwarded URL = null
   Redirected URL = null
          Cookies = []
]]></system-out>
  </testcase>
  <testcase name="shouldUpdatePaymentAsXmlByUUIDAndReturn200WhenIsAuthenticated" classname="com.soaresdev.productorderapi.controllers.v1.PaymentControllerTest" time="0.011">
    <system-out><![CDATA[
MockHttpServletRequest:
      HTTP Method = PUT
      Request URI = /v1/payments/42c06ac7-d8e8-4ccc-a051-6ad9638eafaf
       Parameters = {}
          Headers = [Content-Type:"application/xml;charset=UTF-8", Accept:"application/xml", Content-Length:"124"]
             Body = <PaymentInsertDTO><paymentType>PIX</paymentType><order_id>42c06ac7-d8e8-4ccc-a051-6ad9638eafaf</order_id></PaymentInsertDTO>
    Session Attrs = {}

Handler:
             Type = com.soaresdev.productorderapi.controllers.v1.PaymentController
           Method = com.soaresdev.productorderapi.controllers.v1.PaymentController#updateByUUID(String, PaymentInsertDTO)

Async:
    Async started = false
     Async result = null

Resolved Exception:
             Type = null

ModelAndView:
        View name = null
             View = null
            Model = null

FlashMap:
       Attributes = null

MockHttpServletResponse:
           Status = 200
    Error message = null
          Headers = [Vary:"Origin", "Access-Control-Request-Method", "Access-Control-Request-Headers", Content-Type:"application/xml", X-Content-Type-Options:"nosniff", X-XSS-Protection:"0", Cache-Control:"no-cache, no-store, max-age=0, must-revalidate", Pragma:"no-cache", Expires:"0", X-Frame-Options:"DENY"]
     Content type = application/xml
             Body = <PaymentDTO><id>42c06ac7-d8e8-4ccc-a051-6ad9638eafaf</id><order_id>42c06ac7-d8e8-4ccc-a051-6ad9638eafaf</order_id><moment>2024-01-17T00:41:16.545397400Z</moment><paymentType>PIX</paymentType><amount>1</amount></PaymentDTO>
    Forwarded URL = null
   Redirected URL = null
          Cookies = []
]]></system-out>
  </testcase>
  <testcase name="shouldInsertPaymentAsJsonAndReturn201WhenIsAuthenticated" classname="com.soaresdev.productorderapi.controllers.v1.PaymentControllerTest" time="0.005">
    <system-out><![CDATA[
MockHttpServletRequest:
      HTTP Method = POST
      Request URI = /v1/payments
       Parameters = {}
          Headers = [Content-Type:"application/json;charset=UTF-8", Accept:"application/json", Content-Length:"71"]
             Body = {"paymentType":"PIX","order_id":"42c06ac7-d8e8-4ccc-a051-6ad9638eafaf"}
    Session Attrs = {}

Handler:
             Type = com.soaresdev.productorderapi.controllers.v1.PaymentController
           Method = com.soaresdev.productorderapi.controllers.v1.PaymentController#insert(PaymentInsertDTO)

Async:
    Async started = false
     Async result = null

Resolved Exception:
             Type = null

ModelAndView:
        View name = null
             View = null
            Model = null

FlashMap:
       Attributes = null

MockHttpServletResponse:
           Status = 201
    Error message = null
          Headers = [Vary:"Origin", "Access-Control-Request-Method", "Access-Control-Request-Headers", Location:"http://localhost/v1/payments/42c06ac7-d8e8-4ccc-a051-6ad9638eafaf", Content-Type:"application/json", X-Content-Type-Options:"nosniff", X-XSS-Protection:"0", Cache-Control:"no-cache, no-store, max-age=0, must-revalidate", Pragma:"no-cache", Expires:"0", X-Frame-Options:"DENY"]
     Content type = application/json
             Body = {"id":"42c06ac7-d8e8-4ccc-a051-6ad9638eafaf","order_id":"42c06ac7-d8e8-4ccc-a051-6ad9638eafaf","moment":"2024-01-17T00:41:16.558091800Z","paymentType":"PIX","amount":1}
    Forwarded URL = null
   Redirected URL = http://localhost/v1/payments/42c06ac7-d8e8-4ccc-a051-6ad9638eafaf
          Cookies = []
]]></system-out>
  </testcase>
  <testcase name="shouldReturn403WhenNotAdminOrManagerAndDifferentUsersInFindPaymentByUUID" classname="com.soaresdev.productorderapi.controllers.v1.PaymentControllerTest" time="0.004">
    <system-out><![CDATA[
MockHttpServletRequest:
      HTTP Method = GET
      Request URI = /v1/payments/42c06ac7-d8e8-4ccc-a051-6ad9638eafaf
       Parameters = {}
          Headers = []
             Body = null
    Session Attrs = {}

Handler:
             Type = com.soaresdev.productorderapi.controllers.v1.PaymentController
           Method = com.soaresdev.productorderapi.controllers.v1.PaymentController#findByUUID(String)

Async:
    Async started = false
     Async result = null

Resolved Exception:
             Type = org.springframework.security.access.AccessDeniedException

ModelAndView:
        View name = null
             View = null
            Model = null

FlashMap:
       Attributes = null

MockHttpServletResponse:
           Status = 403
    Error message = null
          Headers = [Vary:"Origin", "Access-Control-Request-Method", "Access-Control-Request-Headers", Content-Type:"application/json", X-Content-Type-Options:"nosniff", X-XSS-Protection:"0", Cache-Control:"no-cache, no-store, max-age=0, must-revalidate", Pragma:"no-cache", Expires:"0", X-Frame-Options:"DENY"]
     Content type = application/json
             Body = {"timestamp":"2024-01-17T00:41:16.566096200Z","status":403,"error":"AccessDeniedException","message":"Access denied","path":"/v1/payments/42c06ac7-d8e8-4ccc-a051-6ad9638eafaf"}
    Forwarded URL = null
   Redirected URL = null
          Cookies = []
]]></system-out>
  </testcase>
  <testcase name="shouldFindPaymentByUUIDAsJsonAndReturn200WhenIsAuthenticated" classname="com.soaresdev.productorderapi.controllers.v1.PaymentControllerTest" time="0.005">
    <system-out><![CDATA[
MockHttpServletRequest:
      HTTP Method = GET
      Request URI = /v1/payments/42c06ac7-d8e8-4ccc-a051-6ad9638eafaf
       Parameters = {}
          Headers = [Accept:"application/json"]
             Body = null
    Session Attrs = {}

Handler:
             Type = com.soaresdev.productorderapi.controllers.v1.PaymentController
           Method = com.soaresdev.productorderapi.controllers.v1.PaymentController#findByUUID(String)

Async:
    Async started = false
     Async result = null

Resolved Exception:
             Type = null

ModelAndView:
        View name = null
             View = null
            Model = null

FlashMap:
       Attributes = null

MockHttpServletResponse:
           Status = 200
    Error message = null
          Headers = [Vary:"Origin", "Access-Control-Request-Method", "Access-Control-Request-Headers", Content-Type:"application/json", X-Content-Type-Options:"nosniff", X-XSS-Protection:"0", Cache-Control:"no-cache, no-store, max-age=0, must-revalidate", Pragma:"no-cache", Expires:"0", X-Frame-Options:"DENY"]
     Content type = application/json
             Body = {"id":"42c06ac7-d8e8-4ccc-a051-6ad9638eafaf","order_id":"42c06ac7-d8e8-4ccc-a051-6ad9638eafaf","moment":"2024-01-17T00:41:16.572515600Z","paymentType":"PIX","amount":1}
    Forwarded URL = null
   Redirected URL = null
          Cookies = []
]]></system-out>
  </testcase>
  <testcase name="shouldReturn403WhenAlreadyPaidInInsertPayment" classname="com.soaresdev.productorderapi.controllers.v1.PaymentControllerTest" time="0.006">
    <system-out><![CDATA[
MockHttpServletRequest:
      HTTP Method = POST
      Request URI = /v1/payments
       Parameters = {}
          Headers = [Content-Type:"application/json;charset=UTF-8", Content-Length:"71"]
             Body = {"paymentType":"PIX","order_id":"42c06ac7-d8e8-4ccc-a051-6ad9638eafaf"}
    Session Attrs = {}

Handler:
             Type = com.soaresdev.productorderapi.controllers.v1.PaymentController
           Method = com.soaresdev.productorderapi.controllers.v1.PaymentController#insert(PaymentInsertDTO)

Async:
    Async started = false
     Async result = null

Resolved Exception:
             Type = com.soaresdev.productorderapi.exceptions.AlreadyPaidException

ModelAndView:
        View name = null
             View = null
            Model = null

FlashMap:
       Attributes = null

MockHttpServletResponse:
           Status = 403
    Error message = null
          Headers = [Vary:"Origin", "Access-Control-Request-Method", "Access-Control-Request-Headers", Content-Type:"application/json", X-Content-Type-Options:"nosniff", X-XSS-Protection:"0", Cache-Control:"no-cache, no-store, max-age=0, must-revalidate", Pragma:"no-cache", Expires:"0", X-Frame-Options:"DENY"]
     Content type = application/json
             Body = {"timestamp":"2024-01-17T00:41:16.581081600Z","status":403,"error":"AlreadyPaidException","message":"Order already paid","path":"/v1/payments"}
    Forwarded URL = null
   Redirected URL = null
          Cookies = []
]]></system-out>
  </testcase>
  <testcase name="shouldReturn403WhenIsNotAuthenticatedInInsertPayment" classname="com.soaresdev.productorderapi.controllers.v1.PaymentControllerTest" time="0.002">
    <system-out><![CDATA[
MockHttpServletRequest:
      HTTP Method = POST
      Request URI = /v1/payments
       Parameters = {}
          Headers = [Content-Type:"application/json;charset=UTF-8", Content-Length:"71"]
             Body = {"paymentType":"PIX","order_id":"42c06ac7-d8e8-4ccc-a051-6ad9638eafaf"}
    Session Attrs = {}

Handler:
             Type = null

Async:
    Async started = false
     Async result = null

Resolved Exception:
             Type = null

ModelAndView:
        View name = null
             View = null
            Model = null

FlashMap:
       Attributes = null

MockHttpServletResponse:
           Status = 403
    Error message = Access Denied
          Headers = [X-Content-Type-Options:"nosniff", X-XSS-Protection:"0", Cache-Control:"no-cache, no-store, max-age=0, must-revalidate", Pragma:"no-cache", Expires:"0", X-Frame-Options:"DENY"]
     Content type = null
             Body = 
    Forwarded URL = null
   Redirected URL = null
          Cookies = []
]]></system-out>
  </testcase>
  <testcase name="shouldReturn404WhenIsAuthenticatedAndPaymentOrderNotFoundInInsertPayment" classname="com.soaresdev.productorderapi.controllers.v1.PaymentControllerTest" time="0.005">
    <system-out><![CDATA[
MockHttpServletRequest:
      HTTP Method = POST
      Request URI = /v1/payments
       Parameters = {}
          Headers = [Content-Type:"application/json;charset=UTF-8", Content-Length:"71"]
             Body = {"paymentType":"PIX","order_id":"42c06ac7-d8e8-4ccc-a051-6ad9638eafaf"}
    Session Attrs = {}

Handler:
             Type = com.soaresdev.productorderapi.controllers.v1.PaymentController
           Method = com.soaresdev.productorderapi.controllers.v1.PaymentController#insert(PaymentInsertDTO)

Async:
    Async started = false
     Async result = null

Resolved Exception:
             Type = jakarta.persistence.EntityNotFoundException

ModelAndView:
        View name = null
             View = null
            Model = null

FlashMap:
       Attributes = null

MockHttpServletResponse:
           Status = 404
    Error message = null
          Headers = [Vary:"Origin", "Access-Control-Request-Method", "Access-Control-Request-Headers", Content-Type:"application/json", X-Content-Type-Options:"nosniff", X-XSS-Protection:"0", Cache-Control:"no-cache, no-store, max-age=0, must-revalidate", Pragma:"no-cache", Expires:"0", X-Frame-Options:"DENY"]
     Content type = application/json
             Body = {"timestamp":"2024-01-17T00:41:16.592806700Z","status":404,"error":"EntityNotFoundException","message":"Order not found","path":"/v1/payments"}
    Forwarded URL = null
   Redirected URL = null
          Cookies = []
]]></system-out>
  </testcase>
</testsuite>